2024-10-23T10:54:51.418 [restartedMain] INFO c.e.h.SeventeenApplication - Starting SeventeenApplication using Java 17.0.11 with PID 126848 (C:\factory\ws_sts4_4240\repo_seventeen\seventeen\bin\main started by User in C:\factory\ws_sts4_4240\repo_seventeen\seventeen) 
2024-10-23T10:54:51.420 [restartedMain] INFO c.e.h.SeventeenApplication - No active profile set, falling back to 1 default profile: "default" 
2024-10-23T10:54:51.487 [restartedMain] INFO o.s.b.d.e.DevToolsPropertyDefaultsPostProcessor - Devtools property defaults active! Set 'spring.devtools.add-properties' to 'false' to disable 
2024-10-23T10:54:51.488 [restartedMain] INFO o.s.b.d.e.DevToolsPropertyDefaultsPostProcessor - For additional web related logging consider setting the 'logging.level.web' property to 'DEBUG' 
2024-10-23T10:54:52.638 [restartedMain] INFO o.s.b.w.e.t.TomcatWebServer - Tomcat initialized with port 8090 (http) 
2024-10-23T10:54:52.650 [restartedMain] INFO o.a.c.h.Http11NioProtocol - Initializing ProtocolHandler ["http-nio-8090"] 
2024-10-23T10:54:52.654 [restartedMain] INFO o.a.c.c.StandardService - Starting service [Tomcat] 
2024-10-23T10:54:52.655 [restartedMain] INFO o.a.c.c.StandardEngine - Starting Servlet engine: [Apache Tomcat/10.1.28] 
2024-10-23T10:54:52.714 [restartedMain] INFO o.a.c.c.C.[.[.[/] - Initializing Spring embedded WebApplicationContext 
2024-10-23T10:54:52.715 [restartedMain] INFO o.s.b.w.s.c.ServletWebServerApplicationContext - Root WebApplicationContext: initialization completed in 1226 ms 
2024-10-23T10:54:53.026 [restartedMain] INFO c.z.h.HikariDataSource - HikariPool-1 - Starting... 
2024-10-23T10:54:53.374 [restartedMain] INFO c.z.h.p.HikariPool - HikariPool-1 - Added connection net.sf.log4jdbc.sql.jdbcapi.ConnectionSpy@2f75178e 
2024-10-23T10:54:53.376 [restartedMain] INFO c.z.h.HikariDataSource - HikariPool-1 - Start completed. 
2024-10-23T10:54:53.411 [restartedMain] DEBUG j.sqltiming -  com.zaxxer.hikari.pool.ProxyPreparedStatement.execute(ProxyPreparedStatement.java:44)
1. SELECT 
			ifcdSeq
			, ifcdName
			, codegroup_seq
		FROM
			code
		WHERE 1=1
			AND ifcdDelny = 0
		    AND ifcdUseNy = 1
 {executed in 14 msec} 
2024-10-23T10:54:53.966 [restartedMain] WARN o.s.b.d.a.OptionalLiveReloadServer - Unable to start LiveReload server 
2024-10-23T10:54:53.982 [restartedMain] INFO o.a.c.h.Http11NioProtocol - Starting ProtocolHandler ["http-nio-8090"] 
2024-10-23T10:54:54.004 [restartedMain] INFO o.s.b.w.e.t.TomcatWebServer - Tomcat started on port 8090 (http) with context path '/' 
2024-10-23T10:54:54.013 [restartedMain] INFO c.e.h.SeventeenApplication - Started SeventeenApplication in 3.014 seconds (process running for 4.233) 
2024-10-23T10:56:07.894 [http-nio-8090-exec-1] INFO o.a.c.c.C.[.[.[/] - Initializing Spring DispatcherServlet 'dispatcherServlet' 
2024-10-23T10:56:07.898 [http-nio-8090-exec-1] INFO o.s.w.s.DispatcherServlet - Initializing Servlet 'dispatcherServlet' 
2024-10-23T10:56:07.902 [http-nio-8090-exec-1] INFO o.s.w.s.DispatcherServlet - Completed initialization in 4 ms 
2024-10-23T10:56:15.091 [http-nio-8090-exec-7] DEBUG j.sqltiming -  com.zaxxer.hikari.pool.ProxyPreparedStatement.execute(ProxyPreparedStatement.java:44)
1. SELECT COUNT(*)

        FROM 
			seventeen.information a
		WHERE 1=1
 {executed in 80 msec} 
2024-10-23T10:56:15.095 [http-nio-8090-exec-7] DEBUG j.sqltiming -  com.zaxxer.hikari.pool.ProxyPreparedStatement.execute(ProxyPreparedStatement.java:44)
1. SELECT aa.* FROM (
	   SELECT
	   a.seq 
	   ,a.name
	   ,a.adress
	   ,a.telNumber

        FROM 
			seventeen.information a
		WHERE 1=1

			ORDER BY
			 a.seq desc
        ) aa limit 5 offset 0
 {executed in 1 msec} 
2024-10-23T10:56:19.594 [http-nio-8090-exec-5] DEBUG j.sqltiming -  com.zaxxer.hikari.pool.ProxyPreparedStatement.execute(ProxyPreparedStatement.java:44)
1. SELECT
	  	a.seq
	   ,a.name
	   ,a.adress
	   ,a.telNumber
	  FROM
		seventeen.information a
	  WHERE 1=1
			AND	a.seq = '1'
 {executed in 4 msec} 
