2024-09-19T17:00:01.472 [http-nio-8090-exec-4] DEBUG j.sqltiming -  com.zaxxer.hikari.pool.ProxyPreparedStatement.execute(ProxyPreparedStatement.java:44)
654. INSERT INTO member(
	  		name
			,id
			,nickname
			,delny
			,ordere
			,email
			,phonenumber
            ,adress 
            ,regdate 
            ,gender 
            ,password 
			,desce 
			,UseNy
            ,modDate

      )VALUES(
            ''
			,''
			,''
			,NULL
			,1
			,''
			,''
            ,''
            ,now()
            ,'1' 
            ,NULL 
			,NULL
			,1
            ,now()
            )
 {executed in 52 msec} 
2024-09-19T17:00:01.541 [http-nio-8090-exec-6] DEBUG j.sqltiming -  com.zaxxer.hikari.pool.ProxyPreparedStatement.execute(ProxyPreparedStatement.java:44)
654. SELECT
			a.seq
			,a.name
			,a.id
			,a.nickname
			,a.delny
			,a.ordere
			,a.email
			,a.phonenumber
            ,a.adress 
            ,a.regdate 
            ,a.gender 
            ,a.password 
			,a.desce 
			,a.UseNy
            ,a.modDate
        FROM 
			seventeen.member a
		 WHERE 1=1

		ORDER BY
			a.seq desc
 {executed in 5 msec} 
2024-09-19T17:01:29.245 [http-nio-8090-exec-6] DEBUG j.sqltiming -  com.zaxxer.hikari.pool.ProxyPreparedStatement.execute(ProxyPreparedStatement.java:44)
654. INSERT INTO member(
	  		name
			,id
			,nickname
			,delny
			,ordere
			,email
			,phonenumber
            ,adress 
            ,regdate 
            ,gender 
            ,password 
			,desce 
			,UseNy
            ,modDate

      )VALUES(
            ''
			,''
			,''
			,NULL
			,1
			,''
			,''
            ,''
            ,now()
            ,'1' 
            ,NULL 
			,NULL
			,1
            ,now()
            )
 {executed in 6 msec} 
2024-09-19T17:01:29.285 [http-nio-8090-exec-9] DEBUG j.sqltiming -  com.zaxxer.hikari.pool.ProxyPreparedStatement.execute(ProxyPreparedStatement.java:44)
654. SELECT
			a.seq
			,a.name
			,a.id
			,a.nickname
			,a.delny
			,a.ordere
			,a.email
			,a.phonenumber
            ,a.adress 
            ,a.regdate 
            ,a.gender 
            ,a.password 
			,a.desce 
			,a.UseNy
            ,a.modDate
        FROM 
			seventeen.member a
		 WHERE 1=1

		ORDER BY
			a.seq desc
 {executed in 0 msec} 
2024-09-19T17:01:45.018 [http-nio-8090-exec-6] DEBUG j.sqltiming -  com.zaxxer.hikari.pool.ProxyPreparedStatement.execute(ProxyPreparedStatement.java:44)
654. INSERT INTO member(
	  		name
			,id
			,nickname
			,delny
			,ordere
			,email
			,phonenumber
            ,adress 
            ,regdate 
            ,gender 
            ,password 
			,desce 
			,UseNy
            ,modDate

      )VALUES(
            ''
			,''
			,''
			,NULL
			,1
			,''
			,''
            ,''
            ,now()
            ,'1' 
            ,NULL 
			,NULL
			,1
            ,now()
            )
 {executed in 8 msec} 
2024-09-19T17:01:45.025 [http-nio-8090-exec-8] DEBUG j.sqltiming -  com.zaxxer.hikari.pool.ProxyPreparedStatement.execute(ProxyPreparedStatement.java:44)
654. SELECT
			a.seq
			,a.name
			,a.id
			,a.nickname
			,a.delny
			,a.ordere
			,a.email
			,a.phonenumber
            ,a.adress 
            ,a.regdate 
            ,a.gender 
            ,a.password 
			,a.desce 
			,a.UseNy
            ,a.modDate
        FROM 
			seventeen.member a
		 WHERE 1=1

		ORDER BY
			a.seq desc
 {executed in 0 msec} 
2024-09-19T17:02:04.291 [http-nio-8090-exec-8] DEBUG j.sqltiming -  com.zaxxer.hikari.pool.ProxyPreparedStatement.execute(ProxyPreparedStatement.java:44)
654. INSERT INTO member(
	  		name
			,id
			,nickname
			,delny
			,ordere
			,email
			,phonenumber
            ,adress 
            ,regdate 
            ,gender 
            ,password 
			,desce 
			,UseNy
            ,modDate

      )VALUES(
            ''
			,''
			,''
			,NULL
			,1
			,''
			,''
            ,''
            ,now()
            ,'1' 
            ,NULL 
			,NULL
			,1
            ,now()
            )
 {executed in 2 msec} 
2024-09-19T17:02:04.307 [http-nio-8090-exec-1] DEBUG j.sqltiming -  com.zaxxer.hikari.pool.ProxyPreparedStatement.execute(ProxyPreparedStatement.java:44)
654. SELECT
			a.seq
			,a.name
			,a.id
			,a.nickname
			,a.delny
			,a.ordere
			,a.email
			,a.phonenumber
            ,a.adress 
            ,a.regdate 
            ,a.gender 
            ,a.password 
			,a.desce 
			,a.UseNy
            ,a.modDate
        FROM 
			seventeen.member a
		 WHERE 1=1

		ORDER BY
			a.seq desc
 {executed in 0 msec} 
2024-09-19T17:02:54.017 [http-nio-8090-exec-9] DEBUG j.sqltiming -  com.zaxxer.hikari.pool.ProxyPreparedStatement.execute(ProxyPreparedStatement.java:44)
654. INSERT INTO member(
	  		name
			,id
			,nickname
			,delny
			,ordere
			,email
			,phonenumber
            ,adress 
            ,regdate 
            ,gender 
            ,password 
			,desce 
			,UseNy
            ,modDate

      )VALUES(
            ''
			,''
			,''
			,NULL
			,1
			,''
			,''
            ,''
            ,now()
            ,'1' 
            ,NULL 
			,NULL
			,1
            ,now()
            )
 {executed in 7 msec} 
2024-09-19T17:02:54.023 [http-nio-8090-exec-7] DEBUG j.sqltiming -  com.zaxxer.hikari.pool.ProxyPreparedStatement.execute(ProxyPreparedStatement.java:44)
654. SELECT
			a.seq
			,a.name
			,a.id
			,a.nickname
			,a.delny
			,a.ordere
			,a.email
			,a.phonenumber
            ,a.adress 
            ,a.regdate 
            ,a.gender 
            ,a.password 
			,a.desce 
			,a.UseNy
            ,a.modDate
        FROM 
			seventeen.member a
		 WHERE 1=1

		ORDER BY
			a.seq desc
 {executed in 2 msec} 
2024-09-19T17:18:09.290 [http-nio-8090-exec-2] DEBUG j.sqltiming -  com.zaxxer.hikari.pool.ProxyPreparedStatement.execute(ProxyPreparedStatement.java:44)
654. SELECT
			a.seq
			,a.name
			,a.id
			,a.nickname
			,a.delny
			,a.ordere
			,a.email
			,a.phonenumber
            ,a.adress 
            ,a.regdate 
            ,a.gender 
            ,a.password 
			,a.desce 
			,a.UseNy
            ,a.modDate
        FROM 
			seventeen.member a
		 WHERE 1=1

		ORDER BY
			a.seq desc
 {executed in 57 msec} 
2024-09-19T17:25:28.669 [http-nio-8090-exec-1] DEBUG j.sqltiming -  com.zaxxer.hikari.pool.ProxyPreparedStatement.execute(ProxyPreparedStatement.java:44)
654. SELECT
			a.seq
			,a.name
			,a.id
			,a.nickname
			,a.delny
			,a.ordere
			,a.email
			,a.phonenumber
            ,a.adress 
            ,a.regdate 
            ,a.gender 
            ,a.password 
			,a.desce 
			,a.UseNy
            ,a.modDate
        FROM 
			seventeen.member a
		 WHERE 1=1

		ORDER BY
			a.seq desc
 {executed in 46 msec} 
