2024-10-10T15:06:27.501 [http-nio-8090-exec-1] DEBUG j.sqltiming -  com.zaxxer.hikari.pool.ProxyPreparedStatement.execute(ProxyPreparedStatement.java:44)
1214. SELECT
	   a.name
	   ,a.adress
	   ,a.telNumber
	FROM
		seventeen.information a
 {executed in 5 msec} 
2024-10-10T15:14:00.497 [File Watcher] INFO o.s.b.d.a.LocalDevToolsAutoConfiguration$RestartingClassPathChangeChangedEventListener - Restarting due to 1 class path change (0 additions, 0 deletions, 1 modification) 
2024-10-10T15:14:00.758 [Thread-368] INFO o.a.c.h.Http11NioProtocol - Stopping ProtocolHandler ["http-nio-8090"] 
2024-10-10T15:14:04.321 [Thread-368] INFO c.z.h.HikariDataSource - HikariPool-89 - Shutdown initiated... 
2024-10-10T15:14:04.365 [Thread-368] INFO c.z.h.HikariDataSource - HikariPool-89 - Shutdown completed. 
2024-10-10T15:14:04.792 [restartedMain] INFO c.e.h.SeventeenApplication - Starting SeventeenApplication using Java 17.0.11 with PID 79868 (C:\factory\ws_sts4_4240\repo_seventeen\seventeen\bin\main started by User in C:\factory\ws_sts4_4240\repo_seventeen\seventeen) 
2024-10-10T15:14:04.793 [restartedMain] INFO c.e.h.SeventeenApplication - No active profile set, falling back to 1 default profile: "default" 
2024-10-10T15:14:06.934 [restartedMain] INFO o.s.b.w.e.t.TomcatWebServer - Tomcat initialized with port 8090 (http) 
2024-10-10T15:14:06.936 [restartedMain] INFO o.a.c.h.Http11NioProtocol - Initializing ProtocolHandler ["http-nio-8090"] 
2024-10-10T15:14:06.936 [restartedMain] INFO o.a.c.c.StandardService - Starting service [Tomcat] 
2024-10-10T15:14:06.936 [restartedMain] INFO o.a.c.c.StandardEngine - Starting Servlet engine: [Apache Tomcat/10.1.28] 
2024-10-10T15:14:06.964 [restartedMain] INFO o.a.c.c.C.[.[.[/] - Initializing Spring embedded WebApplicationContext 
2024-10-10T15:14:06.964 [restartedMain] INFO o.s.b.w.s.c.ServletWebServerApplicationContext - Root WebApplicationContext: initialization completed in 2166 ms 
2024-10-10T15:14:07.123 [restartedMain] INFO c.z.h.HikariDataSource - HikariPool-90 - Starting... 
2024-10-10T15:14:07.138 [restartedMain] INFO c.z.h.p.HikariPool - HikariPool-90 - Added connection net.sf.log4jdbc.sql.jdbcapi.ConnectionSpy@4aaf6215 
2024-10-10T15:14:07.139 [restartedMain] INFO c.z.h.HikariDataSource - HikariPool-90 - Start completed. 
2024-10-10T15:14:07.147 [restartedMain] DEBUG j.sqltiming -  com.zaxxer.hikari.pool.ProxyPreparedStatement.execute(ProxyPreparedStatement.java:44)
1234. SELECT 
			ifcdSeq
			, ifcdName
			, codegroup_seq
		FROM
			code
		WHERE 1=1
			AND ifcdDelny = 0
		    AND ifcdUseNy = 1
 {executed in 7 msec} 
2024-10-10T15:14:07.768 [restartedMain] INFO o.s.b.d.a.OptionalLiveReloadServer - LiveReload server is running on port 35729 
2024-10-10T15:14:07.781 [restartedMain] INFO o.a.c.h.Http11NioProtocol - Starting ProtocolHandler ["http-nio-8090"] 
2024-10-10T15:14:07.786 [restartedMain] INFO o.s.b.w.e.t.TomcatWebServer - Tomcat started on port 8090 (http) with context path '/' 
2024-10-10T15:14:07.793 [restartedMain] INFO c.e.h.SeventeenApplication - Started SeventeenApplication in 3.06 seconds (process running for 538361.689) 
2024-10-10T15:14:07.795 [restartedMain] INFO o.s.b.d.a.ConditionEvaluationDeltaLoggingListener - Condition evaluation unchanged 
2024-10-10T15:16:07.204 [http-nio-8090-exec-1] INFO o.a.c.c.C.[.[.[/] - Initializing Spring DispatcherServlet 'dispatcherServlet' 
2024-10-10T15:16:07.205 [http-nio-8090-exec-1] INFO o.s.w.s.DispatcherServlet - Initializing Servlet 'dispatcherServlet' 
2024-10-10T15:16:07.206 [http-nio-8090-exec-1] INFO o.s.w.s.DispatcherServlet - Completed initialization in 1 ms 
2024-10-10T15:16:09.675 [http-nio-8090-exec-1] DEBUG j.sqltiming -  com.zaxxer.hikari.pool.ProxyPreparedStatement.execute(ProxyPreparedStatement.java:44)
1234. SELECT COUNT(*)

        FROM 
			seventeen.codegroup a
		WHERE 1=1
 {executed in 2439 msec} 
2024-10-10T15:16:09.692 [http-nio-8090-exec-1] DEBUG j.sqltiming -  com.zaxxer.hikari.pool.ProxyPreparedStatement.execute(ProxyPreparedStatement.java:44)
1234. SELECT aa.* FROM (
	   SELECT
			a.ifcgSeq
			,a.ifcgName
			,a.ifcgUseNy
			,a.ifcgOrder
			,a.ifcgDesc
			,a.ifcgDelNy
			,a.ifcgRegDate
			,a.ifcgRenDate
			,(SELECT count(ifcdSeq) FROM code AS ab where 1=1 AND ab.codegroup_seq = a.ifcgSeq) as xcount

        FROM 
			seventeen.codegroup a
		WHERE 1=1

			ORDER BY
			   a.ifcgSeq desc
        ) aa limit 5 offset 0
 {executed in 14 msec} 
