2024-09-16T14:54:09.754 [http-nio-8090-exec-5] INFO o.a.c.c.C.[.[.[/] - Initializing Spring DispatcherServlet 'dispatcherServlet' 
2024-09-16T14:54:09.788 [http-nio-8090-exec-5] INFO o.s.w.s.DispatcherServlet - Initializing Servlet 'dispatcherServlet' 
2024-09-16T14:54:09.841 [http-nio-8090-exec-5] INFO o.s.w.s.DispatcherServlet - Completed initialization in 52 ms 
2024-09-16T14:54:11.647 [http-nio-8090-exec-10] INFO c.z.h.HikariDataSource - HikariPool-20 - Starting... 
2024-09-16T14:54:11.825 [http-nio-8090-exec-10] INFO c.z.h.p.HikariPool - HikariPool-20 - Added connection net.sf.log4jdbc.sql.jdbcapi.ConnectionSpy@67991afd 
2024-09-16T14:54:11.833 [http-nio-8090-exec-10] INFO c.z.h.HikariDataSource - HikariPool-20 - Start completed. 
2024-09-16T14:54:11.865 [http-nio-8090-exec-10] DEBUG j.sqltiming -  com.zaxxer.hikari.pool.ProxyPreparedStatement.execute(ProxyPreparedStatement.java:44)
344. SELECT
			a.ifcgSeq
			,a.ifcgName
			,a.ifcgUseNy
			,a.ifcgOrder
			,a.ifcgDesc
			,a.ifcgDelNy
			,a.ifcgRegDate
			,a.ifcgRenDate
			,(select count(ab.ifcdSeq) from code ab where 1=1 and ab.codegroup_seq = a.ifcgSeq) as xcount
        FROM 
			codegroup a
		WHERE 1=1

		ORDER BY
			a.ifcgSeq desc
 {executed in 22 msec} 
2024-09-16T14:54:31.387 [http-nio-8090-exec-8] DEBUG j.sqltiming -  com.zaxxer.hikari.pool.ProxyPreparedStatement.execute(ProxyPreparedStatement.java:44)
344. SELECT
			a.ifcgSeq
			,a.ifcgName
			,a.ifcgUseNy
			,a.ifcgOrder
			,a.ifcgDesc
			,a.ifcgDelNy
			,a.ifcgRegDate
			,a.ifcgRenDate
			,(select count(ab.ifcdSeq) from code ab where 1=1 and ab.codegroup_seq = a.ifcgSeq) as xcount
        FROM 
			codegroup a
		WHERE 1=1

			 AND a.ifcgRegDate BETWEEN '2024-11-08' AND '' 
		ORDER BY
			a.ifcgSeq desc
 {executed in 10 msec} 
2024-09-16T14:54:37.486 [http-nio-8090-exec-2] DEBUG j.sqltiming -  com.zaxxer.hikari.pool.ProxyPreparedStatement.execute(ProxyPreparedStatement.java:44)
344. SELECT
			a.ifcgSeq
			,a.ifcgName
			,a.ifcgUseNy
			,a.ifcgOrder
			,a.ifcgDesc
			,a.ifcgDelNy
			,a.ifcgRegDate
			,a.ifcgRenDate
			,(select count(ab.ifcdSeq) from code ab where 1=1 and ab.codegroup_seq = a.ifcgSeq) as xcount
        FROM 
			codegroup a
		WHERE 1=1

		ORDER BY
			a.ifcgSeq desc
 {executed in 0 msec} 
2024-09-16T14:55:07.789 [http-nio-8090-exec-5] DEBUG j.sqltiming -  com.zaxxer.hikari.pool.ProxyPreparedStatement.execute(ProxyPreparedStatement.java:44)
344. SELECT
			a.ifcgSeq
			,a.ifcgName
			,a.ifcgUseNy
			,a.ifcgOrder
			,a.ifcgDesc
			,a.ifcgDelNy
			,a.ifcgRegDate
			,a.ifcgRenDate
			,(select count(ab.ifcdSeq) from code ab where 1=1 and ab.codegroup_seq = a.ifcgSeq) as xcount
        FROM 
			codegroup a
		WHERE 1=1

		ORDER BY
			a.ifcgSeq desc
 {executed in 2 msec} 
