2024-09-23T10:00:29.794 [restartedMain] INFO c.e.h.SeventeenApplication - Starting SeventeenApplication using Java 17.0.11 with PID 25052 (C:\factory\ws_sts4_4240\repo_seventeen\seventeen\bin\main started by User in C:\factory\ws_sts4_4240\repo_seventeen\seventeen) 
2024-09-23T10:00:29.796 [restartedMain] INFO c.e.h.SeventeenApplication - No active profile set, falling back to 1 default profile: "default" 
2024-09-23T10:00:29.883 [restartedMain] INFO o.s.b.d.e.DevToolsPropertyDefaultsPostProcessor - Devtools property defaults active! Set 'spring.devtools.add-properties' to 'false' to disable 
2024-09-23T10:00:29.891 [restartedMain] INFO o.s.b.d.e.DevToolsPropertyDefaultsPostProcessor - For additional web related logging consider setting the 'logging.level.web' property to 'DEBUG' 
2024-09-23T10:00:31.533 [restartedMain] INFO o.s.b.w.e.t.TomcatWebServer - Tomcat initialized with port 8090 (http) 
2024-09-23T10:00:31.554 [restartedMain] INFO o.a.c.h.Http11NioProtocol - Initializing ProtocolHandler ["http-nio-8090"] 
2024-09-23T10:00:31.560 [restartedMain] INFO o.a.c.c.StandardService - Starting service [Tomcat] 
2024-09-23T10:00:31.561 [restartedMain] INFO o.a.c.c.StandardEngine - Starting Servlet engine: [Apache Tomcat/10.1.28] 
2024-09-23T10:00:31.646 [restartedMain] INFO o.a.c.c.C.[.[.[/] - Initializing Spring embedded WebApplicationContext 
2024-09-23T10:00:31.648 [restartedMain] INFO o.s.b.w.s.c.ServletWebServerApplicationContext - Root WebApplicationContext: initialization completed in 1756 ms 
2024-09-23T10:00:31.752 [restartedMain] ERROR c.z.h.HikariConfig - Failed to load driver class net.sf.log4jdbc.sql.jdbcapi.DriverSpy from HikariConfig class classloader jdk.internal.loader.ClassLoaders$AppClassLoader@63947c6b 
2024-09-23T10:00:31.759 [restartedMain] WARN o.s.b.w.s.c.AnnotationConfigServletWebServerApplicationContext - Exception encountered during context initialization - cancelling refresh attempt: org.springframework.beans.factory.UnsatisfiedDependencyException: Error creating bean with name 'codeGroupController': Unsatisfied dependency expressed through field 'codegroupService': Error creating bean with name 'codeGroupService': Unsatisfied dependency expressed through field 'codeGroupDao': Error creating bean with name 'codeGroupDao' defined in file [C:\factory\ws_sts4_4240\repo_seventeen\seventeen\bin\main\com\example\hybe\infra\codegroup\CodeGroupDao.class]: Cannot resolve reference to bean 'sqlSessionFactoryMysqlMain' while setting bean property 'sqlSessionFactory' 
2024-09-23T10:00:31.764 [restartedMain] INFO o.a.c.c.StandardService - Stopping service [Tomcat] 
2024-09-23T10:00:31.797 [restartedMain] INFO o.s.b.a.l.ConditionEvaluationReportLogger - 

Error starting ApplicationContext. To display the condition evaluation report re-run your application with 'debug' enabled. 
2024-09-23T10:00:31.825 [restartedMain] ERROR o.s.b.d.LoggingFailureAnalysisReporter - 

***************************
APPLICATION FAILED TO START
***************************

Description:

Failed to bind properties under 'spring.datasource.mysql.main' to javax.sql.DataSource:

    Property: spring.datasource.mysql.main.driver-class-name
    Value: "net.sf.log4jdbc.sql.jdbcapi.DriverSpy"
    Origin: class path resource [application.properties] - 8:48
    Reason: java.lang.RuntimeException: Failed to load driver class net.sf.log4jdbc.sql.jdbcapi.DriverSpy in either of HikariConfig class loader or Thread context classloader

Action:

Update your application's configuration
 
2024-09-23T10:02:09.855 [restartedMain] INFO c.e.h.SeventeenApplication - Starting SeventeenApplication using Java 17.0.11 with PID 24152 (C:\factory\ws_sts4_4240\repo_seventeen\seventeen\bin\main started by User in C:\factory\ws_sts4_4240\repo_seventeen\seventeen) 
2024-09-23T10:02:09.858 [restartedMain] INFO c.e.h.SeventeenApplication - No active profile set, falling back to 1 default profile: "default" 
2024-09-23T10:02:09.924 [restartedMain] INFO o.s.b.d.e.DevToolsPropertyDefaultsPostProcessor - Devtools property defaults active! Set 'spring.devtools.add-properties' to 'false' to disable 
2024-09-23T10:02:09.924 [restartedMain] INFO o.s.b.d.e.DevToolsPropertyDefaultsPostProcessor - For additional web related logging consider setting the 'logging.level.web' property to 'DEBUG' 
2024-09-23T10:02:11.464 [restartedMain] INFO o.s.b.w.e.t.TomcatWebServer - Tomcat initialized with port 8090 (http) 
2024-09-23T10:02:11.478 [restartedMain] INFO o.a.c.h.Http11NioProtocol - Initializing ProtocolHandler ["http-nio-8090"] 
2024-09-23T10:02:11.485 [restartedMain] INFO o.a.c.c.StandardService - Starting service [Tomcat] 
2024-09-23T10:02:11.486 [restartedMain] INFO o.a.c.c.StandardEngine - Starting Servlet engine: [Apache Tomcat/10.1.28] 
2024-09-23T10:02:11.564 [restartedMain] INFO o.a.c.c.C.[.[.[/] - Initializing Spring embedded WebApplicationContext 
2024-09-23T10:02:11.565 [restartedMain] INFO o.s.b.w.s.c.ServletWebServerApplicationContext - Root WebApplicationContext: initialization completed in 1640 ms 
2024-09-23T10:02:12.493 [restartedMain] INFO o.s.b.d.a.OptionalLiveReloadServer - LiveReload server is running on port 35729 
2024-09-23T10:02:12.519 [restartedMain] INFO o.a.c.h.Http11NioProtocol - Starting ProtocolHandler ["http-nio-8090"] 
2024-09-23T10:02:12.546 [restartedMain] INFO o.s.b.w.e.t.TomcatWebServer - Tomcat started on port 8090 (http) with context path '/' 
2024-09-23T10:02:12.562 [restartedMain] INFO c.e.h.SeventeenApplication - Started SeventeenApplication in 3.098 seconds (process running for 4.186) 
2024-09-23T10:02:53.092 [http-nio-8090-exec-1] INFO o.a.c.c.C.[.[.[/] - Initializing Spring DispatcherServlet 'dispatcherServlet' 
2024-09-23T10:02:53.093 [http-nio-8090-exec-1] INFO o.s.w.s.DispatcherServlet - Initializing Servlet 'dispatcherServlet' 
2024-09-23T10:02:53.095 [http-nio-8090-exec-1] INFO o.s.w.s.DispatcherServlet - Completed initialization in 1 ms 
2024-09-23T10:02:53.236 [http-nio-8090-exec-1] INFO c.z.h.HikariDataSource - HikariPool-1 - Starting... 
2024-09-23T10:02:53.750 [http-nio-8090-exec-1] INFO c.z.h.p.HikariPool - HikariPool-1 - Added connection net.sf.log4jdbc.sql.jdbcapi.ConnectionSpy@1962abf9 
2024-09-23T10:02:53.753 [http-nio-8090-exec-1] INFO c.z.h.HikariDataSource - HikariPool-1 - Start completed. 
2024-09-23T10:02:53.873 [http-nio-8090-exec-1] DEBUG j.sqltiming -  com.zaxxer.hikari.pool.ProxyPreparedStatement.execute(ProxyPreparedStatement.java:44)
1. SELECT
			a.ifcgSeq
			,a.ifcgName
			,a.ifcgUseNy
			,a.ifcgOrder
			,a.ifcgDesc
			,a.ifcgDelNy
			,a.ifcgRegDate
			,a.ifcgRenDate
			,(select count(ab.ifcdSeq) from code ab where 1=1 and ab.codegroup_seq = a.ifcgSeq) as xcount
        FROM 
			codegroup a
		WHERE 1=1

		ORDER BY
			a.ifcgSeq desc
 {executed in 96 msec} 
