2024-10-16T11:00:08.337 [File Watcher] INFO o.s.b.d.a.LocalDevToolsAutoConfiguration$RestartingClassPathChangeChangedEventListener - Restarting due to 1 class path change (0 additions, 0 deletions, 1 modification) 
2024-10-16T11:00:08.348 [Thread-81] INFO o.a.c.h.Http11NioProtocol - Stopping ProtocolHandler ["http-nio-8090"] 
2024-10-16T11:00:08.624 [Thread-81] INFO c.z.h.HikariDataSource - HikariPool-19 - Shutdown initiated... 
2024-10-16T11:00:08.639 [Thread-81] INFO c.z.h.HikariDataSource - HikariPool-19 - Shutdown completed. 
2024-10-16T11:00:08.792 [restartedMain] INFO c.e.h.SeventeenApplication - Starting SeventeenApplication using Java 17.0.11 with PID 144860 (C:\factory\ws_sts4_4240\repo_seventeen\seventeen\bin\main started by User in C:\factory\ws_sts4_4240\repo_seventeen\seventeen) 
2024-10-16T11:00:08.792 [restartedMain] INFO c.e.h.SeventeenApplication - No active profile set, falling back to 1 default profile: "default" 
2024-10-16T11:00:09.172 [restartedMain] INFO o.s.b.w.e.t.TomcatWebServer - Tomcat initialized with port 8090 (http) 
2024-10-16T11:00:09.173 [restartedMain] INFO o.a.c.h.Http11NioProtocol - Initializing ProtocolHandler ["http-nio-8090"] 
2024-10-16T11:00:09.174 [restartedMain] INFO o.a.c.c.StandardService - Starting service [Tomcat] 
2024-10-16T11:00:09.174 [restartedMain] INFO o.a.c.c.StandardEngine - Starting Servlet engine: [Apache Tomcat/10.1.28] 
2024-10-16T11:00:09.207 [restartedMain] INFO o.a.c.c.C.[.[.[/] - Initializing Spring embedded WebApplicationContext 
2024-10-16T11:00:09.208 [restartedMain] INFO o.s.b.w.s.c.ServletWebServerApplicationContext - Root WebApplicationContext: initialization completed in 413 ms 
2024-10-16T11:00:09.414 [restartedMain] INFO c.z.h.HikariDataSource - HikariPool-20 - Starting... 
2024-10-16T11:00:09.458 [restartedMain] INFO c.z.h.p.HikariPool - HikariPool-20 - Added connection net.sf.log4jdbc.sql.jdbcapi.ConnectionSpy@6685327 
2024-10-16T11:00:09.458 [restartedMain] INFO c.z.h.HikariDataSource - HikariPool-20 - Start completed. 
2024-10-16T11:00:09.461 [restartedMain] DEBUG j.sqltiming -  com.zaxxer.hikari.pool.ProxyPreparedStatement.execute(ProxyPreparedStatement.java:44)
381. SELECT 
			ifcdSeq
			, ifcdName
			, codegroup_seq
		FROM
			code
		WHERE 1=1
			AND ifcdDelny = 0
		    AND ifcdUseNy = 1
 {executed in 3 msec} 
2024-10-16T11:00:09.626 [restartedMain] INFO o.s.b.d.a.OptionalLiveReloadServer - LiveReload server is running on port 35729 
2024-10-16T11:00:09.640 [restartedMain] INFO o.a.c.h.Http11NioProtocol - Starting ProtocolHandler ["http-nio-8090"] 
2024-10-16T11:00:09.646 [restartedMain] INFO o.s.b.w.e.t.TomcatWebServer - Tomcat started on port 8090 (http) with context path '/' 
2024-10-16T11:00:09.662 [restartedMain] INFO c.e.h.SeventeenApplication - Started SeventeenApplication in 0.939 seconds (process running for 92645.805) 
2024-10-16T11:00:09.665 [restartedMain] INFO o.s.b.d.a.ConditionEvaluationDeltaLoggingListener - Condition evaluation unchanged 
2024-10-16T11:00:21.492 [http-nio-8090-exec-3] INFO o.a.c.c.C.[.[.[/] - Initializing Spring DispatcherServlet 'dispatcherServlet' 
2024-10-16T11:00:21.492 [http-nio-8090-exec-3] INFO o.s.w.s.DispatcherServlet - Initializing Servlet 'dispatcherServlet' 
2024-10-16T11:00:21.494 [http-nio-8090-exec-3] INFO o.s.w.s.DispatcherServlet - Completed initialization in 2 ms 
2024-10-16T11:00:23.546 [http-nio-8090-exec-7] DEBUG j.sqltiming -  com.zaxxer.hikari.pool.ProxyPreparedStatement.execute(ProxyPreparedStatement.java:44)
381. SELECT
	   a.seq 
	   ,a.name
	   ,a.adress
	   ,a.telNumber
	FROM
		seventeen.information a
 {executed in 1 msec} 
2024-10-16T11:00:26.600 [http-nio-8090-exec-8] DEBUG j.sqltiming -  com.zaxxer.hikari.pool.ProxyPreparedStatement.execute(ProxyPreparedStatement.java:44)
381. SELECT
	  	a.seq
	   ,a.name
	   ,a.adress
	   ,a.telNumber
	  FROM
		seventeen.information a
	  WHERE 1=1
			AND	a.seq = '1'
 {executed in 1 msec} 
2024-10-16T11:23:23.985 [File Watcher] INFO o.s.b.d.a.LocalDevToolsAutoConfiguration$RestartingClassPathChangeChangedEventListener - Restarting due to 1 class path change (0 additions, 0 deletions, 1 modification) 
2024-10-16T11:23:24.000 [Thread-85] INFO o.a.c.h.Http11NioProtocol - Stopping ProtocolHandler ["http-nio-8090"] 
2024-10-16T11:23:24.125 [Thread-85] INFO c.z.h.HikariDataSource - HikariPool-20 - Shutdown initiated... 
2024-10-16T11:23:24.163 [Thread-85] INFO c.z.h.HikariDataSource - HikariPool-20 - Shutdown completed. 
2024-10-16T11:23:24.295 [restartedMain] INFO c.e.h.SeventeenApplication - Starting SeventeenApplication using Java 17.0.11 with PID 144860 (C:\factory\ws_sts4_4240\repo_seventeen\seventeen\bin\main started by User in C:\factory\ws_sts4_4240\repo_seventeen\seventeen) 
2024-10-16T11:23:24.295 [restartedMain] INFO c.e.h.SeventeenApplication - No active profile set, falling back to 1 default profile: "default" 
2024-10-16T11:23:24.521 [restartedMain] INFO o.s.b.w.e.t.TomcatWebServer - Tomcat initialized with port 8090 (http) 
2024-10-16T11:23:24.521 [restartedMain] INFO o.a.c.h.Http11NioProtocol - Initializing ProtocolHandler ["http-nio-8090"] 
2024-10-16T11:23:24.522 [restartedMain] INFO o.a.c.c.StandardService - Starting service [Tomcat] 
2024-10-16T11:23:24.522 [restartedMain] INFO o.a.c.c.StandardEngine - Starting Servlet engine: [Apache Tomcat/10.1.28] 
2024-10-16T11:23:24.539 [restartedMain] INFO o.a.c.c.C.[.[.[/] - Initializing Spring embedded WebApplicationContext 
2024-10-16T11:23:24.539 [restartedMain] INFO o.s.b.w.s.c.ServletWebServerApplicationContext - Root WebApplicationContext: initialization completed in 242 ms 
2024-10-16T11:23:24.623 [restartedMain] INFO c.z.h.HikariDataSource - HikariPool-21 - Starting... 
2024-10-16T11:23:24.691 [restartedMain] INFO c.z.h.p.HikariPool - HikariPool-21 - Added connection net.sf.log4jdbc.sql.jdbcapi.ConnectionSpy@3b926a2b 
2024-10-16T11:23:24.691 [restartedMain] INFO c.z.h.HikariDataSource - HikariPool-21 - Start completed. 
2024-10-16T11:23:24.714 [restartedMain] DEBUG j.sqltiming -  com.zaxxer.hikari.pool.ProxyPreparedStatement.execute(ProxyPreparedStatement.java:44)
391. SELECT 
			ifcdSeq
			, ifcdName
			, codegroup_seq
		FROM
			code
		WHERE 1=1
			AND ifcdDelny = 0
		    AND ifcdUseNy = 1
 {executed in 22 msec} 
2024-10-16T11:23:24.852 [restartedMain] INFO o.s.b.d.a.OptionalLiveReloadServer - LiveReload server is running on port 35729 
2024-10-16T11:23:24.862 [restartedMain] INFO o.a.c.h.Http11NioProtocol - Starting ProtocolHandler ["http-nio-8090"] 
2024-10-16T11:23:24.877 [restartedMain] INFO o.s.b.w.e.t.TomcatWebServer - Tomcat started on port 8090 (http) with context path '/' 
2024-10-16T11:23:24.886 [restartedMain] INFO c.e.h.SeventeenApplication - Started SeventeenApplication in 0.65 seconds (process running for 94041.011) 
2024-10-16T11:23:24.889 [restartedMain] INFO o.s.b.d.a.ConditionEvaluationDeltaLoggingListener - Condition evaluation unchanged 
2024-10-16T11:26:00.403 [http-nio-8090-exec-3] INFO o.a.c.c.C.[.[.[/] - Initializing Spring DispatcherServlet 'dispatcherServlet' 
2024-10-16T11:26:00.403 [http-nio-8090-exec-3] INFO o.s.w.s.DispatcherServlet - Initializing Servlet 'dispatcherServlet' 
2024-10-16T11:26:00.405 [http-nio-8090-exec-3] INFO o.s.w.s.DispatcherServlet - Completed initialization in 2 ms 
