2024-09-20T17:23:49.394 [http-nio-8090-exec-4] ERROR o.t.TemplateEngine - [THYMELEAF][http-nio-8090-exec-4] Exception processing template "/xdm/v1/infra/information/informationXdmForm": An error happened during template parsing (template: "class path resource [templates//xdm/v1/infra/information/informationXdmForm.html]" - line 595, col 14) 
org.thymeleaf.exceptions.TemplateInputException: An error happened during template parsing (template: "class path resource [templates//xdm/v1/infra/information/informationXdmForm.html]" - line 595, col 14)
	at org.thymeleaf.templateparser.markup.AbstractMarkupTemplateParser.parse(AbstractMarkupTemplateParser.java:239)
	at org.thymeleaf.templateparser.markup.AbstractMarkupTemplateParser.parseStandalone(AbstractMarkupTemplateParser.java:100)
	at org.thymeleaf.engine.TemplateManager.parseAndProcess(TemplateManager.java:666)
	at org.thymeleaf.TemplateEngine.process(TemplateEngine.java:1103)
	at org.thymeleaf.TemplateEngine.process(TemplateEngine.java:1077)
	at org.thymeleaf.spring6.view.ThymeleafView.renderFragment(ThymeleafView.java:372)
	at org.thymeleaf.spring6.view.ThymeleafView.render(ThymeleafView.java:192)
	at org.springframework.web.servlet.DispatcherServlet.render(DispatcherServlet.java:1432)
	at org.springframework.web.servlet.DispatcherServlet.processDispatchResult(DispatcherServlet.java:1168)
	at org.springframework.web.servlet.DispatcherServlet.doDispatch(DispatcherServlet.java:1106)
	at org.springframework.web.servlet.DispatcherServlet.doService(DispatcherServlet.java:979)
	at org.springframework.web.servlet.FrameworkServlet.processRequest(FrameworkServlet.java:1014)
	at org.springframework.web.servlet.FrameworkServlet.doGet(FrameworkServlet.java:903)
	at jakarta.servlet.http.HttpServlet.service(HttpServlet.java:564)
	at org.springframework.web.servlet.FrameworkServlet.service(FrameworkServlet.java:885)
	at jakarta.servlet.http.HttpServlet.service(HttpServlet.java:658)
	at org.apache.catalina.core.ApplicationFilterChain.internalDoFilter(ApplicationFilterChain.java:195)
	at org.apache.catalina.core.ApplicationFilterChain.doFilter(ApplicationFilterChain.java:140)
	at org.apache.tomcat.websocket.server.WsFilter.doFilter(WsFilter.java:51)
	at org.apache.catalina.core.ApplicationFilterChain.internalDoFilter(ApplicationFilterChain.java:164)
	at org.apache.catalina.core.ApplicationFilterChain.doFilter(ApplicationFilterChain.java:140)
	at org.springframework.web.filter.RequestContextFilter.doFilterInternal(RequestContextFilter.java:100)
	at org.springframework.web.filter.OncePerRequestFilter.doFilter(OncePerRequestFilter.java:116)
	at org.apache.catalina.core.ApplicationFilterChain.internalDoFilter(ApplicationFilterChain.java:164)
	at org.apache.catalina.core.ApplicationFilterChain.doFilter(ApplicationFilterChain.java:140)
	at org.springframework.web.filter.FormContentFilter.doFilterInternal(FormContentFilter.java:93)
	at org.springframework.web.filter.OncePerRequestFilter.doFilter(OncePerRequestFilter.java:116)
	at org.apache.catalina.core.ApplicationFilterChain.internalDoFilter(ApplicationFilterChain.java:164)
	at org.apache.catalina.core.ApplicationFilterChain.doFilter(ApplicationFilterChain.java:140)
	at org.springframework.web.filter.CharacterEncodingFilter.doFilterInternal(CharacterEncodingFilter.java:201)
	at org.springframework.web.filter.OncePerRequestFilter.doFilter(OncePerRequestFilter.java:116)
	at org.apache.catalina.core.ApplicationFilterChain.internalDoFilter(ApplicationFilterChain.java:164)
	at org.apache.catalina.core.ApplicationFilterChain.doFilter(ApplicationFilterChain.java:140)
	at org.apache.catalina.core.StandardWrapperValve.invoke(StandardWrapperValve.java:167)
	at org.apache.catalina.core.StandardContextValve.invoke(StandardContextValve.java:90)
	at org.apache.catalina.authenticator.AuthenticatorBase.invoke(AuthenticatorBase.java:483)
	at org.apache.catalina.core.StandardHostValve.invoke(StandardHostValve.java:115)
	at org.apache.catalina.valves.ErrorReportValve.invoke(ErrorReportValve.java:93)
	at org.apache.catalina.core.StandardEngineValve.invoke(StandardEngineValve.java:74)
	at org.apache.catalina.connector.CoyoteAdapter.service(CoyoteAdapter.java:344)
	at org.apache.coyote.http11.Http11Processor.service(Http11Processor.java:384)
	at org.apache.coyote.AbstractProcessorLight.process(AbstractProcessorLight.java:63)
	at org.apache.coyote.AbstractProtocol$ConnectionHandler.process(AbstractProtocol.java:904)
	at org.apache.tomcat.util.net.NioEndpoint$SocketProcessor.doRun(NioEndpoint.java:1741)
	at org.apache.tomcat.util.net.SocketProcessorBase.run(SocketProcessorBase.java:52)
	at org.apache.tomcat.util.threads.ThreadPoolExecutor.runWorker(ThreadPoolExecutor.java:1190)
	at org.apache.tomcat.util.threads.ThreadPoolExecutor$Worker.run(ThreadPoolExecutor.java:659)
	at org.apache.tomcat.util.threads.TaskThread$WrappingRunnable.run(TaskThread.java:63)
	at java.base/java.lang.Thread.run(Thread.java:842)
Caused by: org.attoparser.ParseException: (Line = 595, Column = 14) Incomplete structure: "<input class="form-control form-control-lg" type="text" style="width: 570px;>
												</div>
											</div>
											<div class="col-sm-4 col-12">
												<div class="form-group">
													<label for="letter">설명</label>
													<textarea class="form-control" rows="2" name="letter" id="letter" type="text" style="width: 570px; height: 80px;" th:value="${item?.letter}"></textarea>
												</div>
											</div>
											<div class="col-sm-4 col-12">
												<div class="form-group">
													<label for="disabledInput"></label>
												</div>
											</div>
											<div class="col-sm-4 col-12">
												<div class="form-group">
													<label for="disabledInput"></label>
												</div>
											</div>
											<div class="col-sm-4 col-12">
												<div class="form-group">
													<label for="disabledInput"></label>
												</div>
											</div>
										</div>
								    </div>
								</div>
							</div>
						</div>
					</div>	
					<div class="row gutters">
						<table>
							<tr>
							  <td style="width : 10px; "></td>
								<td>	
								   <div class="btn-group-vertical" role="group" aria-label="Vertical button group">
									   <button type="submit" class="btn btn-primary">
											 <span class="icon-times-outline"></span>
									   </button>
								   </div>
								</td>
								<td style="width : 1160px; "></td>
								<td>
								   <div class="btn-group-vertical" role="group" aria-label="Vertical button group">
										<button type="submit" action="redirect:/xdm/v1/infra/information/informationXdmList" class="btn btn-primary">
											 <span class="icon-plus2"></span>
									    </button>
								   </div>
								</td>
						    </tr>
						</table>
					</div>
				</div>
			</div>
			</div>
			</div>
			<footer class="main-footer fixed-btm">
				© Bootstrap Gallery 2023
			</footer>
		</div>
		<script src="/xdm/v1/template/qwer/assert/js/jquery.js"></script>
		<script src="/xdm/v1/template/qwer/assert/js/bootstrap.min.js"></script>
		<script src="/xdm/v1/template/qwer/assert/vendor/unifyMenu/unifyMenu.js"></script>
		<script src="/xdm/v1/template/qwer/assert/vendor/onoffcanvas/onoffcanvas.js"></script>
		<script src="/xdm/v1/template/qwer/assert/js/moment.js"></script>

		<!-- Common JS -->
		<script src="/xdm/v1/template/qwer/assert/js/common.js"></script>
	</body>
</html>"
	at org.attoparser.MarkupParser.parseDocument(MarkupParser.java:366)
	at org.attoparser.MarkupParser.parse(MarkupParser.java:257)
	at org.thymeleaf.templateparser.markup.AbstractMarkupTemplateParser.parse(AbstractMarkupTemplateParser.java:230)
	... 48 common frames omitted
2024-09-20T17:23:49.471 [http-nio-8090-exec-4] ERROR o.a.c.c.C.[.[.[.[dispatcherServlet] - Servlet.service() for servlet [dispatcherServlet] in context with path [] threw exception [Request processing failed: org.thymeleaf.exceptions.TemplateInputException: An error happened during template parsing (template: "class path resource [templates//xdm/v1/infra/information/informationXdmForm.html]" - line 595, col 14)] with root cause 
org.attoparser.ParseException: (Line = 595, Column = 14) Incomplete structure: "<input class="form-control form-control-lg" type="text" style="width: 570px;>
												</div>
											</div>
											<div class="col-sm-4 col-12">
												<div class="form-group">
													<label for="letter">설명</label>
													<textarea class="form-control" rows="2" name="letter" id="letter" type="text" style="width: 570px; height: 80px;" th:value="${item?.letter}"></textarea>
												</div>
											</div>
											<div class="col-sm-4 col-12">
												<div class="form-group">
													<label for="disabledInput"></label>
												</div>
											</div>
											<div class="col-sm-4 col-12">
												<div class="form-group">
													<label for="disabledInput"></label>
												</div>
											</div>
											<div class="col-sm-4 col-12">
												<div class="form-group">
													<label for="disabledInput"></label>
												</div>
											</div>
										</div>
								    </div>
								</div>
							</div>
						</div>
					</div>	
					<div class="row gutters">
						<table>
							<tr>
							  <td style="width : 10px; "></td>
								<td>	
								   <div class="btn-group-vertical" role="group" aria-label="Vertical button group">
									   <button type="submit" class="btn btn-primary">
											 <span class="icon-times-outline"></span>
									   </button>
								   </div>
								</td>
								<td style="width : 1160px; "></td>
								<td>
								   <div class="btn-group-vertical" role="group" aria-label="Vertical button group">
										<button type="submit" action="redirect:/xdm/v1/infra/information/informationXdmList" class="btn btn-primary">
											 <span class="icon-plus2"></span>
									    </button>
								   </div>
								</td>
						    </tr>
						</table>
					</div>
				</div>
			</div>
			</div>
			</div>
			<footer class="main-footer fixed-btm">
				© Bootstrap Gallery 2023
			</footer>
		</div>
		<script src="/xdm/v1/template/qwer/assert/js/jquery.js"></script>
		<script src="/xdm/v1/template/qwer/assert/js/bootstrap.min.js"></script>
		<script src="/xdm/v1/template/qwer/assert/vendor/unifyMenu/unifyMenu.js"></script>
		<script src="/xdm/v1/template/qwer/assert/vendor/onoffcanvas/onoffcanvas.js"></script>
		<script src="/xdm/v1/template/qwer/assert/js/moment.js"></script>

		<!-- Common JS -->
		<script src="/xdm/v1/template/qwer/assert/js/common.js"></script>
	</body>
</html>"
	at org.attoparser.MarkupParser.parseDocument(MarkupParser.java:366)
	at org.attoparser.MarkupParser.parse(MarkupParser.java:257)
	at org.thymeleaf.templateparser.markup.AbstractMarkupTemplateParser.parse(AbstractMarkupTemplateParser.java:230)
	at org.thymeleaf.templateparser.markup.AbstractMarkupTemplateParser.parseStandalone(AbstractMarkupTemplateParser.java:100)
	at org.thymeleaf.engine.TemplateManager.parseAndProcess(TemplateManager.java:666)
	at org.thymeleaf.TemplateEngine.process(TemplateEngine.java:1103)
	at org.thymeleaf.TemplateEngine.process(TemplateEngine.java:1077)
	at org.thymeleaf.spring6.view.ThymeleafView.renderFragment(ThymeleafView.java:372)
	at org.thymeleaf.spring6.view.ThymeleafView.render(ThymeleafView.java:192)
	at org.springframework.web.servlet.DispatcherServlet.render(DispatcherServlet.java:1432)
	at org.springframework.web.servlet.DispatcherServlet.processDispatchResult(DispatcherServlet.java:1168)
	at org.springframework.web.servlet.DispatcherServlet.doDispatch(DispatcherServlet.java:1106)
	at org.springframework.web.servlet.DispatcherServlet.doService(DispatcherServlet.java:979)
	at org.springframework.web.servlet.FrameworkServlet.processRequest(FrameworkServlet.java:1014)
	at org.springframework.web.servlet.FrameworkServlet.doGet(FrameworkServlet.java:903)
	at jakarta.servlet.http.HttpServlet.service(HttpServlet.java:564)
	at org.springframework.web.servlet.FrameworkServlet.service(FrameworkServlet.java:885)
	at jakarta.servlet.http.HttpServlet.service(HttpServlet.java:658)
	at org.apache.catalina.core.ApplicationFilterChain.internalDoFilter(ApplicationFilterChain.java:195)
	at org.apache.catalina.core.ApplicationFilterChain.doFilter(ApplicationFilterChain.java:140)
	at org.apache.tomcat.websocket.server.WsFilter.doFilter(WsFilter.java:51)
	at org.apache.catalina.core.ApplicationFilterChain.internalDoFilter(ApplicationFilterChain.java:164)
	at org.apache.catalina.core.ApplicationFilterChain.doFilter(ApplicationFilterChain.java:140)
	at org.springframework.web.filter.RequestContextFilter.doFilterInternal(RequestContextFilter.java:100)
	at org.springframework.web.filter.OncePerRequestFilter.doFilter(OncePerRequestFilter.java:116)
	at org.apache.catalina.core.ApplicationFilterChain.internalDoFilter(ApplicationFilterChain.java:164)
	at org.apache.catalina.core.ApplicationFilterChain.doFilter(ApplicationFilterChain.java:140)
	at org.springframework.web.filter.FormContentFilter.doFilterInternal(FormContentFilter.java:93)
	at org.springframework.web.filter.OncePerRequestFilter.doFilter(OncePerRequestFilter.java:116)
	at org.apache.catalina.core.ApplicationFilterChain.internalDoFilter(ApplicationFilterChain.java:164)
	at org.apache.catalina.core.ApplicationFilterChain.doFilter(ApplicationFilterChain.java:140)
	at org.springframework.web.filter.CharacterEncodingFilter.doFilterInternal(CharacterEncodingFilter.java:201)
	at org.springframework.web.filter.OncePerRequestFilter.doFilter(OncePerRequestFilter.java:116)
	at org.apache.catalina.core.ApplicationFilterChain.internalDoFilter(ApplicationFilterChain.java:164)
	at org.apache.catalina.core.ApplicationFilterChain.doFilter(ApplicationFilterChain.java:140)
	at org.apache.catalina.core.StandardWrapperValve.invoke(StandardWrapperValve.java:167)
	at org.apache.catalina.core.StandardContextValve.invoke(StandardContextValve.java:90)
	at org.apache.catalina.authenticator.AuthenticatorBase.invoke(AuthenticatorBase.java:483)
	at org.apache.catalina.core.StandardHostValve.invoke(StandardHostValve.java:115)
	at org.apache.catalina.valves.ErrorReportValve.invoke(ErrorReportValve.java:93)
	at org.apache.catalina.core.StandardEngineValve.invoke(StandardEngineValve.java:74)
	at org.apache.catalina.connector.CoyoteAdapter.service(CoyoteAdapter.java:344)
	at org.apache.coyote.http11.Http11Processor.service(Http11Processor.java:384)
	at org.apache.coyote.AbstractProcessorLight.process(AbstractProcessorLight.java:63)
	at org.apache.coyote.AbstractProtocol$ConnectionHandler.process(AbstractProtocol.java:904)
	at org.apache.tomcat.util.net.NioEndpoint$SocketProcessor.doRun(NioEndpoint.java:1741)
	at org.apache.tomcat.util.net.SocketProcessorBase.run(SocketProcessorBase.java:52)
	at org.apache.tomcat.util.threads.ThreadPoolExecutor.runWorker(ThreadPoolExecutor.java:1190)
	at org.apache.tomcat.util.threads.ThreadPoolExecutor$Worker.run(ThreadPoolExecutor.java:659)
	at org.apache.tomcat.util.threads.TaskThread$WrappingRunnable.run(TaskThread.java:63)
	at java.base/java.lang.Thread.run(Thread.java:842)
2024-09-20T17:23:49.686 [http-nio-8090-exec-4] ERROR o.s.b.a.w.s.e.ErrorMvcAutoConfiguration$StaticView - Cannot render error page for request [/xdm/v1/infra/information/informationXdmForm] and exception [An error happened during template parsing (template: "class path resource [templates//xdm/v1/infra/information/informationXdmForm.html]" - line 595, col 14)] as the response has already been committed. As a result, the response may have the wrong status code. 
