2024-09-25T16:03:06.949 [File Watcher] INFO o.s.b.d.a.LocalDevToolsAutoConfiguration$RestartingClassPathChangeChangedEventListener - Restarting due to 1 class path change (0 additions, 0 deletions, 1 modification) 
2024-09-25T16:03:06.951 [Thread-11] INFO o.a.c.h.Http11NioProtocol - Stopping ProtocolHandler ["http-nio-8090"] 
2024-09-25T16:03:07.549 [Thread-11] INFO c.z.h.HikariDataSource - HikariPool-6 - Shutdown initiated... 
2024-09-25T16:03:07.556 [Thread-11] INFO c.z.h.HikariDataSource - HikariPool-6 - Shutdown completed. 
2024-09-25T16:03:07.635 [restartedMain] INFO c.e.h.SeventeenApplication - Starting SeventeenApplication using Java 17.0.11 with PID 215048 (C:\factory\ws_sts4_4240\repo_seventeen\seventeen\bin\main started by User in C:\factory\ws_sts4_4240\repo_seventeen\seventeen) 
2024-09-25T16:03:07.636 [restartedMain] INFO c.e.h.SeventeenApplication - No active profile set, falling back to 1 default profile: "default" 
2024-09-25T16:03:07.857 [restartedMain] INFO o.s.b.w.e.t.TomcatWebServer - Tomcat initialized with port 8090 (http) 
2024-09-25T16:03:07.858 [restartedMain] INFO o.a.c.h.Http11NioProtocol - Initializing ProtocolHandler ["http-nio-8090"] 
2024-09-25T16:03:07.858 [restartedMain] INFO o.a.c.c.StandardService - Starting service [Tomcat] 
2024-09-25T16:03:07.858 [restartedMain] INFO o.a.c.c.StandardEngine - Starting Servlet engine: [Apache Tomcat/10.1.28] 
2024-09-25T16:03:07.876 [restartedMain] INFO o.a.c.c.C.[.[.[/] - Initializing Spring embedded WebApplicationContext 
2024-09-25T16:03:07.876 [restartedMain] INFO o.s.b.w.s.c.ServletWebServerApplicationContext - Root WebApplicationContext: initialization completed in 237 ms 
2024-09-25T16:03:07.945 [restartedMain] INFO c.z.h.HikariDataSource - HikariPool-7 - Starting... 
2024-09-25T16:03:07.962 [restartedMain] INFO c.z.h.p.HikariPool - HikariPool-7 - Added connection net.sf.log4jdbc.sql.jdbcapi.ConnectionSpy@6db9dc99 
2024-09-25T16:03:07.963 [restartedMain] INFO c.z.h.HikariDataSource - HikariPool-7 - Start completed. 
2024-09-25T16:03:07.965 [restartedMain] DEBUG j.sqltiming -  com.zaxxer.hikari.pool.ProxyPreparedStatement.execute(ProxyPreparedStatement.java:44)
34. SELECT 
			ifcdSeq
			, ifcdName
			, codegroup_seq
		FROM
			code
		WHERE 1=1
			AND ifcdDelny = 0
		    AND ifcdUseNy = 1
 {executed in 2 msec} 
2024-09-25T16:03:08.073 [restartedMain] INFO o.s.b.d.a.OptionalLiveReloadServer - LiveReload server is running on port 35729 
2024-09-25T16:03:08.079 [restartedMain] INFO o.a.c.h.Http11NioProtocol - Starting ProtocolHandler ["http-nio-8090"] 
2024-09-25T16:03:08.082 [restartedMain] INFO o.s.b.w.e.t.TomcatWebServer - Tomcat started on port 8090 (http) with context path '/' 
2024-09-25T16:03:08.092 [restartedMain] INFO c.e.h.SeventeenApplication - Started SeventeenApplication in 0.493 seconds (process running for 1941.439) 
2024-09-25T16:03:08.095 [restartedMain] INFO o.s.b.d.a.ConditionEvaluationDeltaLoggingListener - Condition evaluation unchanged 
2024-09-25T16:14:42.476 [http-nio-8090-exec-1] INFO o.a.c.c.C.[.[.[/] - Initializing Spring DispatcherServlet 'dispatcherServlet' 
2024-09-25T16:14:42.476 [http-nio-8090-exec-1] INFO o.s.w.s.DispatcherServlet - Initializing Servlet 'dispatcherServlet' 
2024-09-25T16:14:42.477 [http-nio-8090-exec-1] INFO o.s.w.s.DispatcherServlet - Completed initialization in 1 ms 
2024-09-25T16:14:42.493 [http-nio-8090-exec-1] DEBUG j.sqltiming -  com.zaxxer.hikari.pool.ProxyPreparedStatement.execute(ProxyPreparedStatement.java:44)
34. SELECT COUNT(*)

        FROM 
			codegroup a
		WHERE 1=1
 {executed in 8 msec} 
2024-09-25T16:14:42.493 [http-nio-8090-exec-1] DEBUG j.sqltiming -  com.zaxxer.hikari.pool.ProxyPreparedStatement.execute(ProxyPreparedStatement.java:44)
34. select aa.* from (
	   SELECT
			a.ifcgSeq
			,a.ifcgName
			,a.ifcgUseNy
			,a.ifcgOrder
			,a.ifcgDesc
			,a.ifcgDelNy
			,a.ifcgRegDate
			,a.ifcgRenDate
			,(select count(ab.ifcdSeq) from code ab where 1=1 and ab.codegroup_seq = a.ifcgSeq) as xcount

        FROM 
			codegroup a
		WHERE 1=1

			ORDER BY
			a.ifcgSeq desc
        ) aa
		limit 10 offset 0
 {executed in 0 msec} 
2024-09-25T16:14:49.748 [http-nio-8090-exec-1] DEBUG j.sqltiming -  com.zaxxer.hikari.pool.ProxyPreparedStatement.execute(ProxyPreparedStatement.java:44)
34. SELECT COUNT(*)

        FROM 
			codegroup a
		WHERE 1=1
 {executed in 8 msec} 
2024-09-25T16:14:49.750 [http-nio-8090-exec-1] DEBUG j.sqltiming -  com.zaxxer.hikari.pool.ProxyPreparedStatement.execute(ProxyPreparedStatement.java:44)
34. select aa.* from (
	   SELECT
			a.ifcgSeq
			,a.ifcgName
			,a.ifcgUseNy
			,a.ifcgOrder
			,a.ifcgDesc
			,a.ifcgDelNy
			,a.ifcgRegDate
			,a.ifcgRenDate
			,(select count(ab.ifcdSeq) from code ab where 1=1 and ab.codegroup_seq = a.ifcgSeq) as xcount

        FROM 
			codegroup a
		WHERE 1=1

			ORDER BY
			a.ifcgSeq desc
        ) aa
		limit 10 offset 0
 {executed in 1 msec} 
2024-09-25T16:14:51.428 [http-nio-8090-exec-3] DEBUG j.sqltiming -  com.zaxxer.hikari.pool.ProxyPreparedStatement.execute(ProxyPreparedStatement.java:44)
34. SELECT COUNT(*)

        FROM 
			codegroup a
		WHERE 1=1
 {executed in 4 msec} 
2024-09-25T16:14:51.431 [http-nio-8090-exec-3] DEBUG j.sqltiming -  com.zaxxer.hikari.pool.ProxyPreparedStatement.execute(ProxyPreparedStatement.java:44)
34. select aa.* from (
	   SELECT
			a.ifcgSeq
			,a.ifcgName
			,a.ifcgUseNy
			,a.ifcgOrder
			,a.ifcgDesc
			,a.ifcgDelNy
			,a.ifcgRegDate
			,a.ifcgRenDate
			,(select count(ab.ifcdSeq) from code ab where 1=1 and ab.codegroup_seq = a.ifcgSeq) as xcount

        FROM 
			codegroup a
		WHERE 1=1

			ORDER BY
			a.ifcgSeq desc
        ) aa
		limit 10 offset 0
 {executed in 1 msec} 
2024-09-25T16:15:31.575 [http-nio-8090-exec-7] DEBUG j.sqltiming -  com.zaxxer.hikari.pool.ProxyPreparedStatement.execute(ProxyPreparedStatement.java:44)
34. SELECT COUNT(*)

        FROM 
			codegroup a
		WHERE 1=1
 {executed in 2 msec} 
2024-09-25T16:15:31.578 [http-nio-8090-exec-7] DEBUG j.sqltiming -  com.zaxxer.hikari.pool.ProxyPreparedStatement.execute(ProxyPreparedStatement.java:44)
34. select aa.* from (
	   SELECT
			a.ifcgSeq
			,a.ifcgName
			,a.ifcgUseNy
			,a.ifcgOrder
			,a.ifcgDesc
			,a.ifcgDelNy
			,a.ifcgRegDate
			,a.ifcgRenDate
			,(select count(ab.ifcdSeq) from code ab where 1=1 and ab.codegroup_seq = a.ifcgSeq) as xcount

        FROM 
			codegroup a
		WHERE 1=1

			ORDER BY
			a.ifcgSeq desc
        ) aa
		limit 10 offset 0
 {executed in 2 msec} 
2024-09-25T16:15:37.126 [http-nio-8090-exec-2] DEBUG j.sqltiming -  com.zaxxer.hikari.pool.ProxyPreparedStatement.execute(ProxyPreparedStatement.java:44)
34. SELECT COUNT(*)

        FROM 
			codegroup a
		WHERE 1=1
 {executed in 2 msec} 
2024-09-25T16:15:37.131 [http-nio-8090-exec-2] DEBUG j.sqltiming -  com.zaxxer.hikari.pool.ProxyPreparedStatement.execute(ProxyPreparedStatement.java:44)
34. select aa.* from (
	   SELECT
			a.ifcgSeq
			,a.ifcgName
			,a.ifcgUseNy
			,a.ifcgOrder
			,a.ifcgDesc
			,a.ifcgDelNy
			,a.ifcgRegDate
			,a.ifcgRenDate
			,(select count(ab.ifcdSeq) from code ab where 1=1 and ab.codegroup_seq = a.ifcgSeq) as xcount

        FROM 
			codegroup a
		WHERE 1=1

			ORDER BY
			a.ifcgSeq desc
        ) aa
		limit 10 offset 0
 {executed in 1 msec} 
2024-09-25T16:15:38.509 [http-nio-8090-exec-5] DEBUG j.sqltiming -  com.zaxxer.hikari.pool.ProxyPreparedStatement.execute(ProxyPreparedStatement.java:44)
34. SELECT COUNT(*)

        FROM 
			codegroup a
		WHERE 1=1
 {executed in 1 msec} 
2024-09-25T16:15:38.512 [http-nio-8090-exec-5] DEBUG j.sqltiming -  com.zaxxer.hikari.pool.ProxyPreparedStatement.execute(ProxyPreparedStatement.java:44)
34. select aa.* from (
	   SELECT
			a.ifcgSeq
			,a.ifcgName
			,a.ifcgUseNy
			,a.ifcgOrder
			,a.ifcgDesc
			,a.ifcgDelNy
			,a.ifcgRegDate
			,a.ifcgRenDate
			,(select count(ab.ifcdSeq) from code ab where 1=1 and ab.codegroup_seq = a.ifcgSeq) as xcount

        FROM 
			codegroup a
		WHERE 1=1

			ORDER BY
			a.ifcgSeq desc
        ) aa
		limit 10 offset 0
 {executed in 2 msec} 
2024-09-25T16:16:37.080 [http-nio-8090-exec-3] DEBUG j.sqltiming -  com.zaxxer.hikari.pool.ProxyPreparedStatement.execute(ProxyPreparedStatement.java:44)
34. SELECT COUNT(*)

        FROM 
			codegroup a
		WHERE 1=1
 {executed in 5 msec} 
2024-09-25T16:16:37.083 [http-nio-8090-exec-3] DEBUG j.sqltiming -  com.zaxxer.hikari.pool.ProxyPreparedStatement.execute(ProxyPreparedStatement.java:44)
34. select aa.* from (
	   SELECT
			a.ifcgSeq
			,a.ifcgName
			,a.ifcgUseNy
			,a.ifcgOrder
			,a.ifcgDesc
			,a.ifcgDelNy
			,a.ifcgRegDate
			,a.ifcgRenDate
			,(select count(ab.ifcdSeq) from code ab where 1=1 and ab.codegroup_seq = a.ifcgSeq) as xcount

        FROM 
			codegroup a
		WHERE 1=1

			ORDER BY
			a.ifcgSeq desc
        ) aa
		limit 10 offset 0
 {executed in 2 msec} 
2024-09-25T16:16:48.849 [http-nio-8090-exec-9] DEBUG j.sqltiming -  com.zaxxer.hikari.pool.ProxyPreparedStatement.execute(ProxyPreparedStatement.java:44)
34. SELECT COUNT(*)

        FROM 
			codegroup a
		WHERE 1=1
			 AND ifcgDelNy = 1
 {executed in 0 msec} 
2024-09-25T16:16:48.854 [http-nio-8090-exec-9] DEBUG j.sqltiming -  com.zaxxer.hikari.pool.ProxyPreparedStatement.execute(ProxyPreparedStatement.java:44)
34. select aa.* from (
	   SELECT
			a.ifcgSeq
			,a.ifcgName
			,a.ifcgUseNy
			,a.ifcgOrder
			,a.ifcgDesc
			,a.ifcgDelNy
			,a.ifcgRegDate
			,a.ifcgRenDate
			,(select count(ab.ifcdSeq) from code ab where 1=1 and ab.codegroup_seq = a.ifcgSeq) as xcount

        FROM 
			codegroup a
		WHERE 1=1
			 AND ifcgDelNy = 1 	

			ORDER BY
			a.ifcgSeq desc
        ) aa
		limit 10 offset 0
 {executed in 1 msec} 
2024-09-25T16:19:01.367 [http-nio-8090-exec-5] DEBUG j.sqltiming -  com.zaxxer.hikari.pool.ProxyPreparedStatement.execute(ProxyPreparedStatement.java:44)
34. SELECT COUNT(*)

        FROM 
			codegroup a
		WHERE 1=1
 {executed in 2 msec} 
2024-09-25T16:19:01.369 [http-nio-8090-exec-5] DEBUG j.sqltiming -  com.zaxxer.hikari.pool.ProxyPreparedStatement.execute(ProxyPreparedStatement.java:44)
34. select aa.* from (
	   SELECT
			a.ifcgSeq
			,a.ifcgName
			,a.ifcgUseNy
			,a.ifcgOrder
			,a.ifcgDesc
			,a.ifcgDelNy
			,a.ifcgRegDate
			,a.ifcgRenDate
			,(select count(ab.ifcdSeq) from code ab where 1=1 and ab.codegroup_seq = a.ifcgSeq) as xcount

        FROM 
			codegroup a
		WHERE 1=1

			ORDER BY
			a.ifcgSeq desc
        ) aa
		limit 10 offset 0
 {executed in 1 msec} 
2024-09-25T16:19:45.720 [http-nio-8090-exec-4] DEBUG j.sqltiming -  com.zaxxer.hikari.pool.ProxyPreparedStatement.execute(ProxyPreparedStatement.java:44)
34. SELECT COUNT(*)

        FROM 
			codegroup a
		WHERE 1=1
 {executed in 3 msec} 
2024-09-25T16:19:45.722 [http-nio-8090-exec-4] DEBUG j.sqltiming -  com.zaxxer.hikari.pool.ProxyPreparedStatement.execute(ProxyPreparedStatement.java:44)
34. select aa.* from (
	   SELECT
			a.ifcgSeq
			,a.ifcgName
			,a.ifcgUseNy
			,a.ifcgOrder
			,a.ifcgDesc
			,a.ifcgDelNy
			,a.ifcgRegDate
			,a.ifcgRenDate
			,(select count(ab.ifcdSeq) from code ab where 1=1 and ab.codegroup_seq = a.ifcgSeq) as xcount

        FROM 
			codegroup a
		WHERE 1=1

			ORDER BY
			a.ifcgSeq desc
        ) aa
		limit 10 offset 0
 {executed in 1 msec} 
2024-09-25T16:19:49.579 [http-nio-8090-exec-1] DEBUG j.sqltiming -  com.zaxxer.hikari.pool.ProxyPreparedStatement.execute(ProxyPreparedStatement.java:44)
34. SELECT COUNT(*)

        FROM 
			codegroup a
		WHERE 1=1
			 AND ifcgDelNy = 1
 {executed in 0 msec} 
2024-09-25T16:19:49.579 [http-nio-8090-exec-1] DEBUG j.sqltiming -  com.zaxxer.hikari.pool.ProxyPreparedStatement.execute(ProxyPreparedStatement.java:44)
34. select aa.* from (
	   SELECT
			a.ifcgSeq
			,a.ifcgName
			,a.ifcgUseNy
			,a.ifcgOrder
			,a.ifcgDesc
			,a.ifcgDelNy
			,a.ifcgRegDate
			,a.ifcgRenDate
			,(select count(ab.ifcdSeq) from code ab where 1=1 and ab.codegroup_seq = a.ifcgSeq) as xcount

        FROM 
			codegroup a
		WHERE 1=1
			 AND ifcgDelNy = 1 	

			ORDER BY
			a.ifcgSeq desc
        ) aa
		limit 10 offset 0
 {executed in 0 msec} 
2024-09-25T16:20:01.515 [http-nio-8090-exec-5] DEBUG j.sqltiming -  com.zaxxer.hikari.pool.ProxyPreparedStatement.execute(ProxyPreparedStatement.java:44)
34. SELECT COUNT(*)

        FROM 
			codegroup a
		WHERE 1=1
			 AND ifcgDelNy = 1 	
			 AND ifcgUseNy = 0
 {executed in 0 msec} 
2024-09-25T16:20:15.361 [http-nio-8090-exec-6] DEBUG j.sqltiming -  com.zaxxer.hikari.pool.ProxyPreparedStatement.execute(ProxyPreparedStatement.java:44)
34. SELECT COUNT(*)

        FROM 
			codegroup a
		WHERE 1=1
 {executed in 0 msec} 
2024-09-25T16:20:15.361 [http-nio-8090-exec-6] DEBUG j.sqltiming -  com.zaxxer.hikari.pool.ProxyPreparedStatement.execute(ProxyPreparedStatement.java:44)
34. select aa.* from (
	   SELECT
			a.ifcgSeq
			,a.ifcgName
			,a.ifcgUseNy
			,a.ifcgOrder
			,a.ifcgDesc
			,a.ifcgDelNy
			,a.ifcgRegDate
			,a.ifcgRenDate
			,(select count(ab.ifcdSeq) from code ab where 1=1 and ab.codegroup_seq = a.ifcgSeq) as xcount

        FROM 
			codegroup a
		WHERE 1=1

			ORDER BY
			a.ifcgSeq desc
        ) aa
		limit 10 offset 0
 {executed in 0 msec} 
2024-09-25T16:20:29.466 [http-nio-8090-exec-3] DEBUG j.sqltiming -  com.zaxxer.hikari.pool.ProxyPreparedStatement.execute(ProxyPreparedStatement.java:44)
34. SELECT COUNT(*)

        FROM 
			codegroup a
		WHERE 1=1
			 AND ifcgDelNy = 1
 {executed in 1 msec} 
2024-09-25T16:20:29.469 [http-nio-8090-exec-3] DEBUG j.sqltiming -  com.zaxxer.hikari.pool.ProxyPreparedStatement.execute(ProxyPreparedStatement.java:44)
34. select aa.* from (
	   SELECT
			a.ifcgSeq
			,a.ifcgName
			,a.ifcgUseNy
			,a.ifcgOrder
			,a.ifcgDesc
			,a.ifcgDelNy
			,a.ifcgRegDate
			,a.ifcgRenDate
			,(select count(ab.ifcdSeq) from code ab where 1=1 and ab.codegroup_seq = a.ifcgSeq) as xcount

        FROM 
			codegroup a
		WHERE 1=1
			 AND ifcgDelNy = 1 	

			ORDER BY
			a.ifcgSeq desc
        ) aa
		limit 10 offset 0
 {executed in 1 msec} 
2024-09-25T16:20:31.737 [http-nio-8090-exec-10] DEBUG j.sqltiming -  com.zaxxer.hikari.pool.ProxyPreparedStatement.execute(ProxyPreparedStatement.java:44)
34. SELECT COUNT(*)

        FROM 
			codegroup a
		WHERE 1=1
 {executed in 0 msec} 
2024-09-25T16:20:31.737 [http-nio-8090-exec-10] DEBUG j.sqltiming -  com.zaxxer.hikari.pool.ProxyPreparedStatement.execute(ProxyPreparedStatement.java:44)
34. select aa.* from (
	   SELECT
			a.ifcgSeq
			,a.ifcgName
			,a.ifcgUseNy
			,a.ifcgOrder
			,a.ifcgDesc
			,a.ifcgDelNy
			,a.ifcgRegDate
			,a.ifcgRenDate
			,(select count(ab.ifcdSeq) from code ab where 1=1 and ab.codegroup_seq = a.ifcgSeq) as xcount

        FROM 
			codegroup a
		WHERE 1=1

			ORDER BY
			a.ifcgSeq desc
        ) aa
		limit 10 offset 0
 {executed in 0 msec} 
2024-09-25T16:20:36.923 [http-nio-8090-exec-10] DEBUG j.sqltiming -  com.zaxxer.hikari.pool.ProxyPreparedStatement.execute(ProxyPreparedStatement.java:44)
34. SELECT COUNT(*)

        FROM 
			codegroup a
		WHERE 1=1
			 AND ifcgDelNy = 1
 {executed in 1 msec} 
2024-09-25T16:20:36.926 [http-nio-8090-exec-10] DEBUG j.sqltiming -  com.zaxxer.hikari.pool.ProxyPreparedStatement.execute(ProxyPreparedStatement.java:44)
34. select aa.* from (
	   SELECT
			a.ifcgSeq
			,a.ifcgName
			,a.ifcgUseNy
			,a.ifcgOrder
			,a.ifcgDesc
			,a.ifcgDelNy
			,a.ifcgRegDate
			,a.ifcgRenDate
			,(select count(ab.ifcdSeq) from code ab where 1=1 and ab.codegroup_seq = a.ifcgSeq) as xcount

        FROM 
			codegroup a
		WHERE 1=1
			 AND ifcgDelNy = 1 	

			ORDER BY
			a.ifcgSeq desc
        ) aa
		limit 10 offset 0
 {executed in 1 msec} 
2024-09-25T16:20:40.596 [http-nio-8090-exec-9] DEBUG j.sqltiming -  com.zaxxer.hikari.pool.ProxyPreparedStatement.execute(ProxyPreparedStatement.java:44)
34. SELECT COUNT(*)

        FROM 
			codegroup a
		WHERE 1=1
 {executed in 0 msec} 
2024-09-25T16:20:40.596 [http-nio-8090-exec-9] DEBUG j.sqltiming -  com.zaxxer.hikari.pool.ProxyPreparedStatement.execute(ProxyPreparedStatement.java:44)
34. select aa.* from (
	   SELECT
			a.ifcgSeq
			,a.ifcgName
			,a.ifcgUseNy
			,a.ifcgOrder
			,a.ifcgDesc
			,a.ifcgDelNy
			,a.ifcgRegDate
			,a.ifcgRenDate
			,(select count(ab.ifcdSeq) from code ab where 1=1 and ab.codegroup_seq = a.ifcgSeq) as xcount

        FROM 
			codegroup a
		WHERE 1=1

			ORDER BY
			a.ifcgSeq desc
        ) aa
		limit 10 offset 0
 {executed in 0 msec} 
2024-09-25T16:20:43.718 [http-nio-8090-exec-10] DEBUG j.sqltiming -  com.zaxxer.hikari.pool.ProxyPreparedStatement.execute(ProxyPreparedStatement.java:44)
34. SELECT COUNT(*)

        FROM 
			codegroup a
		WHERE 1=1
 {executed in 3 msec} 
2024-09-25T16:20:43.720 [http-nio-8090-exec-10] DEBUG j.sqltiming -  com.zaxxer.hikari.pool.ProxyPreparedStatement.execute(ProxyPreparedStatement.java:44)
34. select aa.* from (
	   SELECT
			a.ifcgSeq
			,a.ifcgName
			,a.ifcgUseNy
			,a.ifcgOrder
			,a.ifcgDesc
			,a.ifcgDelNy
			,a.ifcgRegDate
			,a.ifcgRenDate
			,(select count(ab.ifcdSeq) from code ab where 1=1 and ab.codegroup_seq = a.ifcgSeq) as xcount

        FROM 
			codegroup a
		WHERE 1=1

			ORDER BY
			a.ifcgSeq desc
        ) aa
		limit 10 offset 0
 {executed in 1 msec} 
2024-09-25T16:20:47.410 [http-nio-8090-exec-8] DEBUG j.sqltiming -  com.zaxxer.hikari.pool.ProxyPreparedStatement.execute(ProxyPreparedStatement.java:44)
34. SELECT COUNT(*)

        FROM 
			codegroup a
		WHERE 1=1
 {executed in 3 msec} 
2024-09-25T16:20:47.413 [http-nio-8090-exec-8] DEBUG j.sqltiming -  com.zaxxer.hikari.pool.ProxyPreparedStatement.execute(ProxyPreparedStatement.java:44)
34. select aa.* from (
	   SELECT
			a.ifcgSeq
			,a.ifcgName
			,a.ifcgUseNy
			,a.ifcgOrder
			,a.ifcgDesc
			,a.ifcgDelNy
			,a.ifcgRegDate
			,a.ifcgRenDate
			,(select count(ab.ifcdSeq) from code ab where 1=1 and ab.codegroup_seq = a.ifcgSeq) as xcount

        FROM 
			codegroup a
		WHERE 1=1

			ORDER BY
			a.ifcgSeq desc
        ) aa
		limit 10 offset 0
 {executed in 2 msec} 
2024-09-25T16:20:49.339 [http-nio-8090-exec-4] DEBUG j.sqltiming -  com.zaxxer.hikari.pool.ProxyPreparedStatement.execute(ProxyPreparedStatement.java:44)
34. SELECT COUNT(*)

        FROM 
			codegroup a
		WHERE 1=1
 {executed in 3 msec} 
2024-09-25T16:20:49.343 [http-nio-8090-exec-4] DEBUG j.sqltiming -  com.zaxxer.hikari.pool.ProxyPreparedStatement.execute(ProxyPreparedStatement.java:44)
34. select aa.* from (
	   SELECT
			a.ifcgSeq
			,a.ifcgName
			,a.ifcgUseNy
			,a.ifcgOrder
			,a.ifcgDesc
			,a.ifcgDelNy
			,a.ifcgRegDate
			,a.ifcgRenDate
			,(select count(ab.ifcdSeq) from code ab where 1=1 and ab.codegroup_seq = a.ifcgSeq) as xcount

        FROM 
			codegroup a
		WHERE 1=1

			ORDER BY
			a.ifcgSeq desc
        ) aa
		limit 10 offset 0
 {executed in 2 msec} 
2024-09-25T16:20:50.731 [http-nio-8090-exec-7] DEBUG j.sqltiming -  com.zaxxer.hikari.pool.ProxyPreparedStatement.execute(ProxyPreparedStatement.java:44)
34. SELECT COUNT(*)

        FROM 
			codegroup a
		WHERE 1=1
 {executed in 3 msec} 
2024-09-25T16:20:50.734 [http-nio-8090-exec-7] DEBUG j.sqltiming -  com.zaxxer.hikari.pool.ProxyPreparedStatement.execute(ProxyPreparedStatement.java:44)
34. select aa.* from (
	   SELECT
			a.ifcgSeq
			,a.ifcgName
			,a.ifcgUseNy
			,a.ifcgOrder
			,a.ifcgDesc
			,a.ifcgDelNy
			,a.ifcgRegDate
			,a.ifcgRenDate
			,(select count(ab.ifcdSeq) from code ab where 1=1 and ab.codegroup_seq = a.ifcgSeq) as xcount

        FROM 
			codegroup a
		WHERE 1=1

			ORDER BY
			a.ifcgSeq desc
        ) aa
		limit 10 offset 0
 {executed in 1 msec} 
2024-09-25T16:20:52.224 [http-nio-8090-exec-9] DEBUG j.sqltiming -  com.zaxxer.hikari.pool.ProxyPreparedStatement.execute(ProxyPreparedStatement.java:44)
34. SELECT COUNT(*)

        FROM 
			codegroup a
		WHERE 1=1
 {executed in 1 msec} 
2024-09-25T16:20:52.227 [http-nio-8090-exec-9] DEBUG j.sqltiming -  com.zaxxer.hikari.pool.ProxyPreparedStatement.execute(ProxyPreparedStatement.java:44)
34. select aa.* from (
	   SELECT
			a.ifcgSeq
			,a.ifcgName
			,a.ifcgUseNy
			,a.ifcgOrder
			,a.ifcgDesc
			,a.ifcgDelNy
			,a.ifcgRegDate
			,a.ifcgRenDate
			,(select count(ab.ifcdSeq) from code ab where 1=1 and ab.codegroup_seq = a.ifcgSeq) as xcount

        FROM 
			codegroup a
		WHERE 1=1

			ORDER BY
			a.ifcgSeq desc
        ) aa
		limit 10 offset 0
 {executed in 1 msec} 
2024-09-25T16:21:17.858 [http-nio-8090-exec-8] DEBUG j.sqltiming -  com.zaxxer.hikari.pool.ProxyPreparedStatement.execute(ProxyPreparedStatement.java:44)
34. SELECT COUNT(*)

        FROM 
			codegroup a
		WHERE 1=1
 {executed in 2 msec} 
2024-09-25T16:21:17.862 [http-nio-8090-exec-8] DEBUG j.sqltiming -  com.zaxxer.hikari.pool.ProxyPreparedStatement.execute(ProxyPreparedStatement.java:44)
34. select aa.* from (
	   SELECT
			a.ifcgSeq
			,a.ifcgName
			,a.ifcgUseNy
			,a.ifcgOrder
			,a.ifcgDesc
			,a.ifcgDelNy
			,a.ifcgRegDate
			,a.ifcgRenDate
			,(select count(ab.ifcdSeq) from code ab where 1=1 and ab.codegroup_seq = a.ifcgSeq) as xcount

        FROM 
			codegroup a
		WHERE 1=1

			ORDER BY
			a.ifcgSeq desc
        ) aa
		limit 10 offset 0
 {executed in 1 msec} 
2024-09-25T16:21:20.572 [http-nio-8090-exec-1] DEBUG j.sqltiming -  com.zaxxer.hikari.pool.ProxyPreparedStatement.execute(ProxyPreparedStatement.java:44)
34. SELECT COUNT(*)

        FROM 
			codegroup a
		WHERE 1=1
 {executed in 4 msec} 
2024-09-25T16:21:20.575 [http-nio-8090-exec-1] DEBUG j.sqltiming -  com.zaxxer.hikari.pool.ProxyPreparedStatement.execute(ProxyPreparedStatement.java:44)
34. select aa.* from (
	   SELECT
			a.ifcgSeq
			,a.ifcgName
			,a.ifcgUseNy
			,a.ifcgOrder
			,a.ifcgDesc
			,a.ifcgDelNy
			,a.ifcgRegDate
			,a.ifcgRenDate
			,(select count(ab.ifcdSeq) from code ab where 1=1 and ab.codegroup_seq = a.ifcgSeq) as xcount

        FROM 
			codegroup a
		WHERE 1=1

			ORDER BY
			a.ifcgSeq desc
        ) aa
		limit 10 offset 0
 {executed in 1 msec} 
2024-09-25T16:21:49.067 [http-nio-8090-exec-8] DEBUG j.sqltiming -  com.zaxxer.hikari.pool.ProxyPreparedStatement.execute(ProxyPreparedStatement.java:44)
34. INSERT INTO codegroup(
			ifcgName
			,ifcgUseNy
			,ifcgOrder
			,ifcgDesc
			,ifcgDelNy
			,ifcgRegDate
			,ifcgRenDate
	  	)VALUES(
			'qwer쵸단'
			,1
			,1
			,''
			,NULL
			,now()
			,now()
			)
 {executed in 15 msec} 
2024-09-25T16:21:49.084 [http-nio-8090-exec-4] DEBUG j.sqltiming -  com.zaxxer.hikari.pool.ProxyPreparedStatement.execute(ProxyPreparedStatement.java:44)
34. SELECT COUNT(*)

        FROM 
			codegroup a
		WHERE 1=1
 {executed in 0 msec} 
2024-09-25T16:21:49.084 [http-nio-8090-exec-4] DEBUG j.sqltiming -  com.zaxxer.hikari.pool.ProxyPreparedStatement.execute(ProxyPreparedStatement.java:44)
34. select aa.* from (
	   SELECT
			a.ifcgSeq
			,a.ifcgName
			,a.ifcgUseNy
			,a.ifcgOrder
			,a.ifcgDesc
			,a.ifcgDelNy
			,a.ifcgRegDate
			,a.ifcgRenDate
			,(select count(ab.ifcdSeq) from code ab where 1=1 and ab.codegroup_seq = a.ifcgSeq) as xcount

        FROM 
			codegroup a
		WHERE 1=1

			ORDER BY
			a.ifcgSeq desc
        ) aa
		limit 10 offset 0
 {executed in 0 msec} 
2024-09-25T16:21:51.394 [http-nio-8090-exec-7] DEBUG j.sqltiming -  com.zaxxer.hikari.pool.ProxyPreparedStatement.execute(ProxyPreparedStatement.java:44)
34. SELECT COUNT(*)

        FROM 
			codegroup a
		WHERE 1=1
 {executed in 2 msec} 
2024-09-25T16:21:51.396 [http-nio-8090-exec-7] DEBUG j.sqltiming -  com.zaxxer.hikari.pool.ProxyPreparedStatement.execute(ProxyPreparedStatement.java:44)
34. select aa.* from (
	   SELECT
			a.ifcgSeq
			,a.ifcgName
			,a.ifcgUseNy
			,a.ifcgOrder
			,a.ifcgDesc
			,a.ifcgDelNy
			,a.ifcgRegDate
			,a.ifcgRenDate
			,(select count(ab.ifcdSeq) from code ab where 1=1 and ab.codegroup_seq = a.ifcgSeq) as xcount

        FROM 
			codegroup a
		WHERE 1=1

			ORDER BY
			a.ifcgSeq desc
        ) aa
		limit 10 offset 0
 {executed in 1 msec} 
2024-09-25T16:21:54.060 [http-nio-8090-exec-7] DEBUG j.sqltiming -  com.zaxxer.hikari.pool.ProxyPreparedStatement.execute(ProxyPreparedStatement.java:44)
34. SELECT COUNT(*)

        FROM 
			codegroup a
		WHERE 1=1
 {executed in 1 msec} 
2024-09-25T16:21:54.064 [http-nio-8090-exec-7] DEBUG j.sqltiming -  com.zaxxer.hikari.pool.ProxyPreparedStatement.execute(ProxyPreparedStatement.java:44)
34. select aa.* from (
	   SELECT
			a.ifcgSeq
			,a.ifcgName
			,a.ifcgUseNy
			,a.ifcgOrder
			,a.ifcgDesc
			,a.ifcgDelNy
			,a.ifcgRegDate
			,a.ifcgRenDate
			,(select count(ab.ifcdSeq) from code ab where 1=1 and ab.codegroup_seq = a.ifcgSeq) as xcount

        FROM 
			codegroup a
		WHERE 1=1

			ORDER BY
			a.ifcgSeq desc
        ) aa
		limit 10 offset 0
 {executed in 2 msec} 
2024-09-25T16:22:01.439 [http-nio-8090-exec-5] DEBUG j.sqltiming -  com.zaxxer.hikari.pool.ProxyPreparedStatement.execute(ProxyPreparedStatement.java:44)
34. SELECT COUNT(*)

        FROM 
			codegroup a
		WHERE 1=1
 {executed in 2 msec} 
2024-09-25T16:22:01.441 [http-nio-8090-exec-5] DEBUG j.sqltiming -  com.zaxxer.hikari.pool.ProxyPreparedStatement.execute(ProxyPreparedStatement.java:44)
34. select aa.* from (
	   SELECT
			a.ifcgSeq
			,a.ifcgName
			,a.ifcgUseNy
			,a.ifcgOrder
			,a.ifcgDesc
			,a.ifcgDelNy
			,a.ifcgRegDate
			,a.ifcgRenDate
			,(select count(ab.ifcdSeq) from code ab where 1=1 and ab.codegroup_seq = a.ifcgSeq) as xcount

        FROM 
			codegroup a
		WHERE 1=1

			ORDER BY
			a.ifcgSeq desc
        ) aa
		limit 10 offset 0
 {executed in 1 msec} 
2024-09-25T16:22:02.816 [http-nio-8090-exec-3] DEBUG j.sqltiming -  com.zaxxer.hikari.pool.ProxyPreparedStatement.execute(ProxyPreparedStatement.java:44)
34. SELECT COUNT(*)

        FROM 
			codegroup a
		WHERE 1=1
 {executed in 0 msec} 
2024-09-25T16:22:02.836 [http-nio-8090-exec-3] DEBUG j.sqltiming -  com.zaxxer.hikari.pool.ProxyPreparedStatement.execute(ProxyPreparedStatement.java:44)
34. select aa.* from (
	   SELECT
			a.ifcgSeq
			,a.ifcgName
			,a.ifcgUseNy
			,a.ifcgOrder
			,a.ifcgDesc
			,a.ifcgDelNy
			,a.ifcgRegDate
			,a.ifcgRenDate
			,(select count(ab.ifcdSeq) from code ab where 1=1 and ab.codegroup_seq = a.ifcgSeq) as xcount

        FROM 
			codegroup a
		WHERE 1=1

			ORDER BY
			a.ifcgSeq desc
        ) aa
		limit 10 offset 0
 {executed in 1 msec} 
2024-09-25T16:22:08.288 [http-nio-8090-exec-6] DEBUG j.sqltiming -  com.zaxxer.hikari.pool.ProxyPreparedStatement.execute(ProxyPreparedStatement.java:44)
34. SELECT COUNT(*)

        FROM 
			codegroup a
		WHERE 1=1
 {executed in 2 msec} 
2024-09-25T16:22:08.290 [http-nio-8090-exec-6] DEBUG j.sqltiming -  com.zaxxer.hikari.pool.ProxyPreparedStatement.execute(ProxyPreparedStatement.java:44)
34. select aa.* from (
	   SELECT
			a.ifcgSeq
			,a.ifcgName
			,a.ifcgUseNy
			,a.ifcgOrder
			,a.ifcgDesc
			,a.ifcgDelNy
			,a.ifcgRegDate
			,a.ifcgRenDate
			,(select count(ab.ifcdSeq) from code ab where 1=1 and ab.codegroup_seq = a.ifcgSeq) as xcount

        FROM 
			codegroup a
		WHERE 1=1

			ORDER BY
			a.ifcgSeq desc
        ) aa
		limit 10 offset 0
 {executed in 1 msec} 
2024-09-25T16:22:09.833 [http-nio-8090-exec-1] DEBUG j.sqltiming -  com.zaxxer.hikari.pool.ProxyPreparedStatement.execute(ProxyPreparedStatement.java:44)
34. SELECT COUNT(*)

        FROM 
			codegroup a
		WHERE 1=1
 {executed in 2 msec} 
2024-09-25T16:22:09.836 [http-nio-8090-exec-1] DEBUG j.sqltiming -  com.zaxxer.hikari.pool.ProxyPreparedStatement.execute(ProxyPreparedStatement.java:44)
34. select aa.* from (
	   SELECT
			a.ifcgSeq
			,a.ifcgName
			,a.ifcgUseNy
			,a.ifcgOrder
			,a.ifcgDesc
			,a.ifcgDelNy
			,a.ifcgRegDate
			,a.ifcgRenDate
			,(select count(ab.ifcdSeq) from code ab where 1=1 and ab.codegroup_seq = a.ifcgSeq) as xcount

        FROM 
			codegroup a
		WHERE 1=1

			ORDER BY
			a.ifcgSeq desc
        ) aa
		limit 10 offset 0
 {executed in 1 msec} 
2024-09-25T16:22:11.103 [http-nio-8090-exec-9] DEBUG j.sqltiming -  com.zaxxer.hikari.pool.ProxyPreparedStatement.execute(ProxyPreparedStatement.java:44)
34. SELECT COUNT(*)

        FROM 
			codegroup a
		WHERE 1=1
 {executed in 1 msec} 
2024-09-25T16:22:11.106 [http-nio-8090-exec-9] DEBUG j.sqltiming -  com.zaxxer.hikari.pool.ProxyPreparedStatement.execute(ProxyPreparedStatement.java:44)
34. select aa.* from (
	   SELECT
			a.ifcgSeq
			,a.ifcgName
			,a.ifcgUseNy
			,a.ifcgOrder
			,a.ifcgDesc
			,a.ifcgDelNy
			,a.ifcgRegDate
			,a.ifcgRenDate
			,(select count(ab.ifcdSeq) from code ab where 1=1 and ab.codegroup_seq = a.ifcgSeq) as xcount

        FROM 
			codegroup a
		WHERE 1=1

			ORDER BY
			a.ifcgSeq desc
        ) aa
		limit 10 offset 0
 {executed in 2 msec} 
2024-09-25T16:22:16.918 [http-nio-8090-exec-1] DEBUG j.sqltiming -  com.zaxxer.hikari.pool.ProxyPreparedStatement.execute(ProxyPreparedStatement.java:44)
34. SELECT COUNT(*)

        FROM 
			codegroup a
		WHERE 1=1
 {executed in 4 msec} 
2024-09-25T16:22:16.921 [http-nio-8090-exec-1] DEBUG j.sqltiming -  com.zaxxer.hikari.pool.ProxyPreparedStatement.execute(ProxyPreparedStatement.java:44)
34. select aa.* from (
	   SELECT
			a.ifcgSeq
			,a.ifcgName
			,a.ifcgUseNy
			,a.ifcgOrder
			,a.ifcgDesc
			,a.ifcgDelNy
			,a.ifcgRegDate
			,a.ifcgRenDate
			,(select count(ab.ifcdSeq) from code ab where 1=1 and ab.codegroup_seq = a.ifcgSeq) as xcount

        FROM 
			codegroup a
		WHERE 1=1

			ORDER BY
			a.ifcgSeq desc
        ) aa
		limit 10 offset 0
 {executed in 1 msec} 
2024-09-25T16:48:34.983 [http-nio-8090-exec-2] DEBUG j.sqltiming -  com.zaxxer.hikari.pool.ProxyPreparedStatement.execute(ProxyPreparedStatement.java:44)
44. SELECT COUNT(*)

        FROM 
			codegroup a
		WHERE 1=1
 {executed in 14 msec} 
2024-09-25T16:48:34.995 [http-nio-8090-exec-2] DEBUG j.sqltiming -  com.zaxxer.hikari.pool.ProxyPreparedStatement.execute(ProxyPreparedStatement.java:44)
44. select aa.* from (
	   SELECT
			a.ifcgSeq
			,a.ifcgName
			,a.ifcgUseNy
			,a.ifcgOrder
			,a.ifcgDesc
			,a.ifcgDelNy
			,a.ifcgRegDate
			,a.ifcgRenDate
			,(select count(ab.ifcdSeq) from code ab where 1=1 and ab.codegroup_seq = a.ifcgSeq) as xcount

        FROM 
			codegroup a
		WHERE 1=1

			ORDER BY
			a.ifcgSeq desc
        ) aa
		limit 10 offset 0
 {executed in 4 msec} 
