2024-09-20T15:47:31.022 [http-nio-8090-exec-7] DEBUG j.sqltiming -  com.zaxxer.hikari.pool.ProxyPreparedStatement.execute(ProxyPreparedStatement.java:44)
814. SELECT
	  	 	a.seq
			,a.className
			,a.teacher
			,a.classDesc
			,a.regDate
			,a.modDate
			,a.price
			,a.terms
			,a.delny 
			,a.UseNy 
			,a.orders
        FROM 
			class a	
		WHERE 1=1
			AND	a.seq = 2
 {executed in 138 msec} 
2024-09-20T15:47:50.297 [http-nio-8090-exec-1] DEBUG j.sqltiming -  com.zaxxer.hikari.pool.ProxyPreparedStatement.execute(ProxyPreparedStatement.java:44)
814. SELECT
	  	 	a.seq
			,a.className
			,a.teacher
			,a.classDesc
			,a.regDate
			,a.modDate
			,a.price
			,a.terms
			,a.delny 
			,a.UseNy 
			,a.orders
        FROM 
			class a	
		WHERE 1=1
			AND	a.seq = 2
 {executed in 0 msec} 
2024-09-20T15:48:01.879 [http-nio-8090-exec-9] DEBUG j.sqltiming -  com.zaxxer.hikari.pool.ProxyPreparedStatement.execute(ProxyPreparedStatement.java:44)
814. SELECT
	  	 	a.seq
			,a.className
			,a.teacher
			,a.classDesc
			,a.regDate
			,a.modDate
			,a.price
			,a.terms
			,a.delny 
			,a.UseNy 
			,a.orders
        FROM 
			class a	
		WHERE 1=1
			AND	a.seq = 2
 {executed in 1 msec} 
2024-09-20T15:52:03.310 [http-nio-8090-exec-6] DEBUG j.sqltiming -  com.zaxxer.hikari.pool.ProxyPreparedStatement.execute(ProxyPreparedStatement.java:44)
824. SELECT
		a.seq 
	   ,a.name 
       ,a.opentime 
       ,a.closetime 
       ,a.telNumber 
       ,a.eadress 
       ,a.parking 
       ,a.reservation 
       ,a.freecal 
       ,a.letter 
       ,a.regDate 
       ,a.modDate
     FROM
           information a
     WHERE 1=1

	ORDER BY
		   a.seq desc
 {executed in 66 msec} 
