2024-10-10T12:37:30.764 [File Watcher] INFO o.s.b.d.a.LocalDevToolsAutoConfiguration$RestartingClassPathChangeChangedEventListener - Restarting due to 1 class path change (0 additions, 0 deletions, 1 modification) 
2024-10-10T12:37:32.770 [Thread-294] INFO o.a.c.h.Http11NioProtocol - Stopping ProtocolHandler ["http-nio-8090"] 
2024-10-10T12:37:34.204 [Thread-294] INFO c.z.h.HikariDataSource - HikariPool-75 - Shutdown initiated... 
2024-10-10T12:37:34.248 [Thread-294] INFO c.z.h.HikariDataSource - HikariPool-75 - Shutdown completed. 
2024-10-10T12:37:35.885 [restartedMain] INFO c.e.h.SeventeenApplication - Starting SeventeenApplication using Java 17.0.11 with PID 79868 (C:\factory\ws_sts4_4240\repo_seventeen\seventeen\bin\main started by User in C:\factory\ws_sts4_4240\repo_seventeen\seventeen) 
2024-10-10T12:37:35.885 [restartedMain] INFO c.e.h.SeventeenApplication - No active profile set, falling back to 1 default profile: "default" 
2024-10-10T12:37:36.409 [restartedMain] INFO o.s.b.w.e.t.TomcatWebServer - Tomcat initialized with port 8090 (http) 
2024-10-10T12:37:36.411 [restartedMain] INFO o.a.c.h.Http11NioProtocol - Initializing ProtocolHandler ["http-nio-8090"] 
2024-10-10T12:37:36.411 [restartedMain] INFO o.a.c.c.StandardService - Starting service [Tomcat] 
2024-10-10T12:37:36.411 [restartedMain] INFO o.a.c.c.StandardEngine - Starting Servlet engine: [Apache Tomcat/10.1.28] 
2024-10-10T12:37:36.437 [restartedMain] INFO o.a.c.c.C.[.[.[/] - Initializing Spring embedded WebApplicationContext 
2024-10-10T12:37:36.438 [restartedMain] INFO o.s.b.w.s.c.ServletWebServerApplicationContext - Root WebApplicationContext: initialization completed in 550 ms 
2024-10-10T12:37:36.619 [restartedMain] INFO c.z.h.HikariDataSource - HikariPool-76 - Starting... 
2024-10-10T12:37:36.640 [restartedMain] INFO c.z.h.p.HikariPool - HikariPool-76 - Added connection net.sf.log4jdbc.sql.jdbcapi.ConnectionSpy@2341ebdc 
2024-10-10T12:37:36.641 [restartedMain] INFO c.z.h.HikariDataSource - HikariPool-76 - Start completed. 
2024-10-10T12:37:36.644 [restartedMain] DEBUG j.sqltiming -  com.zaxxer.hikari.pool.ProxyPreparedStatement.execute(ProxyPreparedStatement.java:44)
1101. SELECT 
			ifcdSeq
			, ifcdName
			, codegroup_seq
		FROM
			code
		WHERE 1=1
			AND ifcdDelny = 0
		    AND ifcdUseNy = 1
 {executed in 3 msec} 
2024-10-10T12:37:37.098 [restartedMain] INFO o.s.b.d.a.OptionalLiveReloadServer - LiveReload server is running on port 35729 
2024-10-10T12:37:37.267 [restartedMain] INFO o.a.c.h.Http11NioProtocol - Starting ProtocolHandler ["http-nio-8090"] 
2024-10-10T12:37:37.290 [restartedMain] INFO o.s.b.w.e.t.TomcatWebServer - Tomcat started on port 8090 (http) with context path '/' 
2024-10-10T12:37:37.305 [restartedMain] INFO c.e.h.SeventeenApplication - Started SeventeenApplication in 1.461 seconds (process running for 528971.223) 
2024-10-10T12:37:37.309 [restartedMain] INFO o.s.b.d.a.ConditionEvaluationDeltaLoggingListener - Condition evaluation unchanged 
2024-10-10T12:39:21.267 [http-nio-8090-exec-2] INFO o.a.c.c.C.[.[.[/] - Initializing Spring DispatcherServlet 'dispatcherServlet' 
2024-10-10T12:39:21.268 [http-nio-8090-exec-2] INFO o.s.w.s.DispatcherServlet - Initializing Servlet 'dispatcherServlet' 
2024-10-10T12:39:21.268 [http-nio-8090-exec-2] INFO o.s.w.s.DispatcherServlet - Completed initialization in 0 ms 
2024-10-10T12:42:16.729 [File Watcher] INFO o.s.b.d.a.LocalDevToolsAutoConfiguration$RestartingClassPathChangeChangedEventListener - Restarting due to 1 class path change (1 addition, 0 deletions, 0 modifications) 
2024-10-10T12:42:16.754 [Thread-298] INFO o.a.c.h.Http11NioProtocol - Stopping ProtocolHandler ["http-nio-8090"] 
2024-10-10T12:42:18.732 [Thread-298] INFO c.z.h.HikariDataSource - HikariPool-76 - Shutdown initiated... 
2024-10-10T12:42:18.765 [Thread-298] INFO c.z.h.HikariDataSource - HikariPool-76 - Shutdown completed. 
2024-10-10T12:42:19.676 [restartedMain] INFO c.e.h.SeventeenApplication - Starting SeventeenApplication using Java 17.0.11 with PID 79868 (C:\factory\ws_sts4_4240\repo_seventeen\seventeen\bin\main started by User in C:\factory\ws_sts4_4240\repo_seventeen\seventeen) 
2024-10-10T12:42:19.677 [restartedMain] INFO c.e.h.SeventeenApplication - No active profile set, falling back to 1 default profile: "default" 
2024-10-10T12:42:20.348 [restartedMain] INFO o.s.b.w.e.t.TomcatWebServer - Tomcat initialized with port 8090 (http) 
2024-10-10T12:42:20.349 [restartedMain] INFO o.a.c.h.Http11NioProtocol - Initializing ProtocolHandler ["http-nio-8090"] 
2024-10-10T12:42:20.349 [restartedMain] INFO o.a.c.c.StandardService - Starting service [Tomcat] 
2024-10-10T12:42:20.349 [restartedMain] INFO o.a.c.c.StandardEngine - Starting Servlet engine: [Apache Tomcat/10.1.28] 
2024-10-10T12:42:20.366 [restartedMain] INFO o.a.c.c.C.[.[.[/] - Initializing Spring embedded WebApplicationContext 
2024-10-10T12:42:20.366 [restartedMain] INFO o.s.b.w.s.c.ServletWebServerApplicationContext - Root WebApplicationContext: initialization completed in 687 ms 
2024-10-10T12:42:20.426 [restartedMain] INFO c.z.h.HikariDataSource - HikariPool-77 - Starting... 
2024-10-10T12:42:20.444 [restartedMain] INFO c.z.h.p.HikariPool - HikariPool-77 - Added connection net.sf.log4jdbc.sql.jdbcapi.ConnectionSpy@276a76c1 
2024-10-10T12:42:20.444 [restartedMain] INFO c.z.h.HikariDataSource - HikariPool-77 - Start completed. 
2024-10-10T12:42:20.446 [restartedMain] DEBUG j.sqltiming -  com.zaxxer.hikari.pool.ProxyPreparedStatement.execute(ProxyPreparedStatement.java:44)
1111. SELECT 
			ifcdSeq
			, ifcdName
			, codegroup_seq
		FROM
			code
		WHERE 1=1
			AND ifcdDelny = 0
		    AND ifcdUseNy = 1
 {executed in 2 msec} 
2024-10-10T12:42:20.596 [restartedMain] INFO o.s.b.d.a.OptionalLiveReloadServer - LiveReload server is running on port 35729 
2024-10-10T12:42:20.607 [restartedMain] INFO o.a.c.h.Http11NioProtocol - Starting ProtocolHandler ["http-nio-8090"] 
2024-10-10T12:42:20.611 [restartedMain] INFO o.s.b.w.e.t.TomcatWebServer - Tomcat started on port 8090 (http) with context path '/' 
2024-10-10T12:42:20.627 [restartedMain] INFO c.e.h.SeventeenApplication - Started SeventeenApplication in 0.992 seconds (process running for 529254.542) 
2024-10-10T12:42:20.628 [restartedMain] INFO o.s.b.d.a.ConditionEvaluationDeltaLoggingListener - Condition evaluation unchanged 
2024-10-10T12:44:38.167 [File Watcher] INFO o.s.b.d.a.LocalDevToolsAutoConfiguration$RestartingClassPathChangeChangedEventListener - Restarting due to 1 class path change (0 additions, 0 deletions, 1 modification) 
2024-10-10T12:44:38.264 [Thread-302] INFO o.a.c.h.Http11NioProtocol - Stopping ProtocolHandler ["http-nio-8090"] 
2024-10-10T12:44:39.448 [Thread-302] INFO c.z.h.HikariDataSource - HikariPool-77 - Shutdown initiated... 
2024-10-10T12:44:39.834 [Thread-302] INFO c.z.h.HikariDataSource - HikariPool-77 - Shutdown completed. 
2024-10-10T12:44:40.323 [restartedMain] INFO c.e.h.SeventeenApplication - Starting SeventeenApplication using Java 17.0.11 with PID 79868 (C:\factory\ws_sts4_4240\repo_seventeen\seventeen\bin\main started by User in C:\factory\ws_sts4_4240\repo_seventeen\seventeen) 
2024-10-10T12:44:40.324 [restartedMain] INFO c.e.h.SeventeenApplication - No active profile set, falling back to 1 default profile: "default" 
2024-10-10T12:44:40.723 [restartedMain] INFO o.s.b.w.e.t.TomcatWebServer - Tomcat initialized with port 8090 (http) 
2024-10-10T12:44:40.726 [restartedMain] INFO o.a.c.h.Http11NioProtocol - Initializing ProtocolHandler ["http-nio-8090"] 
2024-10-10T12:44:40.727 [restartedMain] INFO o.a.c.c.StandardService - Starting service [Tomcat] 
2024-10-10T12:44:40.728 [restartedMain] INFO o.a.c.c.StandardEngine - Starting Servlet engine: [Apache Tomcat/10.1.28] 
2024-10-10T12:44:40.753 [restartedMain] INFO o.a.c.c.C.[.[.[/] - Initializing Spring embedded WebApplicationContext 
2024-10-10T12:44:40.754 [restartedMain] INFO o.s.b.w.s.c.ServletWebServerApplicationContext - Root WebApplicationContext: initialization completed in 428 ms 
2024-10-10T12:44:40.879 [restartedMain] INFO c.z.h.HikariDataSource - HikariPool-78 - Starting... 
2024-10-10T12:44:40.895 [restartedMain] INFO c.z.h.p.HikariPool - HikariPool-78 - Added connection net.sf.log4jdbc.sql.jdbcapi.ConnectionSpy@77e52020 
2024-10-10T12:44:40.896 [restartedMain] INFO c.z.h.HikariDataSource - HikariPool-78 - Start completed. 
2024-10-10T12:44:40.898 [restartedMain] DEBUG j.sqltiming -  com.zaxxer.hikari.pool.ProxyPreparedStatement.execute(ProxyPreparedStatement.java:44)
1121. SELECT 
			ifcdSeq
			, ifcdName
			, codegroup_seq
		FROM
			code
		WHERE 1=1
			AND ifcdDelny = 0
		    AND ifcdUseNy = 1
 {executed in 2 msec} 
2024-10-10T12:44:41.683 [restartedMain] INFO o.s.b.d.a.OptionalLiveReloadServer - LiveReload server is running on port 35729 
2024-10-10T12:44:41.880 [restartedMain] INFO o.a.c.h.Http11NioProtocol - Starting ProtocolHandler ["http-nio-8090"] 
2024-10-10T12:44:41.914 [restartedMain] INFO o.s.b.w.e.t.TomcatWebServer - Tomcat started on port 8090 (http) with context path '/' 
2024-10-10T12:44:41.930 [restartedMain] INFO c.e.h.SeventeenApplication - Started SeventeenApplication in 1.641 seconds (process running for 529395.844) 
2024-10-10T12:44:41.932 [restartedMain] INFO o.s.b.d.a.ConditionEvaluationDeltaLoggingListener - Condition evaluation unchanged 
