2024-10-04T10:04:53.795 [http-nio-8090-exec-5] DEBUG j.sqltiming -  com.zaxxer.hikari.pool.ProxyPreparedStatement.execute(ProxyPreparedStatement.java:44)
1. INSERT INTO codegroup(
			ifcgName
			,ifcgUseNy
			,ifcgOrder
			,ifcgDesc
			,ifcgDelNy
			,ifcgRegDate
			,ifcgRenDate
	  	)VALUES(
			'!'
			,NULL
			,1
			,'!'
			,0
			,now()
			,now()
			)
 {executed in 19 msec} 
2024-10-04T10:04:53.798 [http-nio-8090-exec-5] DEBUG j.sqltiming -  com.zaxxer.hikari.pool.ProxyPreparedStatement.execute(ProxyPreparedStatement.java:44)
1. SELECT last_insert_id()
 {executed in 1 msec} 
2024-10-04T10:04:53.855 [http-nio-8090-exec-10] DEBUG j.sqltiming -  com.zaxxer.hikari.pool.ProxyPreparedStatement.execute(ProxyPreparedStatement.java:44)
1. SELECT COUNT(*)

        FROM 
			seventeen.codegroup a
		WHERE 1=1
 {executed in 6 msec} 
2024-10-04T10:04:53.866 [http-nio-8090-exec-10] DEBUG j.sqltiming -  com.zaxxer.hikari.pool.ProxyPreparedStatement.execute(ProxyPreparedStatement.java:44)
1. SELECT aa.* FROM (
	   SELECT
			a.ifcgSeq
			,a.ifcgName
			,a.ifcgUseNy
			,a.ifcgOrder
			,a.ifcgDesc
			,a.ifcgDelNy
			,a.ifcgRegDate
			,a.ifcgRenDate
			,(SELECT count(ifcdSeq) FROM code AS ab where 1=1 AND ab.codegroup_seq = a.ifcgSeq) as xcount

        FROM 
			seventeen.codegroup a
		WHERE 1=1

			ORDER BY
			   a.ifcgSeq desc
        ) aa limit 5 offset 0
 {executed in 7 msec} 
2024-10-04T10:49:21.953 [http-nio-8090-exec-2] DEBUG j.sqltiming -  com.zaxxer.hikari.pool.ProxyPreparedStatement.execute(ProxyPreparedStatement.java:44)
21. INSERT INTO codegroup(
			ifcgName
			,ifcgUseNy
			,ifcgOrder
			,ifcgDesc
			,ifcgDelNy
			,ifcgRegDate
			,ifcgRenDate
	  	)VALUES(
			'fghjk'
			,1
			,1
			,'12'
			,0
			,now()
			,now()
			)
 {executed in 8 msec} 
2024-10-04T10:49:21.954 [http-nio-8090-exec-2] DEBUG j.sqltiming -  com.zaxxer.hikari.pool.ProxyPreparedStatement.execute(ProxyPreparedStatement.java:44)
21. SELECT last_insert_id()
 {executed in 1 msec} 
2024-10-04T10:49:21.993 [http-nio-8090-exec-7] DEBUG j.sqltiming -  com.zaxxer.hikari.pool.ProxyPreparedStatement.execute(ProxyPreparedStatement.java:44)
21. SELECT COUNT(*)

        FROM 
			seventeen.codegroup a
		WHERE 1=1
 {executed in 24 msec} 
2024-10-04T10:49:21.998 [http-nio-8090-exec-7] DEBUG j.sqltiming -  com.zaxxer.hikari.pool.ProxyPreparedStatement.execute(ProxyPreparedStatement.java:44)
21. SELECT aa.* FROM (
	   SELECT
			a.ifcgSeq
			,a.ifcgName
			,a.ifcgUseNy
			,a.ifcgOrder
			,a.ifcgDesc
			,a.ifcgDelNy
			,a.ifcgRegDate
			,a.ifcgRenDate
			,(SELECT count(ifcdSeq) FROM code AS ab where 1=1 AND ab.codegroup_seq = a.ifcgSeq) as xcount

        FROM 
			seventeen.codegroup a
		WHERE 1=1

			ORDER BY
			   a.ifcgSeq desc
        ) aa limit 5 offset 0
 {executed in 3 msec} 
