2024-09-30T16:24:49.025 [File Watcher] INFO o.s.b.d.a.LocalDevToolsAutoConfiguration$RestartingClassPathChangeChangedEventListener - Restarting due to 4 class path changes (1 addition, 0 deletions, 3 modifications) 
2024-09-30T16:24:50.277 [Thread-140] INFO o.a.c.h.Http11NioProtocol - Stopping ProtocolHandler ["http-nio-8090"] 
2024-09-30T16:24:50.887 [Thread-140] INFO c.z.h.HikariDataSource - HikariPool-36 - Shutdown initiated... 
2024-09-30T16:24:50.967 [Thread-140] INFO c.z.h.HikariDataSource - HikariPool-36 - Shutdown completed. 
2024-09-30T16:24:52.578 [restartedMain] INFO c.e.h.SeventeenApplication - Starting SeventeenApplication using Java 17.0.11 with PID 215048 (C:\factory\ws_sts4_4240\repo_seventeen\seventeen\bin\main started by User in C:\factory\ws_sts4_4240\repo_seventeen\seventeen) 
2024-09-30T16:24:52.578 [restartedMain] INFO c.e.h.SeventeenApplication - No active profile set, falling back to 1 default profile: "default" 
2024-09-30T16:24:53.287 [restartedMain] INFO o.s.b.w.e.t.TomcatWebServer - Tomcat initialized with port 8090 (http) 
2024-09-30T16:24:53.293 [restartedMain] INFO o.a.c.h.Http11NioProtocol - Initializing ProtocolHandler ["http-nio-8090"] 
2024-09-30T16:24:53.294 [restartedMain] INFO o.a.c.c.StandardService - Starting service [Tomcat] 
2024-09-30T16:24:53.295 [restartedMain] INFO o.a.c.c.StandardEngine - Starting Servlet engine: [Apache Tomcat/10.1.28] 
2024-09-30T16:24:53.326 [restartedMain] INFO o.a.c.c.C.[.[.[/] - Initializing Spring embedded WebApplicationContext 
2024-09-30T16:24:53.326 [restartedMain] INFO o.s.b.w.s.c.ServletWebServerApplicationContext - Root WebApplicationContext: initialization completed in 740 ms 
2024-09-30T16:24:53.617 [restartedMain] INFO c.z.h.HikariDataSource - HikariPool-37 - Starting... 
2024-09-30T16:24:53.751 [restartedMain] INFO c.z.h.p.HikariPool - HikariPool-37 - Added connection net.sf.log4jdbc.sql.jdbcapi.ConnectionSpy@1ebe172c 
2024-09-30T16:24:53.751 [restartedMain] INFO c.z.h.HikariDataSource - HikariPool-37 - Start completed. 
2024-09-30T16:24:53.783 [restartedMain] DEBUG j.sqltiming -  com.zaxxer.hikari.pool.ProxyPreparedStatement.execute(ProxyPreparedStatement.java:44)
1164. SELECT 
			ifcdSeq
			, ifcdName
			, codegroup_seq
		FROM
			code
		WHERE 1=1
			AND ifcdDelny = 0
		    AND ifcdUseNy = 1
 {executed in 30 msec} 
2024-09-30T16:24:53.794 [restartedMain] WARN o.s.b.w.s.c.AnnotationConfigServletWebServerApplicationContext - Exception encountered during context initialization - cancelling refresh attempt: org.springframework.beans.factory.BeanCreationException: Error creating bean with name 'memberController': Lookup method resolution failed 
2024-09-30T16:24:53.794 [restartedMain] INFO c.z.h.HikariDataSource - HikariPool-37 - Shutdown initiated... 
2024-09-30T16:24:53.810 [restartedMain] INFO c.z.h.HikariDataSource - HikariPool-37 - Shutdown completed. 
2024-09-30T16:24:53.811 [restartedMain] INFO o.a.c.c.StandardService - Stopping service [Tomcat] 
2024-09-30T16:24:53.820 [restartedMain] INFO o.s.b.a.l.ConditionEvaluationReportLogger - 

Error starting ApplicationContext. To display the condition evaluation report re-run your application with 'debug' enabled. 
2024-09-30T16:24:53.828 [restartedMain] ERROR o.s.b.SpringApplication - Application run failed 
org.springframework.beans.factory.BeanCreationException: Error creating bean with name 'memberController': Lookup method resolution failed
	at org.springframework.beans.factory.annotation.AutowiredAnnotationBeanPostProcessor.checkLookupMethods(AutowiredAnnotationBeanPostProcessor.java:498)
	at org.springframework.beans.factory.annotation.AutowiredAnnotationBeanPostProcessor.determineCandidateConstructors(AutowiredAnnotationBeanPostProcessor.java:368)
	at org.springframework.beans.factory.support.AbstractAutowireCapableBeanFactory.determineConstructorsFromBeanPostProcessors(AbstractAutowireCapableBeanFactory.java:1314)
	at org.springframework.beans.factory.support.AbstractAutowireCapableBeanFactory.createBeanInstance(AbstractAutowireCapableBeanFactory.java:1209)
	at org.springframework.beans.factory.support.AbstractAutowireCapableBeanFactory.doCreateBean(AbstractAutowireCapableBeanFactory.java:562)
	at org.springframework.beans.factory.support.AbstractAutowireCapableBeanFactory.createBean(AbstractAutowireCapableBeanFactory.java:522)
	at org.springframework.beans.factory.support.AbstractBeanFactory.lambda$doGetBean$0(AbstractBeanFactory.java:337)
	at org.springframework.beans.factory.support.DefaultSingletonBeanRegistry.getSingleton(DefaultSingletonBeanRegistry.java:234)
	at org.springframework.beans.factory.support.AbstractBeanFactory.doGetBean(AbstractBeanFactory.java:335)
	at org.springframework.beans.factory.support.AbstractBeanFactory.getBean(AbstractBeanFactory.java:200)
	at org.springframework.beans.factory.support.DefaultListableBeanFactory.preInstantiateSingletons(DefaultListableBeanFactory.java:975)
	at org.springframework.context.support.AbstractApplicationContext.finishBeanFactoryInitialization(AbstractApplicationContext.java:971)
	at org.springframework.context.support.AbstractApplicationContext.refresh(AbstractApplicationContext.java:625)
	at org.springframework.boot.web.servlet.context.ServletWebServerApplicationContext.refresh(ServletWebServerApplicationContext.java:146)
	at org.springframework.boot.SpringApplication.refresh(SpringApplication.java:754)
	at org.springframework.boot.SpringApplication.refreshContext(SpringApplication.java:456)
	at org.springframework.boot.SpringApplication.run(SpringApplication.java:335)
	at org.springframework.boot.SpringApplication.run(SpringApplication.java:1363)
	at org.springframework.boot.SpringApplication.run(SpringApplication.java:1352)
	at com.example.hybe.SeventeenApplication.main(SeventeenApplication.java:10)
	at java.base/jdk.internal.reflect.NativeMethodAccessorImpl.invoke0(Native Method)
	at java.base/jdk.internal.reflect.NativeMethodAccessorImpl.invoke(NativeMethodAccessorImpl.java:77)
	at java.base/jdk.internal.reflect.DelegatingMethodAccessorImpl.invoke(DelegatingMethodAccessorImpl.java:43)
	at java.base/java.lang.reflect.Method.invoke(Method.java:568)
	at org.springframework.boot.devtools.restart.RestartLauncher.run(RestartLauncher.java:50)
Caused by: java.lang.IllegalStateException: Failed to introspect Class [com.example.hybe.infra.member.MemberController] from ClassLoader [org.springframework.boot.devtools.restart.classloader.RestartClassLoader@3a0ab40c]
	at org.springframework.util.ReflectionUtils.getDeclaredMethods(ReflectionUtils.java:483)
	at org.springframework.util.ReflectionUtils.doWithLocalMethods(ReflectionUtils.java:320)
	at org.springframework.beans.factory.annotation.AutowiredAnnotationBeanPostProcessor.checkLookupMethods(AutowiredAnnotationBeanPostProcessor.java:476)
	... 24 common frames omitted
Caused by: java.lang.NoClassDefFoundError: HttpSession
	at java.base/java.lang.Class.getDeclaredMethods0(Native Method)
	at java.base/java.lang.Class.privateGetDeclaredMethods(Class.java:3402)
	at java.base/java.lang.Class.getDeclaredMethods(Class.java:2504)
	at org.springframework.util.ReflectionUtils.getDeclaredMethods(ReflectionUtils.java:465)
	... 26 common frames omitted
Caused by: java.lang.ClassNotFoundException: HttpSession
	at java.base/jdk.internal.loader.BuiltinClassLoader.loadClass(BuiltinClassLoader.java:641)
	at java.base/jdk.internal.loader.ClassLoaders$AppClassLoader.loadClass(ClassLoaders.java:188)
	at java.base/java.lang.ClassLoader.loadClass(ClassLoader.java:520)
	at java.base/java.lang.Class.forName0(Native Method)
	at java.base/java.lang.Class.forName(Class.java:467)
	at org.springframework.boot.devtools.restart.classloader.RestartClassLoader.loadClass(RestartClassLoader.java:121)
	at java.base/java.lang.ClassLoader.loadClass(ClassLoader.java:520)
	... 30 common frames omitted
2024-09-30T16:27:33.055 [restartedMain] INFO c.e.h.SeventeenApplication - Starting SeventeenApplication using Java 17.0.11 with PID 215048 (C:\factory\ws_sts4_4240\repo_seventeen\seventeen\bin\main started by User in C:\factory\ws_sts4_4240\repo_seventeen\seventeen) 
2024-09-30T16:27:33.059 [restartedMain] INFO c.e.h.SeventeenApplication - No active profile set, falling back to 1 default profile: "default" 
2024-09-30T16:27:33.606 [restartedMain] INFO o.s.b.w.e.t.TomcatWebServer - Tomcat initialized with port 8090 (http) 
2024-09-30T16:27:33.612 [restartedMain] INFO o.a.c.h.Http11NioProtocol - Initializing ProtocolHandler ["http-nio-8090"] 
2024-09-30T16:27:33.614 [restartedMain] INFO o.a.c.c.StandardService - Starting service [Tomcat] 
2024-09-30T16:27:33.614 [restartedMain] INFO o.a.c.c.StandardEngine - Starting Servlet engine: [Apache Tomcat/10.1.28] 
2024-09-30T16:27:33.652 [restartedMain] INFO o.a.c.c.C.[.[.[/] - Initializing Spring embedded WebApplicationContext 
2024-09-30T16:27:33.652 [restartedMain] INFO o.s.b.w.s.c.ServletWebServerApplicationContext - Root WebApplicationContext: initialization completed in 579 ms 
2024-09-30T16:27:33.761 [restartedMain] INFO c.z.h.HikariDataSource - HikariPool-38 - Starting... 
2024-09-30T16:27:33.912 [restartedMain] INFO c.z.h.p.HikariPool - HikariPool-38 - Added connection net.sf.log4jdbc.sql.jdbcapi.ConnectionSpy@da8eb4b 
2024-09-30T16:27:33.915 [restartedMain] INFO c.z.h.HikariDataSource - HikariPool-38 - Start completed. 
2024-09-30T16:27:33.935 [restartedMain] DEBUG j.sqltiming -  com.zaxxer.hikari.pool.ProxyPreparedStatement.execute(ProxyPreparedStatement.java:44)
1165. SELECT 
			ifcdSeq
			, ifcdName
			, codegroup_seq
		FROM
			code
		WHERE 1=1
			AND ifcdDelny = 0
		    AND ifcdUseNy = 1
 {executed in 16 msec} 
2024-09-30T16:27:33.951 [restartedMain] WARN o.s.b.w.s.c.AnnotationConfigServletWebServerApplicationContext - Exception encountered during context initialization - cancelling refresh attempt: org.springframework.beans.factory.BeanCreationException: Error creating bean with name 'memberController': Lookup method resolution failed 
2024-09-30T16:27:33.952 [restartedMain] INFO c.z.h.HikariDataSource - HikariPool-38 - Shutdown initiated... 
2024-09-30T16:27:33.957 [restartedMain] INFO c.z.h.HikariDataSource - HikariPool-38 - Shutdown completed. 
2024-09-30T16:27:33.959 [restartedMain] INFO o.a.c.c.StandardService - Stopping service [Tomcat] 
2024-09-30T16:27:33.968 [restartedMain] INFO o.s.b.a.l.ConditionEvaluationReportLogger - 

Error starting ApplicationContext. To display the condition evaluation report re-run your application with 'debug' enabled. 
2024-09-30T16:27:33.979 [restartedMain] ERROR o.s.b.SpringApplication - Application run failed 
org.springframework.beans.factory.BeanCreationException: Error creating bean with name 'memberController': Lookup method resolution failed
	at org.springframework.beans.factory.annotation.AutowiredAnnotationBeanPostProcessor.checkLookupMethods(AutowiredAnnotationBeanPostProcessor.java:498)
	at org.springframework.beans.factory.annotation.AutowiredAnnotationBeanPostProcessor.determineCandidateConstructors(AutowiredAnnotationBeanPostProcessor.java:368)
	at org.springframework.beans.factory.support.AbstractAutowireCapableBeanFactory.determineConstructorsFromBeanPostProcessors(AbstractAutowireCapableBeanFactory.java:1314)
	at org.springframework.beans.factory.support.AbstractAutowireCapableBeanFactory.createBeanInstance(AbstractAutowireCapableBeanFactory.java:1209)
	at org.springframework.beans.factory.support.AbstractAutowireCapableBeanFactory.doCreateBean(AbstractAutowireCapableBeanFactory.java:562)
	at org.springframework.beans.factory.support.AbstractAutowireCapableBeanFactory.createBean(AbstractAutowireCapableBeanFactory.java:522)
	at org.springframework.beans.factory.support.AbstractBeanFactory.lambda$doGetBean$0(AbstractBeanFactory.java:337)
	at org.springframework.beans.factory.support.DefaultSingletonBeanRegistry.getSingleton(DefaultSingletonBeanRegistry.java:234)
	at org.springframework.beans.factory.support.AbstractBeanFactory.doGetBean(AbstractBeanFactory.java:335)
	at org.springframework.beans.factory.support.AbstractBeanFactory.getBean(AbstractBeanFactory.java:200)
	at org.springframework.beans.factory.support.DefaultListableBeanFactory.preInstantiateSingletons(DefaultListableBeanFactory.java:975)
	at org.springframework.context.support.AbstractApplicationContext.finishBeanFactoryInitialization(AbstractApplicationContext.java:971)
	at org.springframework.context.support.AbstractApplicationContext.refresh(AbstractApplicationContext.java:625)
	at org.springframework.boot.web.servlet.context.ServletWebServerApplicationContext.refresh(ServletWebServerApplicationContext.java:146)
	at org.springframework.boot.SpringApplication.refresh(SpringApplication.java:754)
	at org.springframework.boot.SpringApplication.refreshContext(SpringApplication.java:456)
	at org.springframework.boot.SpringApplication.run(SpringApplication.java:335)
	at org.springframework.boot.SpringApplication.run(SpringApplication.java:1363)
	at org.springframework.boot.SpringApplication.run(SpringApplication.java:1352)
	at com.example.hybe.SeventeenApplication.main(SeventeenApplication.java:10)
	at java.base/jdk.internal.reflect.NativeMethodAccessorImpl.invoke0(Native Method)
	at java.base/jdk.internal.reflect.NativeMethodAccessorImpl.invoke(NativeMethodAccessorImpl.java:77)
	at java.base/jdk.internal.reflect.DelegatingMethodAccessorImpl.invoke(DelegatingMethodAccessorImpl.java:43)
	at java.base/java.lang.reflect.Method.invoke(Method.java:568)
	at org.springframework.boot.devtools.restart.RestartLauncher.run(RestartLauncher.java:50)
Caused by: java.lang.IllegalStateException: Failed to introspect Class [com.example.hybe.infra.member.MemberController] from ClassLoader [org.springframework.boot.devtools.restart.classloader.RestartClassLoader@114d0736]
	at org.springframework.util.ReflectionUtils.getDeclaredMethods(ReflectionUtils.java:483)
	at org.springframework.util.ReflectionUtils.doWithLocalMethods(ReflectionUtils.java:320)
	at org.springframework.beans.factory.annotation.AutowiredAnnotationBeanPostProcessor.checkLookupMethods(AutowiredAnnotationBeanPostProcessor.java:476)
	... 24 common frames omitted
Caused by: java.lang.NoClassDefFoundError: HttpSession
	at java.base/java.lang.Class.getDeclaredMethods0(Native Method)
	at java.base/java.lang.Class.privateGetDeclaredMethods(Class.java:3402)
	at java.base/java.lang.Class.getDeclaredMethods(Class.java:2504)
	at org.springframework.util.ReflectionUtils.getDeclaredMethods(ReflectionUtils.java:465)
	... 26 common frames omitted
Caused by: java.lang.ClassNotFoundException: HttpSession
	at java.base/jdk.internal.loader.BuiltinClassLoader.loadClass(BuiltinClassLoader.java:641)
	at java.base/jdk.internal.loader.ClassLoaders$AppClassLoader.loadClass(ClassLoaders.java:188)
	at java.base/java.lang.ClassLoader.loadClass(ClassLoader.java:520)
	at java.base/java.lang.Class.forName0(Native Method)
	at java.base/java.lang.Class.forName(Class.java:467)
	at org.springframework.boot.devtools.restart.classloader.RestartClassLoader.loadClass(RestartClassLoader.java:121)
	at java.base/java.lang.ClassLoader.loadClass(ClassLoader.java:520)
	... 30 common frames omitted
2024-09-30T16:28:08.040 [restartedMain] INFO c.e.h.SeventeenApplication - Starting SeventeenApplication using Java 17.0.11 with PID 215048 (C:\factory\ws_sts4_4240\repo_seventeen\seventeen\bin\main started by User in C:\factory\ws_sts4_4240\repo_seventeen\seventeen) 
2024-09-30T16:28:08.046 [restartedMain] INFO c.e.h.SeventeenApplication - No active profile set, falling back to 1 default profile: "default" 
2024-09-30T16:28:08.344 [restartedMain] INFO o.s.b.w.e.t.TomcatWebServer - Tomcat initialized with port 8090 (http) 
2024-09-30T16:28:08.345 [restartedMain] INFO o.a.c.h.Http11NioProtocol - Initializing ProtocolHandler ["http-nio-8090"] 
2024-09-30T16:28:08.345 [restartedMain] INFO o.a.c.c.StandardService - Starting service [Tomcat] 
2024-09-30T16:28:08.345 [restartedMain] INFO o.a.c.c.StandardEngine - Starting Servlet engine: [Apache Tomcat/10.1.28] 
2024-09-30T16:28:08.370 [restartedMain] INFO o.a.c.c.C.[.[.[/] - Initializing Spring embedded WebApplicationContext 
2024-09-30T16:28:08.370 [restartedMain] INFO o.s.b.w.s.c.ServletWebServerApplicationContext - Root WebApplicationContext: initialization completed in 322 ms 
2024-09-30T16:28:08.451 [restartedMain] INFO c.z.h.HikariDataSource - HikariPool-39 - Starting... 
2024-09-30T16:28:08.470 [restartedMain] INFO c.z.h.p.HikariPool - HikariPool-39 - Added connection net.sf.log4jdbc.sql.jdbcapi.ConnectionSpy@49e8859e 
2024-09-30T16:28:08.470 [restartedMain] INFO c.z.h.HikariDataSource - HikariPool-39 - Start completed. 
2024-09-30T16:28:08.473 [restartedMain] DEBUG j.sqltiming -  com.zaxxer.hikari.pool.ProxyPreparedStatement.execute(ProxyPreparedStatement.java:44)
1166. SELECT 
			ifcdSeq
			, ifcdName
			, codegroup_seq
		FROM
			code
		WHERE 1=1
			AND ifcdDelny = 0
		    AND ifcdUseNy = 1
 {executed in 3 msec} 
2024-09-30T16:28:08.479 [restartedMain] WARN o.s.b.w.s.c.AnnotationConfigServletWebServerApplicationContext - Exception encountered during context initialization - cancelling refresh attempt: org.springframework.beans.factory.BeanCreationException: Error creating bean with name 'memberController': Lookup method resolution failed 
2024-09-30T16:28:08.479 [restartedMain] INFO c.z.h.HikariDataSource - HikariPool-39 - Shutdown initiated... 
2024-09-30T16:28:08.480 [restartedMain] INFO c.z.h.HikariDataSource - HikariPool-39 - Shutdown completed. 
2024-09-30T16:28:08.481 [restartedMain] INFO o.a.c.c.StandardService - Stopping service [Tomcat] 
2024-09-30T16:28:08.487 [restartedMain] INFO o.s.b.a.l.ConditionEvaluationReportLogger - 

Error starting ApplicationContext. To display the condition evaluation report re-run your application with 'debug' enabled. 
2024-09-30T16:28:08.492 [restartedMain] ERROR o.s.b.SpringApplication - Application run failed 
org.springframework.beans.factory.BeanCreationException: Error creating bean with name 'memberController': Lookup method resolution failed
	at org.springframework.beans.factory.annotation.AutowiredAnnotationBeanPostProcessor.checkLookupMethods(AutowiredAnnotationBeanPostProcessor.java:498)
	at org.springframework.beans.factory.annotation.AutowiredAnnotationBeanPostProcessor.determineCandidateConstructors(AutowiredAnnotationBeanPostProcessor.java:368)
	at org.springframework.beans.factory.support.AbstractAutowireCapableBeanFactory.determineConstructorsFromBeanPostProcessors(AbstractAutowireCapableBeanFactory.java:1314)
	at org.springframework.beans.factory.support.AbstractAutowireCapableBeanFactory.createBeanInstance(AbstractAutowireCapableBeanFactory.java:1209)
	at org.springframework.beans.factory.support.AbstractAutowireCapableBeanFactory.doCreateBean(AbstractAutowireCapableBeanFactory.java:562)
	at org.springframework.beans.factory.support.AbstractAutowireCapableBeanFactory.createBean(AbstractAutowireCapableBeanFactory.java:522)
	at org.springframework.beans.factory.support.AbstractBeanFactory.lambda$doGetBean$0(AbstractBeanFactory.java:337)
	at org.springframework.beans.factory.support.DefaultSingletonBeanRegistry.getSingleton(DefaultSingletonBeanRegistry.java:234)
	at org.springframework.beans.factory.support.AbstractBeanFactory.doGetBean(AbstractBeanFactory.java:335)
	at org.springframework.beans.factory.support.AbstractBeanFactory.getBean(AbstractBeanFactory.java:200)
	at org.springframework.beans.factory.support.DefaultListableBeanFactory.preInstantiateSingletons(DefaultListableBeanFactory.java:975)
	at org.springframework.context.support.AbstractApplicationContext.finishBeanFactoryInitialization(AbstractApplicationContext.java:971)
	at org.springframework.context.support.AbstractApplicationContext.refresh(AbstractApplicationContext.java:625)
	at org.springframework.boot.web.servlet.context.ServletWebServerApplicationContext.refresh(ServletWebServerApplicationContext.java:146)
	at org.springframework.boot.SpringApplication.refresh(SpringApplication.java:754)
	at org.springframework.boot.SpringApplication.refreshContext(SpringApplication.java:456)
	at org.springframework.boot.SpringApplication.run(SpringApplication.java:335)
	at org.springframework.boot.SpringApplication.run(SpringApplication.java:1363)
	at org.springframework.boot.SpringApplication.run(SpringApplication.java:1352)
	at com.example.hybe.SeventeenApplication.main(SeventeenApplication.java:10)
	at java.base/jdk.internal.reflect.NativeMethodAccessorImpl.invoke0(Native Method)
	at java.base/jdk.internal.reflect.NativeMethodAccessorImpl.invoke(NativeMethodAccessorImpl.java:77)
	at java.base/jdk.internal.reflect.DelegatingMethodAccessorImpl.invoke(DelegatingMethodAccessorImpl.java:43)
	at java.base/java.lang.reflect.Method.invoke(Method.java:568)
	at org.springframework.boot.devtools.restart.RestartLauncher.run(RestartLauncher.java:50)
Caused by: java.lang.IllegalStateException: Failed to introspect Class [com.example.hybe.infra.member.MemberController] from ClassLoader [org.springframework.boot.devtools.restart.classloader.RestartClassLoader@7a496fe0]
	at org.springframework.util.ReflectionUtils.getDeclaredMethods(ReflectionUtils.java:483)
	at org.springframework.util.ReflectionUtils.doWithLocalMethods(ReflectionUtils.java:320)
	at org.springframework.beans.factory.annotation.AutowiredAnnotationBeanPostProcessor.checkLookupMethods(AutowiredAnnotationBeanPostProcessor.java:476)
	... 24 common frames omitted
Caused by: java.lang.NoClassDefFoundError: HttpSession
	at java.base/java.lang.Class.getDeclaredMethods0(Native Method)
	at java.base/java.lang.Class.privateGetDeclaredMethods(Class.java:3402)
	at java.base/java.lang.Class.getDeclaredMethods(Class.java:2504)
	at org.springframework.util.ReflectionUtils.getDeclaredMethods(ReflectionUtils.java:465)
	... 26 common frames omitted
Caused by: java.lang.ClassNotFoundException: HttpSession
	at java.base/jdk.internal.loader.BuiltinClassLoader.loadClass(BuiltinClassLoader.java:641)
	at java.base/jdk.internal.loader.ClassLoaders$AppClassLoader.loadClass(ClassLoaders.java:188)
	at java.base/java.lang.ClassLoader.loadClass(ClassLoader.java:520)
	at java.base/java.lang.Class.forName0(Native Method)
	at java.base/java.lang.Class.forName(Class.java:467)
	at org.springframework.boot.devtools.restart.classloader.RestartClassLoader.loadClass(RestartClassLoader.java:121)
	at java.base/java.lang.ClassLoader.loadClass(ClassLoader.java:520)
	... 30 common frames omitted
2024-09-30T16:31:19.033 [restartedMain] INFO c.e.h.SeventeenApplication - Starting SeventeenApplication using Java 17.0.11 with PID 215048 (C:\factory\ws_sts4_4240\repo_seventeen\seventeen\bin\main started by User in C:\factory\ws_sts4_4240\repo_seventeen\seventeen) 
2024-09-30T16:31:19.034 [restartedMain] INFO c.e.h.SeventeenApplication - No active profile set, falling back to 1 default profile: "default" 
2024-09-30T16:31:19.860 [restartedMain] INFO o.s.b.w.e.t.TomcatWebServer - Tomcat initialized with port 8090 (http) 
2024-09-30T16:31:19.874 [restartedMain] INFO o.a.c.h.Http11NioProtocol - Initializing ProtocolHandler ["http-nio-8090"] 
2024-09-30T16:31:19.876 [restartedMain] INFO o.a.c.c.StandardService - Starting service [Tomcat] 
2024-09-30T16:31:19.877 [restartedMain] INFO o.a.c.c.StandardEngine - Starting Servlet engine: [Apache Tomcat/10.1.28] 
2024-09-30T16:31:19.962 [restartedMain] INFO o.a.c.c.C.[.[.[/] - Initializing Spring embedded WebApplicationContext 
2024-09-30T16:31:19.962 [restartedMain] INFO o.s.b.w.s.c.ServletWebServerApplicationContext - Root WebApplicationContext: initialization completed in 917 ms 
2024-09-30T16:31:20.356 [restartedMain] INFO c.z.h.HikariDataSource - HikariPool-40 - Starting... 
2024-09-30T16:31:20.536 [restartedMain] INFO c.z.h.p.HikariPool - HikariPool-40 - Added connection net.sf.log4jdbc.sql.jdbcapi.ConnectionSpy@709417f5 
2024-09-30T16:31:20.538 [restartedMain] INFO c.z.h.HikariDataSource - HikariPool-40 - Start completed. 
2024-09-30T16:31:20.570 [restartedMain] DEBUG j.sqltiming -  com.zaxxer.hikari.pool.ProxyPreparedStatement.execute(ProxyPreparedStatement.java:44)
1167. SELECT 
			ifcdSeq
			, ifcdName
			, codegroup_seq
		FROM
			code
		WHERE 1=1
			AND ifcdDelny = 0
		    AND ifcdUseNy = 1
 {executed in 30 msec} 
2024-09-30T16:31:20.586 [restartedMain] WARN o.s.b.w.s.c.AnnotationConfigServletWebServerApplicationContext - Exception encountered during context initialization - cancelling refresh attempt: org.springframework.beans.factory.BeanCreationException: Error creating bean with name 'memberController': Lookup method resolution failed 
2024-09-30T16:31:20.587 [restartedMain] INFO c.z.h.HikariDataSource - HikariPool-40 - Shutdown initiated... 
2024-09-30T16:31:20.591 [restartedMain] INFO c.z.h.HikariDataSource - HikariPool-40 - Shutdown completed. 
2024-09-30T16:31:20.592 [restartedMain] INFO o.a.c.c.StandardService - Stopping service [Tomcat] 
2024-09-30T16:31:20.605 [restartedMain] INFO o.s.b.a.l.ConditionEvaluationReportLogger - 

Error starting ApplicationContext. To display the condition evaluation report re-run your application with 'debug' enabled. 
2024-09-30T16:31:20.614 [restartedMain] ERROR o.s.b.SpringApplication - Application run failed 
org.springframework.beans.factory.BeanCreationException: Error creating bean with name 'memberController': Lookup method resolution failed
	at org.springframework.beans.factory.annotation.AutowiredAnnotationBeanPostProcessor.checkLookupMethods(AutowiredAnnotationBeanPostProcessor.java:498)
	at org.springframework.beans.factory.annotation.AutowiredAnnotationBeanPostProcessor.determineCandidateConstructors(AutowiredAnnotationBeanPostProcessor.java:368)
	at org.springframework.beans.factory.support.AbstractAutowireCapableBeanFactory.determineConstructorsFromBeanPostProcessors(AbstractAutowireCapableBeanFactory.java:1314)
	at org.springframework.beans.factory.support.AbstractAutowireCapableBeanFactory.createBeanInstance(AbstractAutowireCapableBeanFactory.java:1209)
	at org.springframework.beans.factory.support.AbstractAutowireCapableBeanFactory.doCreateBean(AbstractAutowireCapableBeanFactory.java:562)
	at org.springframework.beans.factory.support.AbstractAutowireCapableBeanFactory.createBean(AbstractAutowireCapableBeanFactory.java:522)
	at org.springframework.beans.factory.support.AbstractBeanFactory.lambda$doGetBean$0(AbstractBeanFactory.java:337)
	at org.springframework.beans.factory.support.DefaultSingletonBeanRegistry.getSingleton(DefaultSingletonBeanRegistry.java:234)
	at org.springframework.beans.factory.support.AbstractBeanFactory.doGetBean(AbstractBeanFactory.java:335)
	at org.springframework.beans.factory.support.AbstractBeanFactory.getBean(AbstractBeanFactory.java:200)
	at org.springframework.beans.factory.support.DefaultListableBeanFactory.preInstantiateSingletons(DefaultListableBeanFactory.java:975)
	at org.springframework.context.support.AbstractApplicationContext.finishBeanFactoryInitialization(AbstractApplicationContext.java:971)
	at org.springframework.context.support.AbstractApplicationContext.refresh(AbstractApplicationContext.java:625)
	at org.springframework.boot.web.servlet.context.ServletWebServerApplicationContext.refresh(ServletWebServerApplicationContext.java:146)
	at org.springframework.boot.SpringApplication.refresh(SpringApplication.java:754)
	at org.springframework.boot.SpringApplication.refreshContext(SpringApplication.java:456)
	at org.springframework.boot.SpringApplication.run(SpringApplication.java:335)
	at org.springframework.boot.SpringApplication.run(SpringApplication.java:1363)
	at org.springframework.boot.SpringApplication.run(SpringApplication.java:1352)
	at com.example.hybe.SeventeenApplication.main(SeventeenApplication.java:10)
	at java.base/jdk.internal.reflect.NativeMethodAccessorImpl.invoke0(Native Method)
	at java.base/jdk.internal.reflect.NativeMethodAccessorImpl.invoke(NativeMethodAccessorImpl.java:77)
	at java.base/jdk.internal.reflect.DelegatingMethodAccessorImpl.invoke(DelegatingMethodAccessorImpl.java:43)
	at java.base/java.lang.reflect.Method.invoke(Method.java:568)
	at org.springframework.boot.devtools.restart.RestartLauncher.run(RestartLauncher.java:50)
Caused by: java.lang.IllegalStateException: Failed to introspect Class [com.example.hybe.infra.member.MemberController] from ClassLoader [org.springframework.boot.devtools.restart.classloader.RestartClassLoader@75ff4bd9]
	at org.springframework.util.ReflectionUtils.getDeclaredMethods(ReflectionUtils.java:483)
	at org.springframework.util.ReflectionUtils.doWithLocalMethods(ReflectionUtils.java:320)
	at org.springframework.beans.factory.annotation.AutowiredAnnotationBeanPostProcessor.checkLookupMethods(AutowiredAnnotationBeanPostProcessor.java:476)
	... 24 common frames omitted
Caused by: java.lang.NoClassDefFoundError: HttpSession
	at java.base/java.lang.Class.getDeclaredMethods0(Native Method)
	at java.base/java.lang.Class.privateGetDeclaredMethods(Class.java:3402)
	at java.base/java.lang.Class.getDeclaredMethods(Class.java:2504)
	at org.springframework.util.ReflectionUtils.getDeclaredMethods(ReflectionUtils.java:465)
	... 26 common frames omitted
Caused by: java.lang.ClassNotFoundException: HttpSession
	at java.base/jdk.internal.loader.BuiltinClassLoader.loadClass(BuiltinClassLoader.java:641)
	at java.base/jdk.internal.loader.ClassLoaders$AppClassLoader.loadClass(ClassLoaders.java:188)
	at java.base/java.lang.ClassLoader.loadClass(ClassLoader.java:520)
	at java.base/java.lang.Class.forName0(Native Method)
	at java.base/java.lang.Class.forName(Class.java:467)
	at org.springframework.boot.devtools.restart.classloader.RestartClassLoader.loadClass(RestartClassLoader.java:121)
	at java.base/java.lang.ClassLoader.loadClass(ClassLoader.java:520)
	... 30 common frames omitted
2024-09-30T16:33:59.703 [restartedMain] INFO c.e.h.SeventeenApplication - Starting SeventeenApplication using Java 17.0.11 with PID 215048 (C:\factory\ws_sts4_4240\repo_seventeen\seventeen\bin\main started by User in C:\factory\ws_sts4_4240\repo_seventeen\seventeen) 
2024-09-30T16:33:59.704 [restartedMain] INFO c.e.h.SeventeenApplication - No active profile set, falling back to 1 default profile: "default" 
2024-09-30T16:34:00.459 [restartedMain] INFO o.s.b.w.e.t.TomcatWebServer - Tomcat initialized with port 8090 (http) 
2024-09-30T16:34:00.463 [restartedMain] INFO o.a.c.h.Http11NioProtocol - Initializing ProtocolHandler ["http-nio-8090"] 
2024-09-30T16:34:00.464 [restartedMain] INFO o.a.c.c.StandardService - Starting service [Tomcat] 
2024-09-30T16:34:00.464 [restartedMain] INFO o.a.c.c.StandardEngine - Starting Servlet engine: [Apache Tomcat/10.1.28] 
2024-09-30T16:34:00.523 [restartedMain] INFO o.a.c.c.C.[.[.[/] - Initializing Spring embedded WebApplicationContext 
2024-09-30T16:34:00.524 [restartedMain] INFO o.s.b.w.s.c.ServletWebServerApplicationContext - Root WebApplicationContext: initialization completed in 811 ms 
2024-09-30T16:34:00.722 [restartedMain] INFO c.z.h.HikariDataSource - HikariPool-41 - Starting... 
2024-09-30T16:34:00.922 [restartedMain] INFO c.z.h.p.HikariPool - HikariPool-41 - Added connection net.sf.log4jdbc.sql.jdbcapi.ConnectionSpy@49c90ff2 
2024-09-30T16:34:00.924 [restartedMain] INFO c.z.h.HikariDataSource - HikariPool-41 - Start completed. 
2024-09-30T16:34:00.959 [restartedMain] DEBUG j.sqltiming -  com.zaxxer.hikari.pool.ProxyPreparedStatement.execute(ProxyPreparedStatement.java:44)
1168. SELECT 
			ifcdSeq
			, ifcdName
			, codegroup_seq
		FROM
			code
		WHERE 1=1
			AND ifcdDelny = 0
		    AND ifcdUseNy = 1
 {executed in 34 msec} 
2024-09-30T16:34:00.977 [restartedMain] WARN o.s.b.w.s.c.AnnotationConfigServletWebServerApplicationContext - Exception encountered during context initialization - cancelling refresh attempt: org.springframework.beans.factory.BeanCreationException: Error creating bean with name 'memberController': Lookup method resolution failed 
2024-09-30T16:34:00.977 [restartedMain] INFO c.z.h.HikariDataSource - HikariPool-41 - Shutdown initiated... 
2024-09-30T16:34:00.988 [restartedMain] INFO c.z.h.HikariDataSource - HikariPool-41 - Shutdown completed. 
2024-09-30T16:34:00.991 [restartedMain] INFO o.a.c.c.StandardService - Stopping service [Tomcat] 
2024-09-30T16:34:01.000 [restartedMain] INFO o.s.b.a.l.ConditionEvaluationReportLogger - 

Error starting ApplicationContext. To display the condition evaluation report re-run your application with 'debug' enabled. 
2024-09-30T16:34:01.007 [restartedMain] ERROR o.s.b.SpringApplication - Application run failed 
org.springframework.beans.factory.BeanCreationException: Error creating bean with name 'memberController': Lookup method resolution failed
	at org.springframework.beans.factory.annotation.AutowiredAnnotationBeanPostProcessor.checkLookupMethods(AutowiredAnnotationBeanPostProcessor.java:498)
	at org.springframework.beans.factory.annotation.AutowiredAnnotationBeanPostProcessor.determineCandidateConstructors(AutowiredAnnotationBeanPostProcessor.java:368)
	at org.springframework.beans.factory.support.AbstractAutowireCapableBeanFactory.determineConstructorsFromBeanPostProcessors(AbstractAutowireCapableBeanFactory.java:1314)
	at org.springframework.beans.factory.support.AbstractAutowireCapableBeanFactory.createBeanInstance(AbstractAutowireCapableBeanFactory.java:1209)
	at org.springframework.beans.factory.support.AbstractAutowireCapableBeanFactory.doCreateBean(AbstractAutowireCapableBeanFactory.java:562)
	at org.springframework.beans.factory.support.AbstractAutowireCapableBeanFactory.createBean(AbstractAutowireCapableBeanFactory.java:522)
	at org.springframework.beans.factory.support.AbstractBeanFactory.lambda$doGetBean$0(AbstractBeanFactory.java:337)
	at org.springframework.beans.factory.support.DefaultSingletonBeanRegistry.getSingleton(DefaultSingletonBeanRegistry.java:234)
	at org.springframework.beans.factory.support.AbstractBeanFactory.doGetBean(AbstractBeanFactory.java:335)
	at org.springframework.beans.factory.support.AbstractBeanFactory.getBean(AbstractBeanFactory.java:200)
	at org.springframework.beans.factory.support.DefaultListableBeanFactory.preInstantiateSingletons(DefaultListableBeanFactory.java:975)
	at org.springframework.context.support.AbstractApplicationContext.finishBeanFactoryInitialization(AbstractApplicationContext.java:971)
	at org.springframework.context.support.AbstractApplicationContext.refresh(AbstractApplicationContext.java:625)
	at org.springframework.boot.web.servlet.context.ServletWebServerApplicationContext.refresh(ServletWebServerApplicationContext.java:146)
	at org.springframework.boot.SpringApplication.refresh(SpringApplication.java:754)
	at org.springframework.boot.SpringApplication.refreshContext(SpringApplication.java:456)
	at org.springframework.boot.SpringApplication.run(SpringApplication.java:335)
	at org.springframework.boot.SpringApplication.run(SpringApplication.java:1363)
	at org.springframework.boot.SpringApplication.run(SpringApplication.java:1352)
	at com.example.hybe.SeventeenApplication.main(SeventeenApplication.java:10)
	at java.base/jdk.internal.reflect.NativeMethodAccessorImpl.invoke0(Native Method)
	at java.base/jdk.internal.reflect.NativeMethodAccessorImpl.invoke(NativeMethodAccessorImpl.java:77)
	at java.base/jdk.internal.reflect.DelegatingMethodAccessorImpl.invoke(DelegatingMethodAccessorImpl.java:43)
	at java.base/java.lang.reflect.Method.invoke(Method.java:568)
	at org.springframework.boot.devtools.restart.RestartLauncher.run(RestartLauncher.java:50)
Caused by: java.lang.IllegalStateException: Failed to introspect Class [com.example.hybe.infra.member.MemberController] from ClassLoader [org.springframework.boot.devtools.restart.classloader.RestartClassLoader@1a3a2bbe]
	at org.springframework.util.ReflectionUtils.getDeclaredMethods(ReflectionUtils.java:483)
	at org.springframework.util.ReflectionUtils.doWithLocalMethods(ReflectionUtils.java:320)
	at org.springframework.beans.factory.annotation.AutowiredAnnotationBeanPostProcessor.checkLookupMethods(AutowiredAnnotationBeanPostProcessor.java:476)
	... 24 common frames omitted
Caused by: java.lang.NoClassDefFoundError: HttpSession
	at java.base/java.lang.Class.getDeclaredMethods0(Native Method)
	at java.base/java.lang.Class.privateGetDeclaredMethods(Class.java:3402)
	at java.base/java.lang.Class.getDeclaredMethods(Class.java:2504)
	at org.springframework.util.ReflectionUtils.getDeclaredMethods(ReflectionUtils.java:465)
	... 26 common frames omitted
Caused by: java.lang.ClassNotFoundException: HttpSession
	at java.base/jdk.internal.loader.BuiltinClassLoader.loadClass(BuiltinClassLoader.java:641)
	at java.base/jdk.internal.loader.ClassLoaders$AppClassLoader.loadClass(ClassLoaders.java:188)
	at java.base/java.lang.ClassLoader.loadClass(ClassLoader.java:520)
	at java.base/java.lang.Class.forName0(Native Method)
	at java.base/java.lang.Class.forName(Class.java:467)
	at org.springframework.boot.devtools.restart.classloader.RestartClassLoader.loadClass(RestartClassLoader.java:121)
	at java.base/java.lang.ClassLoader.loadClass(ClassLoader.java:520)
	... 30 common frames omitted
