2024-10-07T10:47:14.855 [File Watcher] INFO o.s.b.d.a.LocalDevToolsAutoConfiguration$RestartingClassPathChangeChangedEventListener - Restarting due to 1 class path change (0 additions, 0 deletions, 1 modification) 
2024-10-07T10:47:14.977 [Thread-140] INFO o.a.c.h.Http11NioProtocol - Stopping ProtocolHandler ["http-nio-8090"] 
2024-10-07T10:47:15.426 [Thread-140] INFO c.z.h.HikariDataSource - HikariPool-33 - Shutdown initiated... 
2024-10-07T10:47:15.441 [Thread-140] INFO c.z.h.HikariDataSource - HikariPool-33 - Shutdown completed. 
2024-10-07T10:47:16.248 [restartedMain] INFO c.e.h.SeventeenApplication - Starting SeventeenApplication using Java 17.0.11 with PID 79868 (C:\factory\ws_sts4_4240\repo_seventeen\seventeen\bin\main started by User in C:\factory\ws_sts4_4240\repo_seventeen\seventeen) 
2024-10-07T10:47:16.248 [restartedMain] INFO c.e.h.SeventeenApplication - No active profile set, falling back to 1 default profile: "default" 
2024-10-07T10:47:16.531 [restartedMain] INFO o.s.b.w.e.t.TomcatWebServer - Tomcat initialized with port 8090 (http) 
2024-10-07T10:47:16.533 [restartedMain] INFO o.a.c.h.Http11NioProtocol - Initializing ProtocolHandler ["http-nio-8090"] 
2024-10-07T10:47:16.534 [restartedMain] INFO o.a.c.c.StandardService - Starting service [Tomcat] 
2024-10-07T10:47:16.534 [restartedMain] INFO o.a.c.c.StandardEngine - Starting Servlet engine: [Apache Tomcat/10.1.28] 
2024-10-07T10:47:16.560 [restartedMain] INFO o.a.c.c.C.[.[.[/] - Initializing Spring embedded WebApplicationContext 
2024-10-07T10:47:16.560 [restartedMain] INFO o.s.b.w.s.c.ServletWebServerApplicationContext - Root WebApplicationContext: initialization completed in 310 ms 
2024-10-07T10:47:16.631 [restartedMain] INFO c.z.h.HikariDataSource - HikariPool-34 - Starting... 
2024-10-07T10:47:16.646 [restartedMain] INFO c.z.h.p.HikariPool - HikariPool-34 - Added connection net.sf.log4jdbc.sql.jdbcapi.ConnectionSpy@6f12d14c 
2024-10-07T10:47:16.646 [restartedMain] INFO c.z.h.HikariDataSource - HikariPool-34 - Start completed. 
2024-10-07T10:47:16.677 [restartedMain] DEBUG j.sqltiming -  com.zaxxer.hikari.pool.ProxyPreparedStatement.execute(ProxyPreparedStatement.java:44)
681. SELECT 
			ifcdSeq
			, ifcdName
			, codegroup_seq
		FROM
			code
		WHERE 1=1
			AND ifcdDelny = 0
		    AND ifcdUseNy = 1
 {executed in 30 msec} 
2024-10-07T10:47:16.858 [restartedMain] INFO o.s.b.d.a.OptionalLiveReloadServer - LiveReload server is running on port 35729 
2024-10-07T10:47:16.871 [restartedMain] INFO o.a.c.h.Http11NioProtocol - Starting ProtocolHandler ["http-nio-8090"] 
2024-10-07T10:47:16.882 [restartedMain] INFO o.s.b.w.e.t.TomcatWebServer - Tomcat started on port 8090 (http) with context path '/' 
2024-10-07T10:47:16.892 [restartedMain] INFO c.e.h.SeventeenApplication - Started SeventeenApplication in 0.756 seconds (process running for 263153.755) 
2024-10-07T10:47:16.897 [restartedMain] INFO o.s.b.d.a.ConditionEvaluationDeltaLoggingListener - Condition evaluation unchanged 
