2024-09-26T14:04:34.363 [HikariPool-11 housekeeper] WARN c.z.h.p.HikariPool - HikariPool-11 - Thread starvation or clock leap detected (housekeeper delta=1h23m13s472ms609µs100ns). 
2024-09-26T14:12:53.440 [File Watcher] INFO o.s.b.d.a.LocalDevToolsAutoConfiguration$RestartingClassPathChangeChangedEventListener - Restarting due to 1 class path change (0 additions, 0 deletions, 1 modification) 
2024-09-26T14:12:53.445 [Thread-40] INFO o.a.c.h.Http11NioProtocol - Stopping ProtocolHandler ["http-nio-8090"] 
2024-09-26T14:12:53.690 [Thread-40] INFO c.z.h.HikariDataSource - HikariPool-11 - Shutdown initiated... 
2024-09-26T14:12:53.696 [Thread-40] INFO c.z.h.HikariDataSource - HikariPool-11 - Shutdown completed. 
2024-09-26T14:12:53.814 [restartedMain] INFO c.e.h.SeventeenApplication - Starting SeventeenApplication using Java 17.0.11 with PID 215048 (C:\factory\ws_sts4_4240\repo_seventeen\seventeen\bin\main started by User in C:\factory\ws_sts4_4240\repo_seventeen\seventeen) 
2024-09-26T14:12:53.815 [restartedMain] INFO c.e.h.SeventeenApplication - No active profile set, falling back to 1 default profile: "default" 
2024-09-26T14:12:54.130 [restartedMain] INFO o.s.b.w.e.t.TomcatWebServer - Tomcat initialized with port 8090 (http) 
2024-09-26T14:12:54.130 [restartedMain] INFO o.a.c.h.Http11NioProtocol - Initializing ProtocolHandler ["http-nio-8090"] 
2024-09-26T14:12:54.131 [restartedMain] INFO o.a.c.c.StandardService - Starting service [Tomcat] 
2024-09-26T14:12:54.131 [restartedMain] INFO o.a.c.c.StandardEngine - Starting Servlet engine: [Apache Tomcat/10.1.28] 
2024-09-26T14:12:54.146 [restartedMain] INFO o.a.c.c.C.[.[.[/] - Initializing Spring embedded WebApplicationContext 
2024-09-26T14:12:54.146 [restartedMain] INFO o.s.b.w.s.c.ServletWebServerApplicationContext - Root WebApplicationContext: initialization completed in 329 ms 
2024-09-26T14:12:54.270 [restartedMain] INFO c.z.h.HikariDataSource - HikariPool-12 - Starting... 
2024-09-26T14:12:54.292 [restartedMain] INFO c.z.h.p.HikariPool - HikariPool-12 - Added connection net.sf.log4jdbc.sql.jdbcapi.ConnectionSpy@5c3e44c8 
2024-09-26T14:12:54.292 [restartedMain] INFO c.z.h.HikariDataSource - HikariPool-12 - Start completed. 
2024-09-26T14:12:54.299 [restartedMain] DEBUG j.sqltiming -  com.zaxxer.hikari.pool.ProxyPreparedStatement.execute(ProxyPreparedStatement.java:44)
174. SELECT 
			ifcdSeq
			, ifcdName
			, codegroup_seq
		FROM
			code
		WHERE 1=1
			AND ifcdDelny = 0
		    AND ifcdUseNy = 1
 {executed in 5 msec} 
2024-09-26T14:12:54.411 [restartedMain] INFO o.s.b.d.a.OptionalLiveReloadServer - LiveReload server is running on port 35729 
2024-09-26T14:12:54.417 [restartedMain] INFO o.a.c.h.Http11NioProtocol - Starting ProtocolHandler ["http-nio-8090"] 
2024-09-26T14:12:54.430 [restartedMain] INFO o.s.b.w.e.t.TomcatWebServer - Tomcat started on port 8090 (http) with context path '/' 
2024-09-26T14:12:54.435 [restartedMain] INFO c.e.h.SeventeenApplication - Started SeventeenApplication in 0.664 seconds (process running for 81727.416) 
2024-09-26T14:12:54.436 [restartedMain] INFO o.s.b.d.a.ConditionEvaluationDeltaLoggingListener - Condition evaluation unchanged 
2024-09-26T14:12:59.081 [http-nio-8090-exec-1] INFO o.a.c.c.C.[.[.[/] - Initializing Spring DispatcherServlet 'dispatcherServlet' 
2024-09-26T14:12:59.081 [http-nio-8090-exec-1] INFO o.s.w.s.DispatcherServlet - Initializing Servlet 'dispatcherServlet' 
2024-09-26T14:12:59.090 [http-nio-8090-exec-1] INFO o.s.w.s.DispatcherServlet - Completed initialization in 9 ms 
2024-09-26T14:13:23.851 [http-nio-8090-exec-6] DEBUG j.sqltiming -  com.zaxxer.hikari.pool.ProxyPreparedStatement.execute(ProxyPreparedStatement.java:44)
174. SELECT COUNT(*)

        FROM 
			codegroup a
		WHERE 1=1
 {executed in 9 msec} 
2024-09-26T14:13:23.851 [http-nio-8090-exec-6] DEBUG j.sqltiming -  com.zaxxer.hikari.pool.ProxyPreparedStatement.execute(ProxyPreparedStatement.java:44)
174. select aa.* from (
	   SELECT
			a.ifcgSeq
			,a.ifcgName
			,a.ifcgUseNy
			,a.ifcgOrder
			,a.ifcgDesc
			,a.ifcgDelNy
			,a.ifcgRegDate
			,a.ifcgRenDate
			,(select count(ab.ifcdSeq) from code ab where 1=1 and ab.codegroup_seq = a.ifcgSeq) as xcount

        FROM 
			codegroup a
		WHERE 1=1

			ORDER BY
			a.ifcgSeq desc
        ) aa
		limit 10 offset 0
 {executed in 0 msec} 
2024-09-26T14:15:16.047 [http-nio-8090-exec-6] DEBUG j.sqltiming -  com.zaxxer.hikari.pool.ProxyPreparedStatement.execute(ProxyPreparedStatement.java:44)
174. SELECT COUNT(*)

        FROM 
			codegroup a
		WHERE 1=1
			 AND ifcgDelNy = 1
 {executed in 0 msec} 
2024-09-26T14:15:16.049 [http-nio-8090-exec-6] DEBUG j.sqltiming -  com.zaxxer.hikari.pool.ProxyPreparedStatement.execute(ProxyPreparedStatement.java:44)
174. select aa.* from (
	   SELECT
			a.ifcgSeq
			,a.ifcgName
			,a.ifcgUseNy
			,a.ifcgOrder
			,a.ifcgDesc
			,a.ifcgDelNy
			,a.ifcgRegDate
			,a.ifcgRenDate
			,(select count(ab.ifcdSeq) from code ab where 1=1 and ab.codegroup_seq = a.ifcgSeq) as xcount

        FROM 
			codegroup a
		WHERE 1=1
			 AND ifcgDelNy = 1 	

			ORDER BY
			a.ifcgSeq desc
        ) aa
		limit 10 offset 0
 {executed in 0 msec} 
2024-09-26T14:15:24.635 [http-nio-8090-exec-9] DEBUG j.sqltiming -  com.zaxxer.hikari.pool.ProxyPreparedStatement.execute(ProxyPreparedStatement.java:44)
174. SELECT COUNT(*)

        FROM 
			codegroup a
		WHERE 1=1
			 AND ifcgDelNy = 1 	
			 AND ifcgUseNy = 1 

			 AND a.ifcgRegDate BETWEEN '2024-09-03' AND '2024-09-04'
 {executed in 21 msec} 
2024-09-26T14:15:30.795 [http-nio-8090-exec-2] DEBUG j.sqltiming -  com.zaxxer.hikari.pool.ProxyPreparedStatement.execute(ProxyPreparedStatement.java:44)
174. SELECT COUNT(*)

        FROM 
			codegroup a
		WHERE 1=1
 {executed in 0 msec} 
2024-09-26T14:15:30.804 [http-nio-8090-exec-2] DEBUG j.sqltiming -  com.zaxxer.hikari.pool.ProxyPreparedStatement.execute(ProxyPreparedStatement.java:44)
174. select aa.* from (
	   SELECT
			a.ifcgSeq
			,a.ifcgName
			,a.ifcgUseNy
			,a.ifcgOrder
			,a.ifcgDesc
			,a.ifcgDelNy
			,a.ifcgRegDate
			,a.ifcgRenDate
			,(select count(ab.ifcdSeq) from code ab where 1=1 and ab.codegroup_seq = a.ifcgSeq) as xcount

        FROM 
			codegroup a
		WHERE 1=1

			ORDER BY
			a.ifcgSeq desc
        ) aa
		limit 10 offset 0
 {executed in 1 msec} 
2024-09-26T14:15:48.718 [http-nio-8090-exec-2] DEBUG j.sqltiming -  com.zaxxer.hikari.pool.ProxyPreparedStatement.execute(ProxyPreparedStatement.java:44)
174. SELECT
	  	 	a.ifcgSeq
			,a.ifcgName
			,a.ifcgUseNy
			,a.ifcgOrder
			,a.ifcgDesc
			,a.ifcgDelNy
			,a.ifcgRegDate
			,a.ifcgRenDate
        FROM 
			codegroup a	
		WHERE 1=1
			AND	a.ifcgSeq = '69'
 {executed in 0 msec} 
2024-09-26T14:15:55.000 [http-nio-8090-exec-1] DEBUG j.sqltiming -  com.zaxxer.hikari.pool.ProxyPreparedStatement.execute(ProxyPreparedStatement.java:44)
174. UPDATE codegroup
	    SET
	  	    ifcgName = 'dfgfs3'
			,ifcgUseNy = 1
			,ifcgOrder = 1
			,ifcgDesc = ''
			,ifcgDelNy = NULL
		WHERE 1=1
			AND	ifcgSeq = '69'
 {executed in 8 msec} 
2024-09-26T14:15:55.017 [http-nio-8090-exec-9] DEBUG j.sqltiming -  com.zaxxer.hikari.pool.ProxyPreparedStatement.execute(ProxyPreparedStatement.java:44)
174. SELECT COUNT(*)

        FROM 
			codegroup a
		WHERE 1=1
 {executed in 0 msec} 
2024-09-26T14:15:55.017 [http-nio-8090-exec-9] DEBUG j.sqltiming -  com.zaxxer.hikari.pool.ProxyPreparedStatement.execute(ProxyPreparedStatement.java:44)
174. select aa.* from (
	   SELECT
			a.ifcgSeq
			,a.ifcgName
			,a.ifcgUseNy
			,a.ifcgOrder
			,a.ifcgDesc
			,a.ifcgDelNy
			,a.ifcgRegDate
			,a.ifcgRenDate
			,(select count(ab.ifcdSeq) from code ab where 1=1 and ab.codegroup_seq = a.ifcgSeq) as xcount

        FROM 
			codegroup a
		WHERE 1=1

			ORDER BY
			a.ifcgSeq desc
        ) aa
		limit 10 offset 0
 {executed in 0 msec} 
