2024-10-21T10:21:09.762 [http-nio-8090-exec-4] DEBUG j.sqltiming -  com.zaxxer.hikari.pool.ProxyPreparedStatement.execute(ProxyPreparedStatement.java:44)
501. SELECT
	  	 a.id
	  	,a.password
	  FROM
		seventeen.member a
	 WHERE
	   1=1
	   AND a.id = NULL
	   AND a.password = NULL
 {executed in 113 msec} 
2024-10-21T10:21:11.805 [http-nio-8090-exec-8] DEBUG j.sqltiming -  com.zaxxer.hikari.pool.ProxyPreparedStatement.execute(ProxyPreparedStatement.java:44)
501. SELECT COUNT(*)

        FROM 
			seventeen.codegroup a
		WHERE 1=1
 {executed in 54 msec} 
2024-10-21T10:21:11.882 [http-nio-8090-exec-8] DEBUG j.sqltiming -  com.zaxxer.hikari.pool.ProxyPreparedStatement.execute(ProxyPreparedStatement.java:44)
501. SELECT aa.* FROM (
	   SELECT
			a.ifcgSeq
			,a.ifcgName
			,a.ifcgUseNy
			,a.ifcgOrder
			,a.ifcgDesc
			,a.ifcgDelNy
			,a.ifcgRegDate
			,a.ifcgRenDate
			,(SELECT count(ifcdSeq) FROM code AS ab where 1=1 AND ab.codegroup_seq = a.ifcgSeq) as xcount

        FROM 
			seventeen.codegroup a
		WHERE 1=1

			ORDER BY
			   a.ifcgSeq desc
        ) aa limit 5 offset 0
 {executed in 30 msec} 
2024-10-21T10:21:55.201 [http-nio-8090-exec-8] DEBUG j.sqltiming -  com.zaxxer.hikari.pool.ProxyPreparedStatement.execute(ProxyPreparedStatement.java:44)
501. SELECT COUNT(*)

        FROM 
			seventeen.information a
		WHERE 1=1
 {executed in 84 msec} 
2024-10-21T10:21:55.231 [http-nio-8090-exec-8] DEBUG j.sqltiming -  com.zaxxer.hikari.pool.ProxyPreparedStatement.execute(ProxyPreparedStatement.java:44)
501. SELECT aa.* FROM (
	   SELECT
	   a.seq 
	   ,a.name
	   ,a.adress
	   ,a.telNumber

        FROM 
			seventeen.information a
		WHERE 1=1

			ORDER BY
			 a.seq desc
        ) aa limit 5 offset 0
 {executed in 3 msec} 
2024-10-21T10:22:03.610 [http-nio-8090-exec-1] DEBUG j.sqltiming -  com.zaxxer.hikari.pool.ProxyPreparedStatement.execute(ProxyPreparedStatement.java:44)
501. SELECT
	  	a.seq
	   ,a.name
	   ,a.adress
	   ,a.telNumber
	  FROM
		seventeen.information a
	  WHERE 1=1
			AND	a.seq = '1'
			AND	a.name = NULL
 {executed in 5 msec} 
2024-10-21T10:22:16.838 [http-nio-8090-exec-4] DEBUG j.sqltiming -  com.zaxxer.hikari.pool.ProxyPreparedStatement.execute(ProxyPreparedStatement.java:44)
501. SELECT
	  	a.seq
	   ,a.name
	   ,a.adress
	   ,a.telNumber
	  FROM
		seventeen.information a
	  WHERE 1=1
			AND	a.seq = '2'
			AND	a.name = NULL
 {executed in 1 msec} 
2024-10-21T10:27:21.893 [File Watcher] INFO o.s.b.d.a.LocalDevToolsAutoConfiguration$RestartingClassPathChangeChangedEventListener - Restarting due to 1 class path change (0 additions, 0 deletions, 1 modification) 
2024-10-21T10:27:22.109 [Thread-45] INFO o.a.c.h.Http11NioProtocol - Stopping ProtocolHandler ["http-nio-8090"] 
2024-10-21T10:27:23.731 [Thread-45] INFO c.z.h.HikariDataSource - HikariPool-9 - Shutdown initiated... 
2024-10-21T10:27:23.885 [Thread-45] INFO c.z.h.HikariDataSource - HikariPool-9 - Shutdown completed. 
2024-10-21T10:27:26.497 [restartedMain] INFO c.e.h.SeventeenApplication - Starting SeventeenApplication using Java 17.0.11 with PID 358296 (C:\factory\ws_sts4_4240\repo_seventeen\seventeen\bin\main started by User in C:\factory\ws_sts4_4240\repo_seventeen\seventeen) 
2024-10-21T10:27:26.498 [restartedMain] INFO c.e.h.SeventeenApplication - No active profile set, falling back to 1 default profile: "default" 
2024-10-21T10:27:27.254 [restartedMain] INFO o.s.b.w.e.t.TomcatWebServer - Tomcat initialized with port 8090 (http) 
2024-10-21T10:27:27.257 [restartedMain] INFO o.a.c.h.Http11NioProtocol - Initializing ProtocolHandler ["http-nio-8090"] 
2024-10-21T10:27:27.258 [restartedMain] INFO o.a.c.c.StandardService - Starting service [Tomcat] 
2024-10-21T10:27:27.258 [restartedMain] INFO o.a.c.c.StandardEngine - Starting Servlet engine: [Apache Tomcat/10.1.28] 
2024-10-21T10:27:27.333 [restartedMain] INFO o.a.c.c.C.[.[.[/] - Initializing Spring embedded WebApplicationContext 
2024-10-21T10:27:27.334 [restartedMain] INFO o.s.b.w.s.c.ServletWebServerApplicationContext - Root WebApplicationContext: initialization completed in 828 ms 
2024-10-21T10:27:27.628 [restartedMain] INFO c.z.h.HikariDataSource - HikariPool-10 - Starting... 
2024-10-21T10:27:27.736 [restartedMain] INFO c.z.h.p.HikariPool - HikariPool-10 - Added connection net.sf.log4jdbc.sql.jdbcapi.ConnectionSpy@444e3170 
2024-10-21T10:27:27.736 [restartedMain] INFO c.z.h.HikariDataSource - HikariPool-10 - Start completed. 
2024-10-21T10:27:27.749 [restartedMain] DEBUG j.sqltiming -  com.zaxxer.hikari.pool.ProxyPreparedStatement.execute(ProxyPreparedStatement.java:44)
511. SELECT 
			ifcdSeq
			, ifcdName
			, codegroup_seq
		FROM
			code
		WHERE 1=1
			AND ifcdDelny = 0
		    AND ifcdUseNy = 1
 {executed in 12 msec} 
2024-10-21T10:27:28.575 [restartedMain] WARN o.s.b.d.a.OptionalLiveReloadServer - Unable to start LiveReload server 
2024-10-21T10:27:28.588 [restartedMain] INFO o.a.c.h.Http11NioProtocol - Starting ProtocolHandler ["http-nio-8090"] 
2024-10-21T10:27:28.595 [restartedMain] INFO o.s.b.w.e.t.TomcatWebServer - Tomcat started on port 8090 (http) with context path '/' 
2024-10-21T10:27:28.607 [restartedMain] INFO c.e.h.SeventeenApplication - Started SeventeenApplication in 2.442 seconds (process running for 259453.542) 
2024-10-21T10:27:28.610 [restartedMain] INFO o.s.b.d.a.ConditionEvaluationDeltaLoggingListener - Condition evaluation unchanged 
2024-10-21T10:27:45.288 [File Watcher] INFO o.s.b.d.a.LocalDevToolsAutoConfiguration$RestartingClassPathChangeChangedEventListener - Restarting due to 1 class path change (0 additions, 0 deletions, 1 modification) 
2024-10-21T10:27:45.317 [Thread-49] INFO o.a.c.h.Http11NioProtocol - Stopping ProtocolHandler ["http-nio-8090"] 
2024-10-21T10:27:46.128 [Thread-49] INFO c.z.h.HikariDataSource - HikariPool-10 - Shutdown initiated... 
2024-10-21T10:27:46.139 [Thread-49] INFO c.z.h.HikariDataSource - HikariPool-10 - Shutdown completed. 
2024-10-21T10:27:46.355 [restartedMain] INFO c.e.h.SeventeenApplication - Starting SeventeenApplication using Java 17.0.11 with PID 358296 (C:\factory\ws_sts4_4240\repo_seventeen\seventeen\bin\main started by User in C:\factory\ws_sts4_4240\repo_seventeen\seventeen) 
2024-10-21T10:27:46.356 [restartedMain] INFO c.e.h.SeventeenApplication - No active profile set, falling back to 1 default profile: "default" 
2024-10-21T10:27:47.497 [restartedMain] INFO o.s.b.w.e.t.TomcatWebServer - Tomcat initialized with port 8090 (http) 
2024-10-21T10:27:47.498 [restartedMain] INFO o.a.c.h.Http11NioProtocol - Initializing ProtocolHandler ["http-nio-8090"] 
2024-10-21T10:27:47.498 [restartedMain] INFO o.a.c.c.StandardService - Starting service [Tomcat] 
2024-10-21T10:27:47.498 [restartedMain] INFO o.a.c.c.StandardEngine - Starting Servlet engine: [Apache Tomcat/10.1.28] 
2024-10-21T10:27:47.530 [restartedMain] INFO o.a.c.c.C.[.[.[/] - Initializing Spring embedded WebApplicationContext 
2024-10-21T10:27:47.531 [restartedMain] INFO o.s.b.w.s.c.ServletWebServerApplicationContext - Root WebApplicationContext: initialization completed in 1172 ms 
2024-10-21T10:27:48.504 [restartedMain] INFO c.z.h.HikariDataSource - HikariPool-11 - Starting... 
2024-10-21T10:27:48.526 [restartedMain] INFO c.z.h.p.HikariPool - HikariPool-11 - Added connection net.sf.log4jdbc.sql.jdbcapi.ConnectionSpy@198be6a 
2024-10-21T10:27:48.526 [restartedMain] INFO c.z.h.HikariDataSource - HikariPool-11 - Start completed. 
2024-10-21T10:27:48.531 [restartedMain] DEBUG j.sqltiming -  com.zaxxer.hikari.pool.ProxyPreparedStatement.execute(ProxyPreparedStatement.java:44)
521. SELECT 
			ifcdSeq
			, ifcdName
			, codegroup_seq
		FROM
			code
		WHERE 1=1
			AND ifcdDelny = 0
		    AND ifcdUseNy = 1
 {executed in 4 msec} 
2024-10-21T10:27:48.808 [restartedMain] WARN o.s.b.d.a.OptionalLiveReloadServer - Unable to start LiveReload server 
2024-10-21T10:27:48.818 [restartedMain] INFO o.a.c.h.Http11NioProtocol - Starting ProtocolHandler ["http-nio-8090"] 
2024-10-21T10:27:48.824 [restartedMain] INFO o.s.b.w.e.t.TomcatWebServer - Tomcat started on port 8090 (http) with context path '/' 
2024-10-21T10:27:48.847 [restartedMain] INFO c.e.h.SeventeenApplication - Started SeventeenApplication in 2.534 seconds (process running for 259473.781) 
2024-10-21T10:27:48.850 [restartedMain] INFO o.s.b.d.a.ConditionEvaluationDeltaLoggingListener - Condition evaluation unchanged 
