2024-09-27T11:23:43.418 [http-nio-8090-exec-8] DEBUG j.sqltiming -  com.zaxxer.hikari.pool.ProxyPreparedStatement.execute(ProxyPreparedStatement.java:44)
434. INSERT INTO codegroup(
			ifcgName
			,ifcgUseNy
			,ifcgOrder
			,ifcgDesc
			,ifcgDelNy
			,ifcgRegDate
			,ifcgRenDate
	  	)VALUES(
			'1234'
			,1
			,1
			,''
			,0
			,now()
			,now()
			)
 {executed in 66 msec} 
2024-09-27T11:23:43.436 [http-nio-8090-exec-8] DEBUG j.sqltiming -  com.zaxxer.hikari.pool.ProxyPreparedStatement.execute(ProxyPreparedStatement.java:44)
434. SELECT last_insert_id()
 {executed in 2 msec} 
2024-09-27T11:23:43.501 [http-nio-8090-exec-1] DEBUG j.sqltiming -  com.zaxxer.hikari.pool.ProxyPreparedStatement.execute(ProxyPreparedStatement.java:44)
434. SELECT COUNT(*)

        FROM 
			codegroup a
		WHERE 1=1
 {executed in 10 msec} 
2024-09-27T11:23:43.522 [http-nio-8090-exec-1] DEBUG j.sqltiming -  com.zaxxer.hikari.pool.ProxyPreparedStatement.execute(ProxyPreparedStatement.java:44)
434. select aa.* from (
	   SELECT
			a.ifcgSeq
			,a.ifcgName
			,a.ifcgUseNy
			,a.ifcgOrder
			,a.ifcgDesc
			,a.ifcgDelNy
			,a.ifcgRegDate
			,a.ifcgRenDate
			,(select count(ab.ifcdSeq) from code ab where 1=1 and ab.codegroup_seq = a.ifcgSeq) as xcount

        FROM 
			codegroup a
		WHERE 1=1

			ORDER BY
			a.ifcgSeq desc
        ) aa limit 5 offset 0
 {executed in 21 msec} 
2024-09-27T11:23:47.719 [http-nio-8090-exec-9] DEBUG j.sqltiming -  com.zaxxer.hikari.pool.ProxyPreparedStatement.execute(ProxyPreparedStatement.java:44)
434. SELECT COUNT(*)

        FROM 
			codegroup a
		WHERE 1=1
 {executed in 5 msec} 
2024-09-27T11:23:47.721 [http-nio-8090-exec-9] DEBUG j.sqltiming -  com.zaxxer.hikari.pool.ProxyPreparedStatement.execute(ProxyPreparedStatement.java:44)
434. select aa.* from (
	   SELECT
			a.ifcgSeq
			,a.ifcgName
			,a.ifcgUseNy
			,a.ifcgOrder
			,a.ifcgDesc
			,a.ifcgDelNy
			,a.ifcgRegDate
			,a.ifcgRenDate
			,(select count(ab.ifcdSeq) from code ab where 1=1 and ab.codegroup_seq = a.ifcgSeq) as xcount

        FROM 
			codegroup a
		WHERE 1=1

			ORDER BY
			a.ifcgSeq desc
        ) aa limit 5 offset 0
 {executed in 0 msec} 
2024-09-27T11:23:49.043 [http-nio-8090-exec-8] DEBUG j.sqltiming -  com.zaxxer.hikari.pool.ProxyPreparedStatement.execute(ProxyPreparedStatement.java:44)
434. SELECT COUNT(*)

        FROM 
			codegroup a
		WHERE 1=1
 {executed in 4 msec} 
2024-09-27T11:23:49.045 [http-nio-8090-exec-8] DEBUG j.sqltiming -  com.zaxxer.hikari.pool.ProxyPreparedStatement.execute(ProxyPreparedStatement.java:44)
434. select aa.* from (
	   SELECT
			a.ifcgSeq
			,a.ifcgName
			,a.ifcgUseNy
			,a.ifcgOrder
			,a.ifcgDesc
			,a.ifcgDelNy
			,a.ifcgRegDate
			,a.ifcgRenDate
			,(select count(ab.ifcdSeq) from code ab where 1=1 and ab.codegroup_seq = a.ifcgSeq) as xcount

        FROM 
			codegroup a
		WHERE 1=1

			ORDER BY
			a.ifcgSeq desc
        ) aa limit 5 offset 0
 {executed in 1 msec} 
2024-09-27T11:23:52.926 [http-nio-8090-exec-8] DEBUG j.sqltiming -  com.zaxxer.hikari.pool.ProxyPreparedStatement.execute(ProxyPreparedStatement.java:44)
434. SELECT COUNT(*)

        FROM 
			codegroup a
		WHERE 1=1
 {executed in 4 msec} 
2024-09-27T11:23:52.927 [http-nio-8090-exec-8] DEBUG j.sqltiming -  com.zaxxer.hikari.pool.ProxyPreparedStatement.execute(ProxyPreparedStatement.java:44)
434. select aa.* from (
	   SELECT
			a.ifcgSeq
			,a.ifcgName
			,a.ifcgUseNy
			,a.ifcgOrder
			,a.ifcgDesc
			,a.ifcgDelNy
			,a.ifcgRegDate
			,a.ifcgRenDate
			,(select count(ab.ifcdSeq) from code ab where 1=1 and ab.codegroup_seq = a.ifcgSeq) as xcount

        FROM 
			codegroup a
		WHERE 1=1

			ORDER BY
			a.ifcgSeq desc
        ) aa limit 5 offset 0
 {executed in 1 msec} 
2024-09-27T11:24:42.815 [http-nio-8090-exec-6] DEBUG j.sqltiming -  com.zaxxer.hikari.pool.ProxyPreparedStatement.execute(ProxyPreparedStatement.java:44)
434. SELECT COUNT(*)

        FROM 
			codegroup a
		WHERE 1=1
 {executed in 3 msec} 
2024-09-27T11:24:42.817 [http-nio-8090-exec-6] DEBUG j.sqltiming -  com.zaxxer.hikari.pool.ProxyPreparedStatement.execute(ProxyPreparedStatement.java:44)
434. select aa.* from (
	   SELECT
			a.ifcgSeq
			,a.ifcgName
			,a.ifcgUseNy
			,a.ifcgOrder
			,a.ifcgDesc
			,a.ifcgDelNy
			,a.ifcgRegDate
			,a.ifcgRenDate
			,(select count(ab.ifcdSeq) from code ab where 1=1 and ab.codegroup_seq = a.ifcgSeq) as xcount

        FROM 
			codegroup a
		WHERE 1=1

			ORDER BY
			a.ifcgSeq desc
        ) aa limit 5 offset 0
 {executed in 1 msec} 
2024-09-27T11:24:48.685 [http-nio-8090-exec-9] DEBUG j.sqltiming -  com.zaxxer.hikari.pool.ProxyPreparedStatement.execute(ProxyPreparedStatement.java:44)
434. SELECT COUNT(*)

        FROM 
			codegroup a
		WHERE 1=1
 {executed in 1 msec} 
2024-09-27T11:24:48.690 [http-nio-8090-exec-9] DEBUG j.sqltiming -  com.zaxxer.hikari.pool.ProxyPreparedStatement.execute(ProxyPreparedStatement.java:44)
434. select aa.* from (
	   SELECT
			a.ifcgSeq
			,a.ifcgName
			,a.ifcgUseNy
			,a.ifcgOrder
			,a.ifcgDesc
			,a.ifcgDelNy
			,a.ifcgRegDate
			,a.ifcgRenDate
			,(select count(ab.ifcdSeq) from code ab where 1=1 and ab.codegroup_seq = a.ifcgSeq) as xcount

        FROM 
			codegroup a
		WHERE 1=1

			ORDER BY
			a.ifcgSeq desc
        ) aa limit 5 offset 0
 {executed in 1 msec} 
2024-09-27T11:24:50.201 [http-nio-8090-exec-6] DEBUG j.sqltiming -  com.zaxxer.hikari.pool.ProxyPreparedStatement.execute(ProxyPreparedStatement.java:44)
434. SELECT COUNT(*)

        FROM 
			codegroup a
		WHERE 1=1
 {executed in 1 msec} 
2024-09-27T11:24:50.204 [http-nio-8090-exec-6] DEBUG j.sqltiming -  com.zaxxer.hikari.pool.ProxyPreparedStatement.execute(ProxyPreparedStatement.java:44)
434. select aa.* from (
	   SELECT
			a.ifcgSeq
			,a.ifcgName
			,a.ifcgUseNy
			,a.ifcgOrder
			,a.ifcgDesc
			,a.ifcgDelNy
			,a.ifcgRegDate
			,a.ifcgRenDate
			,(select count(ab.ifcdSeq) from code ab where 1=1 and ab.codegroup_seq = a.ifcgSeq) as xcount

        FROM 
			codegroup a
		WHERE 1=1

			ORDER BY
			a.ifcgSeq desc
        ) aa limit 5 offset 0
 {executed in 2 msec} 
2024-09-27T11:24:51.550 [http-nio-8090-exec-7] DEBUG j.sqltiming -  com.zaxxer.hikari.pool.ProxyPreparedStatement.execute(ProxyPreparedStatement.java:44)
434. SELECT COUNT(*)

        FROM 
			codegroup a
		WHERE 1=1
 {executed in 4 msec} 
2024-09-27T11:24:51.553 [http-nio-8090-exec-7] DEBUG j.sqltiming -  com.zaxxer.hikari.pool.ProxyPreparedStatement.execute(ProxyPreparedStatement.java:44)
434. select aa.* from (
	   SELECT
			a.ifcgSeq
			,a.ifcgName
			,a.ifcgUseNy
			,a.ifcgOrder
			,a.ifcgDesc
			,a.ifcgDelNy
			,a.ifcgRegDate
			,a.ifcgRenDate
			,(select count(ab.ifcdSeq) from code ab where 1=1 and ab.codegroup_seq = a.ifcgSeq) as xcount

        FROM 
			codegroup a
		WHERE 1=1

			ORDER BY
			a.ifcgSeq desc
        ) aa limit 5 offset 0
 {executed in 1 msec} 
