2024-09-26T10:22:45.594 [File Watcher] INFO o.s.b.d.a.LocalDevToolsAutoConfiguration$RestartingClassPathChangeChangedEventListener - Restarting due to 1 class path change (0 additions, 0 deletions, 1 modification) 
2024-09-26T10:22:45.795 [Thread-24] INFO o.a.c.h.Http11NioProtocol - Stopping ProtocolHandler ["http-nio-8090"] 
2024-09-26T10:22:46.161 [Thread-24] INFO c.z.h.HikariDataSource - HikariPool-7 - Shutdown initiated... 
2024-09-26T10:22:46.226 [Thread-24] INFO c.z.h.HikariDataSource - HikariPool-7 - Shutdown completed. 
2024-09-26T10:22:46.957 [restartedMain] INFO c.e.h.SeventeenApplication - Starting SeventeenApplication using Java 17.0.11 with PID 215048 (C:\factory\ws_sts4_4240\repo_seventeen\seventeen\bin\main started by User in C:\factory\ws_sts4_4240\repo_seventeen\seventeen) 
2024-09-26T10:22:46.957 [restartedMain] INFO c.e.h.SeventeenApplication - No active profile set, falling back to 1 default profile: "default" 
2024-09-26T10:22:47.245 [restartedMain] INFO o.s.b.w.e.t.TomcatWebServer - Tomcat initialized with port 8090 (http) 
2024-09-26T10:22:47.247 [restartedMain] INFO o.a.c.h.Http11NioProtocol - Initializing ProtocolHandler ["http-nio-8090"] 
2024-09-26T10:22:47.247 [restartedMain] INFO o.a.c.c.StandardService - Starting service [Tomcat] 
2024-09-26T10:22:47.247 [restartedMain] INFO o.a.c.c.StandardEngine - Starting Servlet engine: [Apache Tomcat/10.1.28] 
2024-09-26T10:22:47.273 [restartedMain] INFO o.a.c.c.C.[.[.[/] - Initializing Spring embedded WebApplicationContext 
2024-09-26T10:22:47.273 [restartedMain] INFO o.s.b.w.s.c.ServletWebServerApplicationContext - Root WebApplicationContext: initialization completed in 312 ms 
2024-09-26T10:22:47.426 [restartedMain] INFO c.z.h.HikariDataSource - HikariPool-8 - Starting... 
2024-09-26T10:22:47.470 [restartedMain] INFO c.z.h.p.HikariPool - HikariPool-8 - Added connection net.sf.log4jdbc.sql.jdbcapi.ConnectionSpy@7cfa30e7 
2024-09-26T10:22:47.470 [restartedMain] INFO c.z.h.HikariDataSource - HikariPool-8 - Start completed. 
2024-09-26T10:22:47.532 [restartedMain] DEBUG j.sqltiming -  com.zaxxer.hikari.pool.ProxyPreparedStatement.execute(ProxyPreparedStatement.java:44)
94. SELECT 
			ifcdSeq
			, ifcdName
			, codegroup_seq
		FROM
			code
		WHERE 1=1
			AND ifcdDelny = 0
		    AND ifcdUseNy = 1
 {executed in 61 msec} 
2024-09-26T10:22:47.717 [restartedMain] INFO o.s.b.d.a.OptionalLiveReloadServer - LiveReload server is running on port 35729 
2024-09-26T10:22:47.731 [restartedMain] INFO o.a.c.h.Http11NioProtocol - Starting ProtocolHandler ["http-nio-8090"] 
2024-09-26T10:22:47.736 [restartedMain] INFO o.s.b.w.e.t.TomcatWebServer - Tomcat started on port 8090 (http) with context path '/' 
2024-09-26T10:22:47.742 [restartedMain] INFO c.e.h.SeventeenApplication - Started SeventeenApplication in 0.827 seconds (process running for 67918.572) 
2024-09-26T10:22:47.745 [restartedMain] INFO o.s.b.d.a.ConditionEvaluationDeltaLoggingListener - Condition evaluation unchanged 
2024-09-26T10:22:53.410 [http-nio-8090-exec-1] INFO o.a.c.c.C.[.[.[/] - Initializing Spring DispatcherServlet 'dispatcherServlet' 
2024-09-26T10:22:53.418 [http-nio-8090-exec-1] INFO o.s.w.s.DispatcherServlet - Initializing Servlet 'dispatcherServlet' 
2024-09-26T10:22:53.418 [http-nio-8090-exec-1] INFO o.s.w.s.DispatcherServlet - Completed initialization in 0 ms 
2024-09-26T10:49:39.654 [HikariPool-8 housekeeper] WARN c.z.h.p.HikariPool - HikariPool-8 - Thread starvation or clock leap detected (housekeeper delta=1m23s766ms699µs900ns). 
