2024-10-04T13:05:56.766 [restartedMain] INFO c.e.h.SeventeenApplication - Starting SeventeenApplication using Java 17.0.11 with PID 79868 (C:\factory\ws_sts4_4240\repo_seventeen\seventeen\bin\main started by User in C:\factory\ws_sts4_4240\repo_seventeen\seventeen) 
2024-10-04T13:05:56.767 [restartedMain] INFO c.e.h.SeventeenApplication - No active profile set, falling back to 1 default profile: "default" 
2024-10-04T13:05:56.930 [restartedMain] WARN o.s.b.w.s.c.AnnotationConfigServletWebServerApplicationContext - Exception encountered during context initialization - cancelling refresh attempt: java.lang.Error: Unresolved compilation problems: 
	CodeVo cannot be resolved to a type
	CodeVo cannot be resolved to a type
 
2024-10-04T13:05:56.933 [restartedMain] INFO o.s.b.a.l.ConditionEvaluationReportLogger - 

Error starting ApplicationContext. To display the condition evaluation report re-run your application with 'debug' enabled. 
2024-10-04T13:05:56.937 [restartedMain] ERROR o.s.b.SpringApplication - Application run failed 
java.lang.Error: Unresolved compilation problems: 
	CodeVo cannot be resolved to a type
	CodeVo cannot be resolved to a type

	at com.example.hybe.infra.code.CodeDao.<clinit>(CodeDao.java:9)
	at java.base/java.lang.Class.forName0(Native Method)
	at java.base/java.lang.Class.forName(Class.java:467)
	at org.apache.ibatis.io.ClassLoaderWrapper.classForName(ClassLoaderWrapper.java:216)
	at org.apache.ibatis.io.ClassLoaderWrapper.classForName(ClassLoaderWrapper.java:103)
	at org.apache.ibatis.io.Resources.classForName(Resources.java:322)
	at org.mybatis.spring.mapper.ClassPathMapperScanner.processBeanDefinitions(ClassPathMapperScanner.java:265)
	at org.mybatis.spring.mapper.ClassPathMapperScanner.doScan(ClassPathMapperScanner.java:238)
	at org.springframework.context.annotation.ClassPathBeanDefinitionScanner.scan(ClassPathBeanDefinitionScanner.java:255)
	at org.mybatis.spring.mapper.MapperScannerConfigurer.postProcessBeanDefinitionRegistry(MapperScannerConfigurer.java:381)
	at org.springframework.context.support.PostProcessorRegistrationDelegate.invokeBeanDefinitionRegistryPostProcessors(PostProcessorRegistrationDelegate.java:349)
	at org.springframework.context.support.PostProcessorRegistrationDelegate.invokeBeanFactoryPostProcessors(PostProcessorRegistrationDelegate.java:148)
	at org.springframework.context.support.AbstractApplicationContext.invokeBeanFactoryPostProcessors(AbstractApplicationContext.java:789)
	at org.springframework.context.support.AbstractApplicationContext.refresh(AbstractApplicationContext.java:607)
	at org.springframework.boot.web.servlet.context.ServletWebServerApplicationContext.refresh(ServletWebServerApplicationContext.java:146)
	at org.springframework.boot.SpringApplication.refresh(SpringApplication.java:754)
	at org.springframework.boot.SpringApplication.refreshContext(SpringApplication.java:456)
	at org.springframework.boot.SpringApplication.run(SpringApplication.java:335)
	at org.springframework.boot.SpringApplication.run(SpringApplication.java:1363)
	at org.springframework.boot.SpringApplication.run(SpringApplication.java:1352)
	at com.example.hybe.SeventeenApplication.main(SeventeenApplication.java:10)
	at java.base/jdk.internal.reflect.NativeMethodAccessorImpl.invoke0(Native Method)
	at java.base/jdk.internal.reflect.NativeMethodAccessorImpl.invoke(NativeMethodAccessorImpl.java:77)
	at java.base/jdk.internal.reflect.DelegatingMethodAccessorImpl.invoke(DelegatingMethodAccessorImpl.java:43)
	at java.base/java.lang.reflect.Method.invoke(Method.java:568)
	at org.springframework.boot.devtools.restart.RestartLauncher.run(RestartLauncher.java:50)
2024-10-04T13:06:37.148 [restartedMain] INFO c.e.h.SeventeenApplication - Starting SeventeenApplication using Java 17.0.11 with PID 79868 (C:\factory\ws_sts4_4240\repo_seventeen\seventeen\bin\main started by User in C:\factory\ws_sts4_4240\repo_seventeen\seventeen) 
2024-10-04T13:06:37.148 [restartedMain] INFO c.e.h.SeventeenApplication - No active profile set, falling back to 1 default profile: "default" 
2024-10-04T13:06:37.304 [restartedMain] INFO o.s.b.w.e.t.TomcatWebServer - Tomcat initialized with port 8090 (http) 
2024-10-04T13:06:37.305 [restartedMain] INFO o.a.c.h.Http11NioProtocol - Initializing ProtocolHandler ["http-nio-8090"] 
2024-10-04T13:06:37.306 [restartedMain] INFO o.a.c.c.StandardService - Starting service [Tomcat] 
2024-10-04T13:06:37.306 [restartedMain] INFO o.a.c.c.StandardEngine - Starting Servlet engine: [Apache Tomcat/10.1.28] 
2024-10-04T13:06:37.319 [restartedMain] INFO o.a.c.c.C.[.[.[/] - Initializing Spring embedded WebApplicationContext 
2024-10-04T13:06:37.319 [restartedMain] INFO o.s.b.w.s.c.ServletWebServerApplicationContext - Root WebApplicationContext: initialization completed in 169 ms 
2024-10-04T13:06:37.373 [restartedMain] INFO c.z.h.HikariDataSource - HikariPool-13 - Starting... 
2024-10-04T13:06:37.385 [restartedMain] INFO c.z.h.p.HikariPool - HikariPool-13 - Added connection net.sf.log4jdbc.sql.jdbcapi.ConnectionSpy@2943a8be 
2024-10-04T13:06:37.386 [restartedMain] INFO c.z.h.HikariDataSource - HikariPool-13 - Start completed. 
2024-10-04T13:06:37.387 [restartedMain] DEBUG j.sqltiming -  com.zaxxer.hikari.pool.ProxyPreparedStatement.execute(ProxyPreparedStatement.java:44)
161. SELECT 
			ifcdSeq
			, ifcdName
			, codegroup_seq
		FROM
			code
		WHERE 1=1
			AND ifcdDelny = 0
		    AND ifcdUseNy = 1
 {executed in 0 msec} 
2024-10-04T13:06:37.515 [restartedMain] INFO o.s.b.d.a.OptionalLiveReloadServer - LiveReload server is running on port 35729 
2024-10-04T13:06:37.522 [restartedMain] INFO o.a.c.h.Http11NioProtocol - Starting ProtocolHandler ["http-nio-8090"] 
2024-10-04T13:06:37.525 [restartedMain] INFO o.s.b.w.e.t.TomcatWebServer - Tomcat started on port 8090 (http) with context path '/' 
2024-10-04T13:06:37.534 [restartedMain] INFO c.e.h.SeventeenApplication - Started SeventeenApplication in 0.406 seconds (process running for 12311.795) 
2024-10-04T13:06:37.535 [restartedMain] INFO o.s.b.d.a.ConditionEvaluationDeltaLoggingListener - Condition evaluation unchanged 
2024-10-04T13:07:31.395 [File Watcher] INFO o.s.b.d.a.LocalDevToolsAutoConfiguration$RestartingClassPathChangeChangedEventListener - Restarting due to 2 class path changes (0 additions, 0 deletions, 2 modifications) 
2024-10-04T13:07:31.396 [Thread-51] INFO o.a.c.h.Http11NioProtocol - Stopping ProtocolHandler ["http-nio-8090"] 
2024-10-04T13:07:31.541 [Thread-51] INFO c.z.h.HikariDataSource - HikariPool-13 - Shutdown initiated... 
2024-10-04T13:07:31.544 [Thread-51] INFO c.z.h.HikariDataSource - HikariPool-13 - Shutdown completed. 
2024-10-04T13:07:31.598 [restartedMain] INFO c.e.h.SeventeenApplication - Starting SeventeenApplication using Java 17.0.11 with PID 79868 (C:\factory\ws_sts4_4240\repo_seventeen\seventeen\bin\main started by User in C:\factory\ws_sts4_4240\repo_seventeen\seventeen) 
2024-10-04T13:07:31.598 [restartedMain] INFO c.e.h.SeventeenApplication - No active profile set, falling back to 1 default profile: "default" 
2024-10-04T13:07:31.758 [restartedMain] INFO o.s.b.w.e.t.TomcatWebServer - Tomcat initialized with port 8090 (http) 
2024-10-04T13:07:31.759 [restartedMain] INFO o.a.c.h.Http11NioProtocol - Initializing ProtocolHandler ["http-nio-8090"] 
2024-10-04T13:07:31.759 [restartedMain] INFO o.a.c.c.StandardService - Starting service [Tomcat] 
2024-10-04T13:07:31.759 [restartedMain] INFO o.a.c.c.StandardEngine - Starting Servlet engine: [Apache Tomcat/10.1.28] 
2024-10-04T13:07:31.772 [restartedMain] INFO o.a.c.c.C.[.[.[/] - Initializing Spring embedded WebApplicationContext 
2024-10-04T13:07:31.773 [restartedMain] INFO o.s.b.w.s.c.ServletWebServerApplicationContext - Root WebApplicationContext: initialization completed in 174 ms 
2024-10-04T13:07:31.825 [restartedMain] INFO c.z.h.HikariDataSource - HikariPool-14 - Starting... 
2024-10-04T13:07:31.837 [restartedMain] INFO c.z.h.p.HikariPool - HikariPool-14 - Added connection net.sf.log4jdbc.sql.jdbcapi.ConnectionSpy@3ef2962b 
2024-10-04T13:07:31.837 [restartedMain] INFO c.z.h.HikariDataSource - HikariPool-14 - Start completed. 
2024-10-04T13:07:31.838 [restartedMain] DEBUG j.sqltiming -  com.zaxxer.hikari.pool.ProxyPreparedStatement.execute(ProxyPreparedStatement.java:44)
171. SELECT 
			ifcdSeq
			, ifcdName
			, codegroup_seq
		FROM
			code
		WHERE 1=1
			AND ifcdDelny = 0
		    AND ifcdUseNy = 1
 {executed in 0 msec} 
2024-10-04T13:07:31.926 [restartedMain] INFO o.s.b.d.a.OptionalLiveReloadServer - LiveReload server is running on port 35729 
2024-10-04T13:07:31.934 [restartedMain] INFO o.a.c.h.Http11NioProtocol - Starting ProtocolHandler ["http-nio-8090"] 
2024-10-04T13:07:31.936 [restartedMain] INFO o.s.b.w.e.t.TomcatWebServer - Tomcat started on port 8090 (http) with context path '/' 
2024-10-04T13:07:31.945 [restartedMain] INFO c.e.h.SeventeenApplication - Started SeventeenApplication in 0.366 seconds (process running for 12366.206) 
2024-10-04T13:07:31.947 [restartedMain] INFO o.s.b.d.a.ConditionEvaluationDeltaLoggingListener - Condition evaluation unchanged 
2024-10-04T13:08:22.891 [http-nio-8090-exec-2] INFO o.a.c.c.C.[.[.[/] - Initializing Spring DispatcherServlet 'dispatcherServlet' 
2024-10-04T13:08:22.892 [http-nio-8090-exec-2] INFO o.s.w.s.DispatcherServlet - Initializing Servlet 'dispatcherServlet' 
2024-10-04T13:08:22.893 [http-nio-8090-exec-2] INFO o.s.w.s.DispatcherServlet - Completed initialization in 1 ms 
2024-10-04T13:08:22.898 [http-nio-8090-exec-2] DEBUG j.sqltiming -  com.zaxxer.hikari.pool.ProxyPreparedStatement.execute(ProxyPreparedStatement.java:44)
171. SELECT COUNT(*)

       FROM
           code as a
      JOIN codegroup as b ON b.ifcgSeq=a.codegroup_seq
      WHERE 1=1
 {executed in 1 msec} 
2024-10-04T13:08:22.901 [http-nio-8090-exec-2] DEBUG j.sqltiming -  com.zaxxer.hikari.pool.ProxyPreparedStatement.execute(ProxyPreparedStatement.java:44)
171. select aa.* from (
	   SELECT
			a.ifcdSeq
			,a.ifcdName
			,a.ifcdUseNy
			,a.ifcdOrder
			,a.ifcdDesc
			,a.ifcdDelny
            ,a.ifcdRegDate
            ,a.ifcdmodDate
            ,a.codegroup_seq
            ,b.ifcgName

       FROM
           code as a
      JOIN codegroup as b ON b.ifcgSeq=a.codegroup_seq
      WHERE 1=1

			ORDER BY
			a.ifcdSeq desc
        ) aa
		limit 5 offset 0
 {executed in 2 msec} 
2024-10-04T13:08:55.995 [File Watcher] INFO o.s.b.d.a.LocalDevToolsAutoConfiguration$RestartingClassPathChangeChangedEventListener - Restarting due to 1 class path change (0 additions, 0 deletions, 1 modification) 
2024-10-04T13:08:55.996 [Thread-64] INFO o.a.c.h.Http11NioProtocol - Stopping ProtocolHandler ["http-nio-8090"] 
2024-10-04T13:08:56.159 [Thread-64] INFO c.z.h.HikariDataSource - HikariPool-14 - Shutdown initiated... 
2024-10-04T13:08:56.164 [Thread-64] INFO c.z.h.HikariDataSource - HikariPool-14 - Shutdown completed. 
2024-10-04T13:08:56.248 [restartedMain] INFO c.e.h.SeventeenApplication - Starting SeventeenApplication using Java 17.0.11 with PID 79868 (C:\factory\ws_sts4_4240\repo_seventeen\seventeen\bin\main started by User in C:\factory\ws_sts4_4240\repo_seventeen\seventeen) 
2024-10-04T13:08:56.248 [restartedMain] INFO c.e.h.SeventeenApplication - No active profile set, falling back to 1 default profile: "default" 
2024-10-04T13:08:56.430 [restartedMain] INFO o.s.b.w.e.t.TomcatWebServer - Tomcat initialized with port 8090 (http) 
2024-10-04T13:08:56.431 [restartedMain] INFO o.a.c.h.Http11NioProtocol - Initializing ProtocolHandler ["http-nio-8090"] 
2024-10-04T13:08:56.431 [restartedMain] INFO o.a.c.c.StandardService - Starting service [Tomcat] 
2024-10-04T13:08:56.431 [restartedMain] INFO o.a.c.c.StandardEngine - Starting Servlet engine: [Apache Tomcat/10.1.28] 
2024-10-04T13:08:56.442 [restartedMain] INFO o.a.c.c.C.[.[.[/] - Initializing Spring embedded WebApplicationContext 
2024-10-04T13:08:56.442 [restartedMain] INFO o.s.b.w.s.c.ServletWebServerApplicationContext - Root WebApplicationContext: initialization completed in 191 ms 
2024-10-04T13:08:56.500 [restartedMain] INFO c.z.h.HikariDataSource - HikariPool-15 - Starting... 
2024-10-04T13:08:56.513 [restartedMain] INFO c.z.h.p.HikariPool - HikariPool-15 - Added connection net.sf.log4jdbc.sql.jdbcapi.ConnectionSpy@4586f7a1 
2024-10-04T13:08:56.513 [restartedMain] INFO c.z.h.HikariDataSource - HikariPool-15 - Start completed. 
2024-10-04T13:08:56.514 [restartedMain] DEBUG j.sqltiming -  com.zaxxer.hikari.pool.ProxyPreparedStatement.execute(ProxyPreparedStatement.java:44)
181. SELECT 
			ifcdSeq
			, ifcdName
			, codegroup_seq
		FROM
			code
		WHERE 1=1
			AND ifcdDelny = 0
		    AND ifcdUseNy = 1
 {executed in 1 msec} 
2024-10-04T13:08:56.604 [restartedMain] INFO o.s.b.d.a.OptionalLiveReloadServer - LiveReload server is running on port 35729 
2024-10-04T13:08:56.609 [restartedMain] INFO o.a.c.h.Http11NioProtocol - Starting ProtocolHandler ["http-nio-8090"] 
2024-10-04T13:08:56.612 [restartedMain] INFO o.s.b.w.e.t.TomcatWebServer - Tomcat started on port 8090 (http) with context path '/' 
2024-10-04T13:08:56.619 [restartedMain] INFO c.e.h.SeventeenApplication - Started SeventeenApplication in 0.396 seconds (process running for 12450.88) 
2024-10-04T13:08:56.620 [restartedMain] INFO o.s.b.d.a.ConditionEvaluationDeltaLoggingListener - Condition evaluation unchanged 
2024-10-04T13:09:36.396 [http-nio-8090-exec-1] INFO o.a.c.c.C.[.[.[/] - Initializing Spring DispatcherServlet 'dispatcherServlet' 
2024-10-04T13:09:36.396 [http-nio-8090-exec-1] INFO o.s.w.s.DispatcherServlet - Initializing Servlet 'dispatcherServlet' 
2024-10-04T13:09:36.398 [http-nio-8090-exec-1] INFO o.s.w.s.DispatcherServlet - Completed initialization in 2 ms 
2024-10-04T13:09:36.403 [http-nio-8090-exec-1] DEBUG j.sqltiming -  com.zaxxer.hikari.pool.ProxyPreparedStatement.execute(ProxyPreparedStatement.java:44)
181. SELECT COUNT(*)

       FROM
           code as a
      JOIN codegroup as b ON b.ifcgSeq=a.codegroup_seq
      WHERE 1=1
 {executed in 1 msec} 
2024-10-04T13:09:36.406 [http-nio-8090-exec-1] DEBUG j.sqltiming -  com.zaxxer.hikari.pool.ProxyPreparedStatement.execute(ProxyPreparedStatement.java:44)
181. select aa.* from (
	   SELECT
			a.ifcdSeq
			,a.ifcdName
			,a.ifcdUseNy
			,a.ifcdOrder
			,a.ifcdDesc
			,a.ifcdDelny
            ,a.ifcdRegDate
            ,a.ifcdmodDate
            ,a.codegroup_seq
            ,b.ifcgName

       FROM
           code as a
      JOIN codegroup as b ON b.ifcgSeq=a.codegroup_seq
      WHERE 1=1

			ORDER BY
			a.ifcdSeq desc
        ) aa
		limit 5 offset 0
 {executed in 1 msec} 
2024-10-04T13:10:19.323 [http-nio-8090-exec-10] DEBUG j.sqltiming -  com.zaxxer.hikari.pool.ProxyPreparedStatement.execute(ProxyPreparedStatement.java:44)
181. SELECT COUNT(*)

       FROM
           code as a
      JOIN codegroup as b ON b.ifcgSeq=a.codegroup_seq
      WHERE 1=1
 {executed in 1 msec} 
2024-10-04T13:10:19.326 [http-nio-8090-exec-10] DEBUG j.sqltiming -  com.zaxxer.hikari.pool.ProxyPreparedStatement.execute(ProxyPreparedStatement.java:44)
181. select aa.* from (
	   SELECT
			a.ifcdSeq
			,a.ifcdName
			,a.ifcdUseNy
			,a.ifcdOrder
			,a.ifcdDesc
			,a.ifcdDelny
            ,a.ifcdRegDate
            ,a.ifcdmodDate
            ,a.codegroup_seq
            ,b.ifcgName

       FROM
           code as a
      JOIN codegroup as b ON b.ifcgSeq=a.codegroup_seq
      WHERE 1=1

			ORDER BY
			a.ifcdSeq desc
        ) aa
		limit 5 offset 0
 {executed in 1 msec} 
2024-10-04T13:11:14.850 [http-nio-8090-exec-8] DEBUG j.sqltiming -  com.zaxxer.hikari.pool.ProxyPreparedStatement.execute(ProxyPreparedStatement.java:44)
181. SELECT COUNT(*)

       FROM
           code as a
      JOIN codegroup as b ON b.ifcgSeq=a.codegroup_seq
      WHERE 1=1
 {executed in 0 msec} 
2024-10-04T13:11:14.852 [http-nio-8090-exec-8] DEBUG j.sqltiming -  com.zaxxer.hikari.pool.ProxyPreparedStatement.execute(ProxyPreparedStatement.java:44)
181. select aa.* from (
	   SELECT
			a.ifcdSeq
			,a.ifcdName
			,a.ifcdUseNy
			,a.ifcdOrder
			,a.ifcdDesc
			,a.ifcdDelny
            ,a.ifcdRegDate
            ,a.ifcdmodDate
            ,a.codegroup_seq
            ,b.ifcgName

       FROM
           code as a
      JOIN codegroup as b ON b.ifcgSeq=a.codegroup_seq
      WHERE 1=1

			ORDER BY
			a.ifcdSeq desc
        ) aa
		limit 5 offset 0
 {executed in 1 msec} 
2024-10-04T13:11:43.404 [http-nio-8090-exec-2] DEBUG j.sqltiming -  com.zaxxer.hikari.pool.ProxyPreparedStatement.execute(ProxyPreparedStatement.java:44)
181. SELECT COUNT(*)

       FROM
           code as a
      JOIN codegroup as b ON b.ifcgSeq=a.codegroup_seq
      WHERE 1=1
 {executed in 0 msec} 
2024-10-04T13:11:43.407 [http-nio-8090-exec-2] DEBUG j.sqltiming -  com.zaxxer.hikari.pool.ProxyPreparedStatement.execute(ProxyPreparedStatement.java:44)
181. select aa.* from (
	   SELECT
			a.ifcdSeq
			,a.ifcdName
			,a.ifcdUseNy
			,a.ifcdOrder
			,a.ifcdDesc
			,a.ifcdDelny
            ,a.ifcdRegDate
            ,a.ifcdmodDate
            ,a.codegroup_seq
            ,b.ifcgName

       FROM
           code as a
      JOIN codegroup as b ON b.ifcgSeq=a.codegroup_seq
      WHERE 1=1

			ORDER BY
			a.ifcdSeq desc
        ) aa
		limit 5 offset 0
 {executed in 0 msec} 
2024-10-04T13:12:18.711 [http-nio-8090-exec-1] DEBUG j.sqltiming -  com.zaxxer.hikari.pool.ProxyPreparedStatement.execute(ProxyPreparedStatement.java:44)
181. SELECT COUNT(*)

       FROM
           code as a
      JOIN codegroup as b ON b.ifcgSeq=a.codegroup_seq
      WHERE 1=1
 {executed in 1 msec} 
2024-10-04T13:12:18.713 [http-nio-8090-exec-1] DEBUG j.sqltiming -  com.zaxxer.hikari.pool.ProxyPreparedStatement.execute(ProxyPreparedStatement.java:44)
181. select aa.* from (
	   SELECT
			a.ifcdSeq
			,a.ifcdName
			,a.ifcdUseNy
			,a.ifcdOrder
			,a.ifcdDesc
			,a.ifcdDelny
            ,a.ifcdRegDate
            ,a.ifcdmodDate
            ,a.codegroup_seq
            ,b.ifcgName

       FROM
           code as a
      JOIN codegroup as b ON b.ifcgSeq=a.codegroup_seq
      WHERE 1=1

			ORDER BY
			a.ifcdSeq desc
        ) aa
		limit 5 offset 0
 {executed in 1 msec} 
2024-10-04T13:13:30.107 [http-nio-8090-exec-3] DEBUG j.sqltiming -  com.zaxxer.hikari.pool.ProxyPreparedStatement.execute(ProxyPreparedStatement.java:44)
181. SELECT COUNT(*)

       FROM
           code as a
      JOIN codegroup as b ON b.ifcgSeq=a.codegroup_seq
      WHERE 1=1
 {executed in 2 msec} 
2024-10-04T13:13:30.110 [http-nio-8090-exec-3] DEBUG j.sqltiming -  com.zaxxer.hikari.pool.ProxyPreparedStatement.execute(ProxyPreparedStatement.java:44)
181. select aa.* from (
	   SELECT
			a.ifcdSeq
			,a.ifcdName
			,a.ifcdUseNy
			,a.ifcdOrder
			,a.ifcdDesc
			,a.ifcdDelny
            ,a.ifcdRegDate
            ,a.ifcdmodDate
            ,a.codegroup_seq
            ,b.ifcgName

       FROM
           code as a
      JOIN codegroup as b ON b.ifcgSeq=a.codegroup_seq
      WHERE 1=1

			ORDER BY
			a.ifcdSeq desc
        ) aa
		limit 5 offset 0
 {executed in 1 msec} 
2024-10-04T13:13:31.328 [http-nio-8090-exec-2] DEBUG j.sqltiming -  com.zaxxer.hikari.pool.ProxyPreparedStatement.execute(ProxyPreparedStatement.java:44)
181. SELECT COUNT(*)

       FROM
           code as a
      JOIN codegroup as b ON b.ifcgSeq=a.codegroup_seq
      WHERE 1=1
 {executed in 0 msec} 
2024-10-04T13:13:31.331 [http-nio-8090-exec-2] DEBUG j.sqltiming -  com.zaxxer.hikari.pool.ProxyPreparedStatement.execute(ProxyPreparedStatement.java:44)
181. select aa.* from (
	   SELECT
			a.ifcdSeq
			,a.ifcdName
			,a.ifcdUseNy
			,a.ifcdOrder
			,a.ifcdDesc
			,a.ifcdDelny
            ,a.ifcdRegDate
            ,a.ifcdmodDate
            ,a.codegroup_seq
            ,b.ifcgName

       FROM
           code as a
      JOIN codegroup as b ON b.ifcgSeq=a.codegroup_seq
      WHERE 1=1

			ORDER BY
			a.ifcdSeq desc
        ) aa
		limit 5 offset 0
 {executed in 1 msec} 
2024-10-04T13:13:32.223 [http-nio-8090-exec-6] DEBUG j.sqltiming -  com.zaxxer.hikari.pool.ProxyPreparedStatement.execute(ProxyPreparedStatement.java:44)
181. SELECT COUNT(*)

       FROM
           code as a
      JOIN codegroup as b ON b.ifcgSeq=a.codegroup_seq
      WHERE 1=1
 {executed in 0 msec} 
2024-10-04T13:13:32.226 [http-nio-8090-exec-6] DEBUG j.sqltiming -  com.zaxxer.hikari.pool.ProxyPreparedStatement.execute(ProxyPreparedStatement.java:44)
181. select aa.* from (
	   SELECT
			a.ifcdSeq
			,a.ifcdName
			,a.ifcdUseNy
			,a.ifcdOrder
			,a.ifcdDesc
			,a.ifcdDelny
            ,a.ifcdRegDate
            ,a.ifcdmodDate
            ,a.codegroup_seq
            ,b.ifcgName

       FROM
           code as a
      JOIN codegroup as b ON b.ifcgSeq=a.codegroup_seq
      WHERE 1=1

			ORDER BY
			a.ifcdSeq desc
        ) aa
		limit 5 offset 5
 {executed in 2 msec} 
2024-10-04T13:13:34.175 [http-nio-8090-exec-1] DEBUG j.sqltiming -  com.zaxxer.hikari.pool.ProxyPreparedStatement.execute(ProxyPreparedStatement.java:44)
181. SELECT COUNT(*)

       FROM
           code as a
      JOIN codegroup as b ON b.ifcgSeq=a.codegroup_seq
      WHERE 1=1
 {executed in 1 msec} 
2024-10-04T13:13:34.177 [http-nio-8090-exec-1] DEBUG j.sqltiming -  com.zaxxer.hikari.pool.ProxyPreparedStatement.execute(ProxyPreparedStatement.java:44)
181. select aa.* from (
	   SELECT
			a.ifcdSeq
			,a.ifcdName
			,a.ifcdUseNy
			,a.ifcdOrder
			,a.ifcdDesc
			,a.ifcdDelny
            ,a.ifcdRegDate
            ,a.ifcdmodDate
            ,a.codegroup_seq
            ,b.ifcgName

       FROM
           code as a
      JOIN codegroup as b ON b.ifcgSeq=a.codegroup_seq
      WHERE 1=1

			ORDER BY
			a.ifcdSeq desc
        ) aa
		limit 5 offset 0
 {executed in 1 msec} 
2024-10-04T13:13:35.888 [http-nio-8090-exec-1] DEBUG j.sqltiming -  com.zaxxer.hikari.pool.ProxyPreparedStatement.execute(ProxyPreparedStatement.java:44)
181. SELECT COUNT(*)

       FROM
           code as a
      JOIN codegroup as b ON b.ifcgSeq=a.codegroup_seq
      WHERE 1=1
 {executed in 0 msec} 
2024-10-04T13:13:35.890 [http-nio-8090-exec-1] DEBUG j.sqltiming -  com.zaxxer.hikari.pool.ProxyPreparedStatement.execute(ProxyPreparedStatement.java:44)
181. select aa.* from (
	   SELECT
			a.ifcdSeq
			,a.ifcdName
			,a.ifcdUseNy
			,a.ifcdOrder
			,a.ifcdDesc
			,a.ifcdDelny
            ,a.ifcdRegDate
            ,a.ifcdmodDate
            ,a.codegroup_seq
            ,b.ifcgName

       FROM
           code as a
      JOIN codegroup as b ON b.ifcgSeq=a.codegroup_seq
      WHERE 1=1

			ORDER BY
			a.ifcdSeq desc
        ) aa
		limit 5 offset 5
 {executed in 2 msec} 
2024-10-04T13:13:37.617 [http-nio-8090-exec-6] DEBUG j.sqltiming -  com.zaxxer.hikari.pool.ProxyPreparedStatement.execute(ProxyPreparedStatement.java:44)
181. SELECT COUNT(*)

       FROM
           code as a
      JOIN codegroup as b ON b.ifcgSeq=a.codegroup_seq
      WHERE 1=1
 {executed in 1 msec} 
2024-10-04T13:13:37.622 [http-nio-8090-exec-6] DEBUG j.sqltiming -  com.zaxxer.hikari.pool.ProxyPreparedStatement.execute(ProxyPreparedStatement.java:44)
181. select aa.* from (
	   SELECT
			a.ifcdSeq
			,a.ifcdName
			,a.ifcdUseNy
			,a.ifcdOrder
			,a.ifcdDesc
			,a.ifcdDelny
            ,a.ifcdRegDate
            ,a.ifcdmodDate
            ,a.codegroup_seq
            ,b.ifcgName

       FROM
           code as a
      JOIN codegroup as b ON b.ifcgSeq=a.codegroup_seq
      WHERE 1=1

			ORDER BY
			a.ifcdSeq desc
        ) aa
		limit 5 offset 0
 {executed in 2 msec} 
2024-10-04T13:13:40.127 [http-nio-8090-exec-3] DEBUG j.sqltiming -  com.zaxxer.hikari.pool.ProxyPreparedStatement.execute(ProxyPreparedStatement.java:44)
181. SELECT COUNT(*)

       FROM
           code as a
      JOIN codegroup as b ON b.ifcgSeq=a.codegroup_seq
      WHERE 1=1
 {executed in 1 msec} 
2024-10-04T13:13:40.130 [http-nio-8090-exec-3] DEBUG j.sqltiming -  com.zaxxer.hikari.pool.ProxyPreparedStatement.execute(ProxyPreparedStatement.java:44)
181. select aa.* from (
	   SELECT
			a.ifcdSeq
			,a.ifcdName
			,a.ifcdUseNy
			,a.ifcdOrder
			,a.ifcdDesc
			,a.ifcdDelny
            ,a.ifcdRegDate
            ,a.ifcdmodDate
            ,a.codegroup_seq
            ,b.ifcgName

       FROM
           code as a
      JOIN codegroup as b ON b.ifcgSeq=a.codegroup_seq
      WHERE 1=1

			ORDER BY
			a.ifcdSeq desc
        ) aa
		limit 5 offset 5
 {executed in 2 msec} 
2024-10-04T13:13:41.144 [http-nio-8090-exec-6] DEBUG j.sqltiming -  com.zaxxer.hikari.pool.ProxyPreparedStatement.execute(ProxyPreparedStatement.java:44)
181. SELECT COUNT(*)

       FROM
           code as a
      JOIN codegroup as b ON b.ifcgSeq=a.codegroup_seq
      WHERE 1=1
 {executed in 0 msec} 
2024-10-04T13:13:41.146 [http-nio-8090-exec-6] DEBUG j.sqltiming -  com.zaxxer.hikari.pool.ProxyPreparedStatement.execute(ProxyPreparedStatement.java:44)
181. select aa.* from (
	   SELECT
			a.ifcdSeq
			,a.ifcdName
			,a.ifcdUseNy
			,a.ifcdOrder
			,a.ifcdDesc
			,a.ifcdDelny
            ,a.ifcdRegDate
            ,a.ifcdmodDate
            ,a.codegroup_seq
            ,b.ifcgName

       FROM
           code as a
      JOIN codegroup as b ON b.ifcgSeq=a.codegroup_seq
      WHERE 1=1

			ORDER BY
			a.ifcdSeq desc
        ) aa
		limit 5 offset 0
 {executed in 1 msec} 
2024-10-04T13:13:41.616 [http-nio-8090-exec-7] DEBUG j.sqltiming -  com.zaxxer.hikari.pool.ProxyPreparedStatement.execute(ProxyPreparedStatement.java:44)
181. SELECT COUNT(*)

       FROM
           code as a
      JOIN codegroup as b ON b.ifcgSeq=a.codegroup_seq
      WHERE 1=1
 {executed in 1 msec} 
2024-10-04T13:13:41.619 [http-nio-8090-exec-7] DEBUG j.sqltiming -  com.zaxxer.hikari.pool.ProxyPreparedStatement.execute(ProxyPreparedStatement.java:44)
181. select aa.* from (
	   SELECT
			a.ifcdSeq
			,a.ifcdName
			,a.ifcdUseNy
			,a.ifcdOrder
			,a.ifcdDesc
			,a.ifcdDelny
            ,a.ifcdRegDate
            ,a.ifcdmodDate
            ,a.codegroup_seq
            ,b.ifcgName

       FROM
           code as a
      JOIN codegroup as b ON b.ifcgSeq=a.codegroup_seq
      WHERE 1=1

			ORDER BY
			a.ifcdSeq desc
        ) aa
		limit 5 offset 5
 {executed in 1 msec} 
2024-10-04T13:13:42.465 [http-nio-8090-exec-9] DEBUG j.sqltiming -  com.zaxxer.hikari.pool.ProxyPreparedStatement.execute(ProxyPreparedStatement.java:44)
181. SELECT COUNT(*)

       FROM
           code as a
      JOIN codegroup as b ON b.ifcgSeq=a.codegroup_seq
      WHERE 1=1
 {executed in 1 msec} 
2024-10-04T13:13:42.469 [http-nio-8090-exec-9] DEBUG j.sqltiming -  com.zaxxer.hikari.pool.ProxyPreparedStatement.execute(ProxyPreparedStatement.java:44)
181. select aa.* from (
	   SELECT
			a.ifcdSeq
			,a.ifcdName
			,a.ifcdUseNy
			,a.ifcdOrder
			,a.ifcdDesc
			,a.ifcdDelny
            ,a.ifcdRegDate
            ,a.ifcdmodDate
            ,a.codegroup_seq
            ,b.ifcgName

       FROM
           code as a
      JOIN codegroup as b ON b.ifcgSeq=a.codegroup_seq
      WHERE 1=1

			ORDER BY
			a.ifcdSeq desc
        ) aa
		limit 5 offset 0
 {executed in 3 msec} 
2024-10-04T13:13:42.760 [http-nio-8090-exec-4] DEBUG j.sqltiming -  com.zaxxer.hikari.pool.ProxyPreparedStatement.execute(ProxyPreparedStatement.java:44)
181. SELECT COUNT(*)

       FROM
           code as a
      JOIN codegroup as b ON b.ifcgSeq=a.codegroup_seq
      WHERE 1=1
 {executed in 1 msec} 
2024-10-04T13:13:42.761 [http-nio-8090-exec-4] DEBUG j.sqltiming -  com.zaxxer.hikari.pool.ProxyPreparedStatement.execute(ProxyPreparedStatement.java:44)
181. select aa.* from (
	   SELECT
			a.ifcdSeq
			,a.ifcdName
			,a.ifcdUseNy
			,a.ifcdOrder
			,a.ifcdDesc
			,a.ifcdDelny
            ,a.ifcdRegDate
            ,a.ifcdmodDate
            ,a.codegroup_seq
            ,b.ifcgName

       FROM
           code as a
      JOIN codegroup as b ON b.ifcgSeq=a.codegroup_seq
      WHERE 1=1

			ORDER BY
			a.ifcdSeq desc
        ) aa
		limit 5 offset 5
 {executed in 0 msec} 
2024-10-04T13:13:43.529 [http-nio-8090-exec-7] DEBUG j.sqltiming -  com.zaxxer.hikari.pool.ProxyPreparedStatement.execute(ProxyPreparedStatement.java:44)
181. SELECT COUNT(*)

       FROM
           code as a
      JOIN codegroup as b ON b.ifcgSeq=a.codegroup_seq
      WHERE 1=1
 {executed in 1 msec} 
2024-10-04T13:13:43.531 [http-nio-8090-exec-7] DEBUG j.sqltiming -  com.zaxxer.hikari.pool.ProxyPreparedStatement.execute(ProxyPreparedStatement.java:44)
181. select aa.* from (
	   SELECT
			a.ifcdSeq
			,a.ifcdName
			,a.ifcdUseNy
			,a.ifcdOrder
			,a.ifcdDesc
			,a.ifcdDelny
            ,a.ifcdRegDate
            ,a.ifcdmodDate
            ,a.codegroup_seq
            ,b.ifcgName

       FROM
           code as a
      JOIN codegroup as b ON b.ifcgSeq=a.codegroup_seq
      WHERE 1=1

			ORDER BY
			a.ifcdSeq desc
        ) aa
		limit 5 offset 0
 {executed in 1 msec} 
2024-10-04T13:13:44.392 [http-nio-8090-exec-6] DEBUG j.sqltiming -  com.zaxxer.hikari.pool.ProxyPreparedStatement.execute(ProxyPreparedStatement.java:44)
181. SELECT COUNT(*)

       FROM
           code as a
      JOIN codegroup as b ON b.ifcgSeq=a.codegroup_seq
      WHERE 1=1
 {executed in 1 msec} 
2024-10-04T13:13:44.394 [http-nio-8090-exec-6] DEBUG j.sqltiming -  com.zaxxer.hikari.pool.ProxyPreparedStatement.execute(ProxyPreparedStatement.java:44)
181. select aa.* from (
	   SELECT
			a.ifcdSeq
			,a.ifcdName
			,a.ifcdUseNy
			,a.ifcdOrder
			,a.ifcdDesc
			,a.ifcdDelny
            ,a.ifcdRegDate
            ,a.ifcdmodDate
            ,a.codegroup_seq
            ,b.ifcgName

       FROM
           code as a
      JOIN codegroup as b ON b.ifcgSeq=a.codegroup_seq
      WHERE 1=1

			ORDER BY
			a.ifcdSeq desc
        ) aa
		limit 5 offset 5
 {executed in 1 msec} 
2024-10-04T13:13:49.929 [http-nio-8090-exec-7] DEBUG j.sqltiming -  com.zaxxer.hikari.pool.ProxyPreparedStatement.execute(ProxyPreparedStatement.java:44)
181. SELECT COUNT(*)

       FROM
           code as a
      JOIN codegroup as b ON b.ifcgSeq=a.codegroup_seq
      WHERE 1=1
 {executed in 1 msec} 
2024-10-04T13:13:49.931 [http-nio-8090-exec-7] DEBUG j.sqltiming -  com.zaxxer.hikari.pool.ProxyPreparedStatement.execute(ProxyPreparedStatement.java:44)
181. select aa.* from (
	   SELECT
			a.ifcdSeq
			,a.ifcdName
			,a.ifcdUseNy
			,a.ifcdOrder
			,a.ifcdDesc
			,a.ifcdDelny
            ,a.ifcdRegDate
            ,a.ifcdmodDate
            ,a.codegroup_seq
            ,b.ifcgName

       FROM
           code as a
      JOIN codegroup as b ON b.ifcgSeq=a.codegroup_seq
      WHERE 1=1

			ORDER BY
			a.ifcdSeq desc
        ) aa
		limit 5 offset 0
 {executed in 1 msec} 
2024-10-04T13:13:51.054 [http-nio-8090-exec-1] DEBUG j.sqltiming -  com.zaxxer.hikari.pool.ProxyPreparedStatement.execute(ProxyPreparedStatement.java:44)
181. SELECT COUNT(*)

       FROM
           code as a
      JOIN codegroup as b ON b.ifcgSeq=a.codegroup_seq
      WHERE 1=1
 {executed in 0 msec} 
2024-10-04T13:13:51.056 [http-nio-8090-exec-1] DEBUG j.sqltiming -  com.zaxxer.hikari.pool.ProxyPreparedStatement.execute(ProxyPreparedStatement.java:44)
181. select aa.* from (
	   SELECT
			a.ifcdSeq
			,a.ifcdName
			,a.ifcdUseNy
			,a.ifcdOrder
			,a.ifcdDesc
			,a.ifcdDelny
            ,a.ifcdRegDate
            ,a.ifcdmodDate
            ,a.codegroup_seq
            ,b.ifcgName

       FROM
           code as a
      JOIN codegroup as b ON b.ifcgSeq=a.codegroup_seq
      WHERE 1=1

			ORDER BY
			a.ifcdSeq desc
        ) aa
		limit 5 offset 5
 {executed in 1 msec} 
2024-10-04T13:15:23.640 [http-nio-8090-exec-2] DEBUG j.sqltiming -  com.zaxxer.hikari.pool.ProxyPreparedStatement.execute(ProxyPreparedStatement.java:44)
181. SELECT COUNT(*)

       FROM
           code as a
      JOIN codegroup as b ON b.ifcgSeq=a.codegroup_seq
      WHERE 1=1
 {executed in 2 msec} 
2024-10-04T13:15:23.643 [http-nio-8090-exec-2] DEBUG j.sqltiming -  com.zaxxer.hikari.pool.ProxyPreparedStatement.execute(ProxyPreparedStatement.java:44)
181. select aa.* from (
	   SELECT
			a.ifcdSeq
			,a.ifcdName
			,a.ifcdUseNy
			,a.ifcdOrder
			,a.ifcdDesc
			,a.ifcdDelny
            ,a.ifcdRegDate
            ,a.ifcdmodDate
            ,a.codegroup_seq
            ,b.ifcgName

       FROM
           code as a
      JOIN codegroup as b ON b.ifcgSeq=a.codegroup_seq
      WHERE 1=1

			ORDER BY
			a.ifcdSeq desc
        ) aa
		limit 5 offset 0
 {executed in 2 msec} 
2024-10-04T13:15:25.963 [http-nio-8090-exec-7] DEBUG j.sqltiming -  com.zaxxer.hikari.pool.ProxyPreparedStatement.execute(ProxyPreparedStatement.java:44)
181. SELECT COUNT(*)

       FROM
           code as a
      JOIN codegroup as b ON b.ifcgSeq=a.codegroup_seq
      WHERE 1=1
 {executed in 1 msec} 
2024-10-04T13:15:25.965 [http-nio-8090-exec-7] DEBUG j.sqltiming -  com.zaxxer.hikari.pool.ProxyPreparedStatement.execute(ProxyPreparedStatement.java:44)
181. select aa.* from (
	   SELECT
			a.ifcdSeq
			,a.ifcdName
			,a.ifcdUseNy
			,a.ifcdOrder
			,a.ifcdDesc
			,a.ifcdDelny
            ,a.ifcdRegDate
            ,a.ifcdmodDate
            ,a.codegroup_seq
            ,b.ifcgName

       FROM
           code as a
      JOIN codegroup as b ON b.ifcgSeq=a.codegroup_seq
      WHERE 1=1

			ORDER BY
			a.ifcdSeq desc
        ) aa
		limit 5 offset 5
 {executed in 1 msec} 
2024-10-04T13:15:28.863 [http-nio-8090-exec-4] DEBUG j.sqltiming -  com.zaxxer.hikari.pool.ProxyPreparedStatement.execute(ProxyPreparedStatement.java:44)
181. SELECT COUNT(*)

       FROM
           code as a
      JOIN codegroup as b ON b.ifcgSeq=a.codegroup_seq
      WHERE 1=1
 {executed in 1 msec} 
2024-10-04T13:15:28.865 [http-nio-8090-exec-4] DEBUG j.sqltiming -  com.zaxxer.hikari.pool.ProxyPreparedStatement.execute(ProxyPreparedStatement.java:44)
181. select aa.* from (
	   SELECT
			a.ifcdSeq
			,a.ifcdName
			,a.ifcdUseNy
			,a.ifcdOrder
			,a.ifcdDesc
			,a.ifcdDelny
            ,a.ifcdRegDate
            ,a.ifcdmodDate
            ,a.codegroup_seq
            ,b.ifcgName

       FROM
           code as a
      JOIN codegroup as b ON b.ifcgSeq=a.codegroup_seq
      WHERE 1=1

			ORDER BY
			a.ifcdSeq desc
        ) aa
		limit 5 offset 0
 {executed in 1 msec} 
2024-10-04T13:15:30.567 [http-nio-8090-exec-6] DEBUG j.sqltiming -  com.zaxxer.hikari.pool.ProxyPreparedStatement.execute(ProxyPreparedStatement.java:44)
181. SELECT COUNT(*)

       FROM
           code as a
      JOIN codegroup as b ON b.ifcgSeq=a.codegroup_seq
      WHERE 1=1
 {executed in 1 msec} 
2024-10-04T13:15:30.570 [http-nio-8090-exec-6] DEBUG j.sqltiming -  com.zaxxer.hikari.pool.ProxyPreparedStatement.execute(ProxyPreparedStatement.java:44)
181. select aa.* from (
	   SELECT
			a.ifcdSeq
			,a.ifcdName
			,a.ifcdUseNy
			,a.ifcdOrder
			,a.ifcdDesc
			,a.ifcdDelny
            ,a.ifcdRegDate
            ,a.ifcdmodDate
            ,a.codegroup_seq
            ,b.ifcgName

       FROM
           code as a
      JOIN codegroup as b ON b.ifcgSeq=a.codegroup_seq
      WHERE 1=1

			ORDER BY
			a.ifcdSeq desc
        ) aa
		limit 5 offset 5
 {executed in 1 msec} 
2024-10-04T13:17:30.890 [http-nio-8090-exec-6] DEBUG j.sqltiming -  com.zaxxer.hikari.pool.ProxyPreparedStatement.execute(ProxyPreparedStatement.java:44)
181. SELECT COUNT(*)

       FROM
           code as a
      JOIN codegroup as b ON b.ifcgSeq=a.codegroup_seq
      WHERE 1=1
 {executed in 1 msec} 
2024-10-04T13:17:30.892 [http-nio-8090-exec-6] DEBUG j.sqltiming -  com.zaxxer.hikari.pool.ProxyPreparedStatement.execute(ProxyPreparedStatement.java:44)
181. select aa.* from (
	   SELECT
			a.ifcdSeq
			,a.ifcdName
			,a.ifcdUseNy
			,a.ifcdOrder
			,a.ifcdDesc
			,a.ifcdDelny
            ,a.ifcdRegDate
            ,a.ifcdmodDate
            ,a.codegroup_seq
            ,b.ifcgName

       FROM
           code as a
      JOIN codegroup as b ON b.ifcgSeq=a.codegroup_seq
      WHERE 1=1

			ORDER BY
			a.ifcdSeq desc
        ) aa
		limit 5 offset 0
 {executed in 1 msec} 
2024-10-04T13:17:47.610 [http-nio-8090-exec-6] DEBUG j.sqltiming -  com.zaxxer.hikari.pool.ProxyPreparedStatement.execute(ProxyPreparedStatement.java:44)
181. SELECT COUNT(*)

       FROM
           code as a
      JOIN codegroup as b ON b.ifcgSeq=a.codegroup_seq
      WHERE 1=1
 {executed in 1 msec} 
2024-10-04T13:17:47.612 [http-nio-8090-exec-6] DEBUG j.sqltiming -  com.zaxxer.hikari.pool.ProxyPreparedStatement.execute(ProxyPreparedStatement.java:44)
181. select aa.* from (
	   SELECT
			a.ifcdSeq
			,a.ifcdName
			,a.ifcdUseNy
			,a.ifcdOrder
			,a.ifcdDesc
			,a.ifcdDelny
            ,a.ifcdRegDate
            ,a.ifcdmodDate
            ,a.codegroup_seq
            ,b.ifcgName

       FROM
           code as a
      JOIN codegroup as b ON b.ifcgSeq=a.codegroup_seq
      WHERE 1=1

			ORDER BY
			a.ifcdSeq desc
        ) aa
		limit 5 offset 5
 {executed in 1 msec} 
2024-10-04T13:17:56.503 [http-nio-8090-exec-6] DEBUG j.sqltiming -  com.zaxxer.hikari.pool.ProxyPreparedStatement.execute(ProxyPreparedStatement.java:44)
181. SELECT COUNT(*)

       FROM
           code as a
      JOIN codegroup as b ON b.ifcgSeq=a.codegroup_seq
      WHERE 1=1
 {executed in 1 msec} 
2024-10-04T13:17:56.506 [http-nio-8090-exec-6] DEBUG j.sqltiming -  com.zaxxer.hikari.pool.ProxyPreparedStatement.execute(ProxyPreparedStatement.java:44)
181. select aa.* from (
	   SELECT
			a.ifcdSeq
			,a.ifcdName
			,a.ifcdUseNy
			,a.ifcdOrder
			,a.ifcdDesc
			,a.ifcdDelny
            ,a.ifcdRegDate
            ,a.ifcdmodDate
            ,a.codegroup_seq
            ,b.ifcgName

       FROM
           code as a
      JOIN codegroup as b ON b.ifcgSeq=a.codegroup_seq
      WHERE 1=1

			ORDER BY
			a.ifcdSeq desc
        ) aa
		limit 5 offset 0
 {executed in 2 msec} 
2024-10-04T13:20:09.996 [http-nio-8090-exec-8] DEBUG j.sqltiming -  com.zaxxer.hikari.pool.ProxyPreparedStatement.execute(ProxyPreparedStatement.java:44)
181. SELECT COUNT(*)

       FROM
           code as a
      JOIN codegroup as b ON b.ifcgSeq=a.codegroup_seq
      WHERE 1=1
 {executed in 0 msec} 
2024-10-04T13:20:09.998 [http-nio-8090-exec-8] DEBUG j.sqltiming -  com.zaxxer.hikari.pool.ProxyPreparedStatement.execute(ProxyPreparedStatement.java:44)
181. select aa.* from (
	   SELECT
			a.ifcdSeq
			,a.ifcdName
			,a.ifcdUseNy
			,a.ifcdOrder
			,a.ifcdDesc
			,a.ifcdDelny
            ,a.ifcdRegDate
            ,a.ifcdmodDate
            ,a.codegroup_seq
            ,b.ifcgName

       FROM
           code as a
      JOIN codegroup as b ON b.ifcgSeq=a.codegroup_seq
      WHERE 1=1

			ORDER BY
			a.ifcdSeq desc
        ) aa
		limit 5 offset 0
 {executed in 1 msec} 
2024-10-04T13:21:20.823 [http-nio-8090-exec-4] DEBUG j.sqltiming -  com.zaxxer.hikari.pool.ProxyPreparedStatement.execute(ProxyPreparedStatement.java:44)
181. SELECT COUNT(*)

       FROM
           code as a
      JOIN codegroup as b ON b.ifcgSeq=a.codegroup_seq
      WHERE 1=1
 {executed in 1 msec} 
2024-10-04T13:21:20.825 [http-nio-8090-exec-4] DEBUG j.sqltiming -  com.zaxxer.hikari.pool.ProxyPreparedStatement.execute(ProxyPreparedStatement.java:44)
181. select aa.* from (
	   SELECT
			a.ifcdSeq
			,a.ifcdName
			,a.ifcdUseNy
			,a.ifcdOrder
			,a.ifcdDesc
			,a.ifcdDelny
            ,a.ifcdRegDate
            ,a.ifcdmodDate
            ,a.codegroup_seq
            ,b.ifcgName

       FROM
           code as a
      JOIN codegroup as b ON b.ifcgSeq=a.codegroup_seq
      WHERE 1=1

			ORDER BY
			a.ifcdSeq desc
        ) aa
		limit 5 offset 0
 {executed in 1 msec} 
2024-10-04T13:21:23.868 [http-nio-8090-exec-4] DEBUG j.sqltiming -  com.zaxxer.hikari.pool.ProxyPreparedStatement.execute(ProxyPreparedStatement.java:44)
181. SELECT COUNT(*)

       FROM
           code as a
      JOIN codegroup as b ON b.ifcgSeq=a.codegroup_seq
      WHERE 1=1
 {executed in 0 msec} 
2024-10-04T13:21:23.870 [http-nio-8090-exec-4] DEBUG j.sqltiming -  com.zaxxer.hikari.pool.ProxyPreparedStatement.execute(ProxyPreparedStatement.java:44)
181. select aa.* from (
	   SELECT
			a.ifcdSeq
			,a.ifcdName
			,a.ifcdUseNy
			,a.ifcdOrder
			,a.ifcdDesc
			,a.ifcdDelny
            ,a.ifcdRegDate
            ,a.ifcdmodDate
            ,a.codegroup_seq
            ,b.ifcgName

       FROM
           code as a
      JOIN codegroup as b ON b.ifcgSeq=a.codegroup_seq
      WHERE 1=1

			ORDER BY
			a.ifcdSeq desc
        ) aa
		limit 10 offset 0
 {executed in 2 msec} 
2024-10-04T13:23:18.683 [http-nio-8090-exec-5] DEBUG j.sqltiming -  com.zaxxer.hikari.pool.ProxyPreparedStatement.execute(ProxyPreparedStatement.java:44)
181. SELECT COUNT(*)

       FROM
           code as a
      JOIN codegroup as b ON b.ifcgSeq=a.codegroup_seq
      WHERE 1=1
 {executed in 2 msec} 
2024-10-04T13:23:18.685 [http-nio-8090-exec-5] DEBUG j.sqltiming -  com.zaxxer.hikari.pool.ProxyPreparedStatement.execute(ProxyPreparedStatement.java:44)
181. select aa.* from (
	   SELECT
			a.ifcdSeq
			,a.ifcdName
			,a.ifcdUseNy
			,a.ifcdOrder
			,a.ifcdDesc
			,a.ifcdDelny
            ,a.ifcdRegDate
            ,a.ifcdmodDate
            ,a.codegroup_seq
            ,b.ifcgName

       FROM
           code as a
      JOIN codegroup as b ON b.ifcgSeq=a.codegroup_seq
      WHERE 1=1

			ORDER BY
			a.ifcdSeq desc
        ) aa
		limit 5 offset 0
 {executed in 1 msec} 
2024-10-04T13:23:55.760 [http-nio-8090-exec-6] DEBUG j.sqltiming -  com.zaxxer.hikari.pool.ProxyPreparedStatement.execute(ProxyPreparedStatement.java:44)
181. SELECT COUNT(*)

       FROM
           code as a
      JOIN codegroup as b ON b.ifcgSeq=a.codegroup_seq
      WHERE 1=1
 {executed in 1 msec} 
2024-10-04T13:23:55.763 [http-nio-8090-exec-6] DEBUG j.sqltiming -  com.zaxxer.hikari.pool.ProxyPreparedStatement.execute(ProxyPreparedStatement.java:44)
181. select aa.* from (
	   SELECT
			a.ifcdSeq
			,a.ifcdName
			,a.ifcdUseNy
			,a.ifcdOrder
			,a.ifcdDesc
			,a.ifcdDelny
            ,a.ifcdRegDate
            ,a.ifcdmodDate
            ,a.codegroup_seq
            ,b.ifcgName

       FROM
           code as a
      JOIN codegroup as b ON b.ifcgSeq=a.codegroup_seq
      WHERE 1=1

			ORDER BY
			a.ifcdSeq desc
        ) aa
		limit 5 offset 0
 {executed in 2 msec} 
2024-10-04T13:23:58.430 [http-nio-8090-exec-7] DEBUG j.sqltiming -  com.zaxxer.hikari.pool.ProxyPreparedStatement.execute(ProxyPreparedStatement.java:44)
181. SELECT COUNT(*)

       FROM
           code as a
      JOIN codegroup as b ON b.ifcgSeq=a.codegroup_seq
      WHERE 1=1
 {executed in 1 msec} 
2024-10-04T13:23:58.432 [http-nio-8090-exec-7] DEBUG j.sqltiming -  com.zaxxer.hikari.pool.ProxyPreparedStatement.execute(ProxyPreparedStatement.java:44)
181. select aa.* from (
	   SELECT
			a.ifcdSeq
			,a.ifcdName
			,a.ifcdUseNy
			,a.ifcdOrder
			,a.ifcdDesc
			,a.ifcdDelny
            ,a.ifcdRegDate
            ,a.ifcdmodDate
            ,a.codegroup_seq
            ,b.ifcgName

       FROM
           code as a
      JOIN codegroup as b ON b.ifcgSeq=a.codegroup_seq
      WHERE 1=1

			ORDER BY
			a.ifcdSeq desc
        ) aa
		limit 40 offset 0
 {executed in 1 msec} 
2024-10-04T13:24:31.329 [http-nio-8090-exec-6] DEBUG j.sqltiming -  com.zaxxer.hikari.pool.ProxyPreparedStatement.execute(ProxyPreparedStatement.java:44)
181. SELECT
	  	 	a.ifcdSeq
			,a.ifcdName
			,a.ifcdUseNy
			,a.ifcdOrder
			,a.ifcdDesc
			,a.ifcdDelny
            ,a.ifcdRegDate
            ,a.ifcdmodDate
            ,a.codegroup_seq
        FROM 
			code a	
		WHERE 1=1
			AND	a.ifcdSeq = '10'
 {executed in 1 msec} 
2024-10-04T13:24:39.479 [http-nio-8090-exec-10] DEBUG j.sqltiming -  com.zaxxer.hikari.pool.ProxyPreparedStatement.execute(ProxyPreparedStatement.java:44)
181. DELETE FROM code
	  	WHERE 1=1
	  		AND ifcdSeq='10'
 {executed in 13 msec} 
2024-10-04T13:24:39.487 [http-nio-8090-exec-3] DEBUG j.sqltiming -  com.zaxxer.hikari.pool.ProxyPreparedStatement.execute(ProxyPreparedStatement.java:44)
181. SELECT COUNT(*)

       FROM
           code as a
      JOIN codegroup as b ON b.ifcgSeq=a.codegroup_seq
      WHERE 1=1
 {executed in 1 msec} 
2024-10-04T13:24:39.489 [http-nio-8090-exec-3] DEBUG j.sqltiming -  com.zaxxer.hikari.pool.ProxyPreparedStatement.execute(ProxyPreparedStatement.java:44)
181. select aa.* from (
	   SELECT
			a.ifcdSeq
			,a.ifcdName
			,a.ifcdUseNy
			,a.ifcdOrder
			,a.ifcdDesc
			,a.ifcdDelny
            ,a.ifcdRegDate
            ,a.ifcdmodDate
            ,a.codegroup_seq
            ,b.ifcgName

       FROM
           code as a
      JOIN codegroup as b ON b.ifcgSeq=a.codegroup_seq
      WHERE 1=1

			ORDER BY
			a.ifcdSeq desc
        ) aa
		limit 5 offset 0
 {executed in 0 msec} 
2024-10-04T13:24:42.471 [http-nio-8090-exec-6] DEBUG j.sqltiming -  com.zaxxer.hikari.pool.ProxyPreparedStatement.execute(ProxyPreparedStatement.java:44)
181. SELECT COUNT(*)

       FROM
           code as a
      JOIN codegroup as b ON b.ifcgSeq=a.codegroup_seq
      WHERE 1=1
 {executed in 0 msec} 
2024-10-04T13:24:42.474 [http-nio-8090-exec-6] DEBUG j.sqltiming -  com.zaxxer.hikari.pool.ProxyPreparedStatement.execute(ProxyPreparedStatement.java:44)
181. select aa.* from (
	   SELECT
			a.ifcdSeq
			,a.ifcdName
			,a.ifcdUseNy
			,a.ifcdOrder
			,a.ifcdDesc
			,a.ifcdDelny
            ,a.ifcdRegDate
            ,a.ifcdmodDate
            ,a.codegroup_seq
            ,b.ifcgName

       FROM
           code as a
      JOIN codegroup as b ON b.ifcgSeq=a.codegroup_seq
      WHERE 1=1

			ORDER BY
			a.ifcdSeq desc
        ) aa
		limit 5 offset 5
 {executed in 3 msec} 
2024-10-04T13:24:46.247 [http-nio-8090-exec-10] DEBUG j.sqltiming -  com.zaxxer.hikari.pool.ProxyPreparedStatement.execute(ProxyPreparedStatement.java:44)
181. SELECT COUNT(*)

       FROM
           code as a
      JOIN codegroup as b ON b.ifcgSeq=a.codegroup_seq
      WHERE 1=1
 {executed in 0 msec} 
2024-10-04T13:24:46.250 [http-nio-8090-exec-10] DEBUG j.sqltiming -  com.zaxxer.hikari.pool.ProxyPreparedStatement.execute(ProxyPreparedStatement.java:44)
181. select aa.* from (
	   SELECT
			a.ifcdSeq
			,a.ifcdName
			,a.ifcdUseNy
			,a.ifcdOrder
			,a.ifcdDesc
			,a.ifcdDelny
            ,a.ifcdRegDate
            ,a.ifcdmodDate
            ,a.codegroup_seq
            ,b.ifcgName

       FROM
           code as a
      JOIN codegroup as b ON b.ifcgSeq=a.codegroup_seq
      WHERE 1=1

			ORDER BY
			a.ifcdSeq desc
        ) aa
		limit 5 offset 0
 {executed in 1 msec} 
2024-10-04T13:24:49.208 [http-nio-8090-exec-1] DEBUG j.sqltiming -  com.zaxxer.hikari.pool.ProxyPreparedStatement.execute(ProxyPreparedStatement.java:44)
181. SELECT
	  	 	a.ifcdSeq
			,a.ifcdName
			,a.ifcdUseNy
			,a.ifcdOrder
			,a.ifcdDesc
			,a.ifcdDelny
            ,a.ifcdRegDate
            ,a.ifcdmodDate
            ,a.codegroup_seq
        FROM 
			code a	
		WHERE 1=1
			AND	a.ifcdSeq = '9'
 {executed in 1 msec} 
2024-10-04T13:24:52.475 [http-nio-8090-exec-2] DEBUG j.sqltiming -  com.zaxxer.hikari.pool.ProxyPreparedStatement.execute(ProxyPreparedStatement.java:44)
181. DELETE FROM code
	  	WHERE 1=1
	  		AND ifcdSeq='9'
 {executed in 9 msec} 
2024-10-04T13:24:52.496 [http-nio-8090-exec-9] DEBUG j.sqltiming -  com.zaxxer.hikari.pool.ProxyPreparedStatement.execute(ProxyPreparedStatement.java:44)
181. SELECT COUNT(*)

       FROM
           code as a
      JOIN codegroup as b ON b.ifcgSeq=a.codegroup_seq
      WHERE 1=1
 {executed in 1 msec} 
2024-10-04T13:24:52.498 [http-nio-8090-exec-9] DEBUG j.sqltiming -  com.zaxxer.hikari.pool.ProxyPreparedStatement.execute(ProxyPreparedStatement.java:44)
181. select aa.* from (
	   SELECT
			a.ifcdSeq
			,a.ifcdName
			,a.ifcdUseNy
			,a.ifcdOrder
			,a.ifcdDesc
			,a.ifcdDelny
            ,a.ifcdRegDate
            ,a.ifcdmodDate
            ,a.codegroup_seq
            ,b.ifcgName

       FROM
           code as a
      JOIN codegroup as b ON b.ifcgSeq=a.codegroup_seq
      WHERE 1=1

			ORDER BY
			a.ifcdSeq desc
        ) aa
		limit 5 offset 0
 {executed in 1 msec} 
2024-10-04T13:25:00.305 [http-nio-8090-exec-8] DEBUG j.sqltiming -  com.zaxxer.hikari.pool.ProxyPreparedStatement.execute(ProxyPreparedStatement.java:44)
181. SELECT
	  	 	a.ifcdSeq
			,a.ifcdName
			,a.ifcdUseNy
			,a.ifcdOrder
			,a.ifcdDesc
			,a.ifcdDelny
            ,a.ifcdRegDate
            ,a.ifcdmodDate
            ,a.codegroup_seq
        FROM 
			code a	
		WHERE 1=1
			AND	a.ifcdSeq = '7'
 {executed in 1 msec} 
2024-10-04T13:25:04.497 [http-nio-8090-exec-6] DEBUG j.sqltiming -  com.zaxxer.hikari.pool.ProxyPreparedStatement.execute(ProxyPreparedStatement.java:44)
181. DELETE FROM code
	  	WHERE 1=1
	  		AND ifcdSeq='7'
 {executed in 7 msec} 
2024-10-04T13:25:04.503 [http-nio-8090-exec-4] DEBUG j.sqltiming -  com.zaxxer.hikari.pool.ProxyPreparedStatement.execute(ProxyPreparedStatement.java:44)
181. SELECT COUNT(*)

       FROM
           code as a
      JOIN codegroup as b ON b.ifcgSeq=a.codegroup_seq
      WHERE 1=1
 {executed in 1 msec} 
2024-10-04T13:25:04.505 [http-nio-8090-exec-4] DEBUG j.sqltiming -  com.zaxxer.hikari.pool.ProxyPreparedStatement.execute(ProxyPreparedStatement.java:44)
181. select aa.* from (
	   SELECT
			a.ifcdSeq
			,a.ifcdName
			,a.ifcdUseNy
			,a.ifcdOrder
			,a.ifcdDesc
			,a.ifcdDelny
            ,a.ifcdRegDate
            ,a.ifcdmodDate
            ,a.codegroup_seq
            ,b.ifcgName

       FROM
           code as a
      JOIN codegroup as b ON b.ifcgSeq=a.codegroup_seq
      WHERE 1=1

			ORDER BY
			a.ifcdSeq desc
        ) aa
		limit 5 offset 0
 {executed in 0 msec} 
2024-10-04T13:25:07.683 [http-nio-8090-exec-5] DEBUG j.sqltiming -  com.zaxxer.hikari.pool.ProxyPreparedStatement.execute(ProxyPreparedStatement.java:44)
181. SELECT
	  	 	a.ifcdSeq
			,a.ifcdName
			,a.ifcdUseNy
			,a.ifcdOrder
			,a.ifcdDesc
			,a.ifcdDelny
            ,a.ifcdRegDate
            ,a.ifcdmodDate
            ,a.codegroup_seq
        FROM 
			code a	
		WHERE 1=1
			AND	a.ifcdSeq = '6'
 {executed in 0 msec} 
2024-10-04T13:25:10.261 [http-nio-8090-exec-3] DEBUG j.sqltiming -  com.zaxxer.hikari.pool.ProxyPreparedStatement.execute(ProxyPreparedStatement.java:44)
181. DELETE FROM code
	  	WHERE 1=1
	  		AND ifcdSeq='6'
 {executed in 5 msec} 
2024-10-04T13:25:10.272 [http-nio-8090-exec-6] DEBUG j.sqltiming -  com.zaxxer.hikari.pool.ProxyPreparedStatement.execute(ProxyPreparedStatement.java:44)
181. SELECT COUNT(*)

       FROM
           code as a
      JOIN codegroup as b ON b.ifcgSeq=a.codegroup_seq
      WHERE 1=1
 {executed in 1 msec} 
2024-10-04T13:25:10.274 [http-nio-8090-exec-6] DEBUG j.sqltiming -  com.zaxxer.hikari.pool.ProxyPreparedStatement.execute(ProxyPreparedStatement.java:44)
181. select aa.* from (
	   SELECT
			a.ifcdSeq
			,a.ifcdName
			,a.ifcdUseNy
			,a.ifcdOrder
			,a.ifcdDesc
			,a.ifcdDelny
            ,a.ifcdRegDate
            ,a.ifcdmodDate
            ,a.codegroup_seq
            ,b.ifcgName

       FROM
           code as a
      JOIN codegroup as b ON b.ifcgSeq=a.codegroup_seq
      WHERE 1=1

			ORDER BY
			a.ifcdSeq desc
        ) aa
		limit 5 offset 0
 {executed in 1 msec} 
2024-10-04T13:25:45.641 [http-nio-8090-exec-10] DEBUG j.sqltiming -  com.zaxxer.hikari.pool.ProxyPreparedStatement.execute(ProxyPreparedStatement.java:44)
181. SELECT
	  	 	a.ifcdSeq
			,a.ifcdName
			,a.ifcdUseNy
			,a.ifcdOrder
			,a.ifcdDesc
			,a.ifcdDelny
            ,a.ifcdRegDate
            ,a.ifcdmodDate
            ,a.codegroup_seq
        FROM 
			code a	
		WHERE 1=1
			AND	a.ifcdSeq = '3'
 {executed in 0 msec} 
2024-10-04T13:25:48.436 [http-nio-8090-exec-8] DEBUG j.sqltiming -  com.zaxxer.hikari.pool.ProxyPreparedStatement.execute(ProxyPreparedStatement.java:44)
181. DELETE FROM code
	  	WHERE 1=1
	  		AND ifcdSeq='3'
 {executed in 7 msec} 
2024-10-04T13:25:48.445 [http-nio-8090-exec-1] DEBUG j.sqltiming -  com.zaxxer.hikari.pool.ProxyPreparedStatement.execute(ProxyPreparedStatement.java:44)
181. SELECT COUNT(*)

       FROM
           code as a
      JOIN codegroup as b ON b.ifcgSeq=a.codegroup_seq
      WHERE 1=1
 {executed in 1 msec} 
2024-10-04T13:25:48.448 [http-nio-8090-exec-1] DEBUG j.sqltiming -  com.zaxxer.hikari.pool.ProxyPreparedStatement.execute(ProxyPreparedStatement.java:44)
181. select aa.* from (
	   SELECT
			a.ifcdSeq
			,a.ifcdName
			,a.ifcdUseNy
			,a.ifcdOrder
			,a.ifcdDesc
			,a.ifcdDelny
            ,a.ifcdRegDate
            ,a.ifcdmodDate
            ,a.codegroup_seq
            ,b.ifcgName

       FROM
           code as a
      JOIN codegroup as b ON b.ifcgSeq=a.codegroup_seq
      WHERE 1=1

			ORDER BY
			a.ifcdSeq desc
        ) aa
		limit 5 offset 0
 {executed in 1 msec} 
2024-10-04T13:25:50.098 [http-nio-8090-exec-9] DEBUG j.sqltiming -  com.zaxxer.hikari.pool.ProxyPreparedStatement.execute(ProxyPreparedStatement.java:44)
181. SELECT
	  	 	a.ifcdSeq
			,a.ifcdName
			,a.ifcdUseNy
			,a.ifcdOrder
			,a.ifcdDesc
			,a.ifcdDelny
            ,a.ifcdRegDate
            ,a.ifcdmodDate
            ,a.codegroup_seq
        FROM 
			code a	
		WHERE 1=1
			AND	a.ifcdSeq = '4'
 {executed in 1 msec} 
2024-10-04T13:25:52.452 [http-nio-8090-exec-3] DEBUG j.sqltiming -  com.zaxxer.hikari.pool.ProxyPreparedStatement.execute(ProxyPreparedStatement.java:44)
181. DELETE FROM code
	  	WHERE 1=1
	  		AND ifcdSeq='4'
 {executed in 5 msec} 
2024-10-04T13:25:52.466 [http-nio-8090-exec-4] DEBUG j.sqltiming -  com.zaxxer.hikari.pool.ProxyPreparedStatement.execute(ProxyPreparedStatement.java:44)
181. SELECT COUNT(*)

       FROM
           code as a
      JOIN codegroup as b ON b.ifcgSeq=a.codegroup_seq
      WHERE 1=1
 {executed in 0 msec} 
2024-10-04T13:25:52.467 [http-nio-8090-exec-4] DEBUG j.sqltiming -  com.zaxxer.hikari.pool.ProxyPreparedStatement.execute(ProxyPreparedStatement.java:44)
181. select aa.* from (
	   SELECT
			a.ifcdSeq
			,a.ifcdName
			,a.ifcdUseNy
			,a.ifcdOrder
			,a.ifcdDesc
			,a.ifcdDelny
            ,a.ifcdRegDate
            ,a.ifcdmodDate
            ,a.codegroup_seq
            ,b.ifcgName

       FROM
           code as a
      JOIN codegroup as b ON b.ifcgSeq=a.codegroup_seq
      WHERE 1=1

			ORDER BY
			a.ifcdSeq desc
        ) aa
		limit 5 offset 0
 {executed in 1 msec} 
2024-10-04T13:25:54.177 [http-nio-8090-exec-7] DEBUG j.sqltiming -  com.zaxxer.hikari.pool.ProxyPreparedStatement.execute(ProxyPreparedStatement.java:44)
181. SELECT
	  	 	a.ifcdSeq
			,a.ifcdName
			,a.ifcdUseNy
			,a.ifcdOrder
			,a.ifcdDesc
			,a.ifcdDelny
            ,a.ifcdRegDate
            ,a.ifcdmodDate
            ,a.codegroup_seq
        FROM 
			code a	
		WHERE 1=1
			AND	a.ifcdSeq = '5'
 {executed in 1 msec} 
2024-10-04T13:25:56.377 [http-nio-8090-exec-6] DEBUG j.sqltiming -  com.zaxxer.hikari.pool.ProxyPreparedStatement.execute(ProxyPreparedStatement.java:44)
181. DELETE FROM code
	  	WHERE 1=1
	  		AND ifcdSeq='5'
 {executed in 3 msec} 
2024-10-04T13:25:56.387 [http-nio-8090-exec-5] DEBUG j.sqltiming -  com.zaxxer.hikari.pool.ProxyPreparedStatement.execute(ProxyPreparedStatement.java:44)
181. SELECT COUNT(*)

       FROM
           code as a
      JOIN codegroup as b ON b.ifcgSeq=a.codegroup_seq
      WHERE 1=1
 {executed in 0 msec} 
2024-10-04T13:25:56.388 [http-nio-8090-exec-5] DEBUG j.sqltiming -  com.zaxxer.hikari.pool.ProxyPreparedStatement.execute(ProxyPreparedStatement.java:44)
181. select aa.* from (
	   SELECT
			a.ifcdSeq
			,a.ifcdName
			,a.ifcdUseNy
			,a.ifcdOrder
			,a.ifcdDesc
			,a.ifcdDelny
            ,a.ifcdRegDate
            ,a.ifcdmodDate
            ,a.codegroup_seq
            ,b.ifcgName

       FROM
           code as a
      JOIN codegroup as b ON b.ifcgSeq=a.codegroup_seq
      WHERE 1=1

			ORDER BY
			a.ifcdSeq desc
        ) aa
		limit 5 offset 0
 {executed in 1 msec} 
2024-10-04T13:27:10.644 [http-nio-8090-exec-9] DEBUG j.sqltiming -  com.zaxxer.hikari.pool.ProxyPreparedStatement.execute(ProxyPreparedStatement.java:44)
181. SELECT COUNT(*)

       FROM
           code as a
      JOIN codegroup as b ON b.ifcgSeq=a.codegroup_seq
      WHERE 1=1
 {executed in 0 msec} 
2024-10-04T13:27:10.647 [http-nio-8090-exec-9] DEBUG j.sqltiming -  com.zaxxer.hikari.pool.ProxyPreparedStatement.execute(ProxyPreparedStatement.java:44)
181. select aa.* from (
	   SELECT
			a.ifcdSeq
			,a.ifcdName
			,a.ifcdUseNy
			,a.ifcdOrder
			,a.ifcdDesc
			,a.ifcdDelny
            ,a.ifcdRegDate
            ,a.ifcdmodDate
            ,a.codegroup_seq
            ,b.ifcgName

       FROM
           code as a
      JOIN codegroup as b ON b.ifcgSeq=a.codegroup_seq
      WHERE 1=1

			ORDER BY
			a.ifcdSeq desc
        ) aa
		limit 5 offset 0
 {executed in 1 msec} 
2024-10-04T13:29:35.960 [http-nio-8090-exec-7] DEBUG j.sqltiming -  com.zaxxer.hikari.pool.ProxyPreparedStatement.execute(ProxyPreparedStatement.java:44)
181. SELECT COUNT(*)

       FROM
           code as a
      JOIN codegroup as b ON b.ifcgSeq=a.codegroup_seq
      WHERE 1=1
 {executed in 1 msec} 
2024-10-04T13:29:35.962 [http-nio-8090-exec-7] DEBUG j.sqltiming -  com.zaxxer.hikari.pool.ProxyPreparedStatement.execute(ProxyPreparedStatement.java:44)
181. select aa.* from (
	   SELECT
			a.ifcdSeq
			,a.ifcdName
			,a.ifcdUseNy
			,a.ifcdOrder
			,a.ifcdDesc
			,a.ifcdDelny
            ,a.ifcdRegDate
            ,a.ifcdmodDate
            ,a.codegroup_seq
            ,b.ifcgName

       FROM
           code as a
      JOIN codegroup as b ON b.ifcgSeq=a.codegroup_seq
      WHERE 1=1

			ORDER BY
			a.ifcdSeq desc
        ) aa
		limit 5 offset 0
 {executed in 1 msec} 
2024-10-04T13:32:02.227 [http-nio-8090-exec-8] DEBUG j.sqltiming -  com.zaxxer.hikari.pool.ProxyPreparedStatement.execute(ProxyPreparedStatement.java:44)
181. SELECT COUNT(*)

       FROM
           code as a
      JOIN codegroup as b ON b.ifcgSeq=a.codegroup_seq
      WHERE 1=1
 {executed in 2 msec} 
2024-10-04T13:32:02.229 [http-nio-8090-exec-8] DEBUG j.sqltiming -  com.zaxxer.hikari.pool.ProxyPreparedStatement.execute(ProxyPreparedStatement.java:44)
181. select aa.* from (
	   SELECT
			a.ifcdSeq
			,a.ifcdName
			,a.ifcdUseNy
			,a.ifcdOrder
			,a.ifcdDesc
			,a.ifcdDelny
            ,a.ifcdRegDate
            ,a.ifcdmodDate
            ,a.codegroup_seq
            ,b.ifcgName

       FROM
           code as a
      JOIN codegroup as b ON b.ifcgSeq=a.codegroup_seq
      WHERE 1=1

			ORDER BY
			a.ifcdSeq desc
        ) aa
		limit 5 offset 0
 {executed in 1 msec} 
2024-10-04T13:32:37.806 [http-nio-8090-exec-5] DEBUG j.sqltiming -  com.zaxxer.hikari.pool.ProxyPreparedStatement.execute(ProxyPreparedStatement.java:44)
181. SELECT COUNT(*)

       FROM
           code as a
      JOIN codegroup as b ON b.ifcgSeq=a.codegroup_seq
      WHERE 1=1
 {executed in 1 msec} 
2024-10-04T13:32:37.808 [http-nio-8090-exec-5] DEBUG j.sqltiming -  com.zaxxer.hikari.pool.ProxyPreparedStatement.execute(ProxyPreparedStatement.java:44)
181. select aa.* from (
	   SELECT
			a.ifcdSeq
			,a.ifcdName
			,a.ifcdUseNy
			,a.ifcdOrder
			,a.ifcdDesc
			,a.ifcdDelny
            ,a.ifcdRegDate
            ,a.ifcdmodDate
            ,a.codegroup_seq
            ,b.ifcgName

       FROM
           code as a
      JOIN codegroup as b ON b.ifcgSeq=a.codegroup_seq
      WHERE 1=1

			ORDER BY
			a.ifcdSeq desc
        ) aa
		limit 5 offset 0
 {executed in 1 msec} 
2024-10-04T13:43:15.192 [http-nio-8090-exec-7] DEBUG j.sqltiming -  com.zaxxer.hikari.pool.ProxyPreparedStatement.execute(ProxyPreparedStatement.java:44)
191. SELECT COUNT(*)

        FROM 
			seventeen.codegroup a
		WHERE 1=1
 {executed in 6 msec} 
2024-10-04T13:43:15.198 [http-nio-8090-exec-7] DEBUG j.sqltiming -  com.zaxxer.hikari.pool.ProxyPreparedStatement.execute(ProxyPreparedStatement.java:44)
191. SELECT aa.* FROM (
	   SELECT
			a.ifcgSeq
			,a.ifcgName
			,a.ifcgUseNy
			,a.ifcgOrder
			,a.ifcgDesc
			,a.ifcgDelNy
			,a.ifcgRegDate
			,a.ifcgRenDate
			,(SELECT count(ifcdSeq) FROM code AS ab where 1=1 AND ab.codegroup_seq = a.ifcgSeq) as xcount

        FROM 
			seventeen.codegroup a
		WHERE 1=1

			ORDER BY
			   a.ifcgSeq desc
        ) aa limit 5 offset 0
 {executed in 3 msec} 
2024-10-04T13:43:20.333 [http-nio-8090-exec-4] DEBUG j.sqltiming -  com.zaxxer.hikari.pool.ProxyPreparedStatement.execute(ProxyPreparedStatement.java:44)
191. SELECT COUNT(*)

        FROM 
			seventeen.codegroup a
		WHERE 1=1
			 AND ifcgDelNy = 1 	
			 AND ifcgUseNy = 1
 {executed in 1 msec} 
2024-10-04T13:43:20.335 [http-nio-8090-exec-4] DEBUG j.sqltiming -  com.zaxxer.hikari.pool.ProxyPreparedStatement.execute(ProxyPreparedStatement.java:44)
191. SELECT aa.* FROM (
	   SELECT
			a.ifcgSeq
			,a.ifcgName
			,a.ifcgUseNy
			,a.ifcgOrder
			,a.ifcgDesc
			,a.ifcgDelNy
			,a.ifcgRegDate
			,a.ifcgRenDate
			,(SELECT count(ifcdSeq) FROM code AS ab where 1=1 AND ab.codegroup_seq = a.ifcgSeq) as xcount

        FROM 
			seventeen.codegroup a
		WHERE 1=1
			 AND ifcgDelNy = 1 	
			 AND ifcgUseNy = 1 

			ORDER BY
			   a.ifcgSeq desc
        ) aa limit 5 offset 0
 {executed in 1 msec} 
2024-10-04T13:43:31.183 [http-nio-8090-exec-9] DEBUG j.sqltiming -  com.zaxxer.hikari.pool.ProxyPreparedStatement.execute(ProxyPreparedStatement.java:44)
191. SELECT COUNT(*)

        FROM 
			seventeen.codegroup a
		WHERE 1=1
			 AND ifcgDelNy = 1 	
			 AND ifcgUseNy = 1 

			 AND a.ifcgRegDate BETWEEN '2024-10-01' AND '2024-10-02'
 {executed in 1 msec} 
2024-10-04T13:45:45.225 [File Watcher] INFO o.s.b.d.a.LocalDevToolsAutoConfiguration$RestartingClassPathChangeChangedEventListener - Restarting due to 1 class path change (0 additions, 0 deletions, 1 modification) 
2024-10-04T13:45:45.228 [Thread-68] INFO o.a.c.h.Http11NioProtocol - Stopping ProtocolHandler ["http-nio-8090"] 
2024-10-04T13:45:45.368 [Thread-68] INFO c.z.h.HikariDataSource - HikariPool-15 - Shutdown initiated... 
2024-10-04T13:45:45.372 [Thread-68] INFO c.z.h.HikariDataSource - HikariPool-15 - Shutdown completed. 
2024-10-04T13:45:45.437 [restartedMain] INFO c.e.h.SeventeenApplication - Starting SeventeenApplication using Java 17.0.11 with PID 79868 (C:\factory\ws_sts4_4240\repo_seventeen\seventeen\bin\main started by User in C:\factory\ws_sts4_4240\repo_seventeen\seventeen) 
2024-10-04T13:45:45.437 [restartedMain] INFO c.e.h.SeventeenApplication - No active profile set, falling back to 1 default profile: "default" 
2024-10-04T13:45:45.632 [restartedMain] INFO o.s.b.w.e.t.TomcatWebServer - Tomcat initialized with port 8090 (http) 
2024-10-04T13:45:45.632 [restartedMain] INFO o.a.c.h.Http11NioProtocol - Initializing ProtocolHandler ["http-nio-8090"] 
2024-10-04T13:45:45.634 [restartedMain] INFO o.a.c.c.StandardService - Starting service [Tomcat] 
2024-10-04T13:45:45.634 [restartedMain] INFO o.a.c.c.StandardEngine - Starting Servlet engine: [Apache Tomcat/10.1.28] 
2024-10-04T13:45:45.644 [restartedMain] INFO o.a.c.c.C.[.[.[/] - Initializing Spring embedded WebApplicationContext 
2024-10-04T13:45:45.644 [restartedMain] INFO o.s.b.w.s.c.ServletWebServerApplicationContext - Root WebApplicationContext: initialization completed in 206 ms 
2024-10-04T13:45:45.720 [restartedMain] INFO c.z.h.HikariDataSource - HikariPool-16 - Starting... 
2024-10-04T13:45:45.735 [restartedMain] INFO c.z.h.p.HikariPool - HikariPool-16 - Added connection net.sf.log4jdbc.sql.jdbcapi.ConnectionSpy@411b30bf 
2024-10-04T13:45:45.736 [restartedMain] INFO c.z.h.HikariDataSource - HikariPool-16 - Start completed. 
2024-10-04T13:45:45.737 [restartedMain] DEBUG j.sqltiming -  com.zaxxer.hikari.pool.ProxyPreparedStatement.execute(ProxyPreparedStatement.java:44)
201. SELECT 
			ifcdSeq
			, ifcdName
			, codegroup_seq
		FROM
			code
		WHERE 1=1
			AND ifcdDelny = 0
		    AND ifcdUseNy = 1
 {executed in 1 msec} 
2024-10-04T13:45:45.839 [restartedMain] INFO o.s.b.d.a.OptionalLiveReloadServer - LiveReload server is running on port 35729 
2024-10-04T13:45:45.849 [restartedMain] INFO o.a.c.h.Http11NioProtocol - Starting ProtocolHandler ["http-nio-8090"] 
2024-10-04T13:45:45.852 [restartedMain] INFO o.s.b.w.e.t.TomcatWebServer - Tomcat started on port 8090 (http) with context path '/' 
2024-10-04T13:45:45.860 [restartedMain] INFO c.e.h.SeventeenApplication - Started SeventeenApplication in 0.444 seconds (process running for 14660.12) 
2024-10-04T13:45:45.861 [restartedMain] INFO o.s.b.d.a.ConditionEvaluationDeltaLoggingListener - Condition evaluation unchanged 
