2024-10-01T15:29:11.711 [restartedMain] INFO c.e.h.SeventeenApplication - Starting SeventeenApplication using Java 17.0.11 with PID 117648 (C:\factory\ws_sts4_4240\repo_seventeen\seventeen\bin\main started by User in C:\factory\ws_sts4_4240\repo_seventeen\seventeen) 
2024-10-01T15:29:11.712 [restartedMain] INFO c.e.h.SeventeenApplication - No active profile set, falling back to 1 default profile: "default" 
2024-10-01T15:29:13.057 [restartedMain] INFO o.s.b.w.e.t.TomcatWebServer - Tomcat initialized with port 8090 (http) 
2024-10-01T15:29:13.061 [restartedMain] INFO o.a.c.h.Http11NioProtocol - Initializing ProtocolHandler ["http-nio-8090"] 
2024-10-01T15:29:13.063 [restartedMain] INFO o.a.c.c.StandardService - Starting service [Tomcat] 
2024-10-01T15:29:13.064 [restartedMain] INFO o.a.c.c.StandardEngine - Starting Servlet engine: [Apache Tomcat/10.1.28] 
2024-10-01T15:29:13.091 [restartedMain] INFO o.a.c.c.C.[.[.[/] - Initializing Spring embedded WebApplicationContext 
2024-10-01T15:29:13.092 [restartedMain] INFO o.s.b.w.s.c.ServletWebServerApplicationContext - Root WebApplicationContext: initialization completed in 1361 ms 
2024-10-01T15:29:13.220 [restartedMain] INFO c.z.h.HikariDataSource - HikariPool-27 - Starting... 
2024-10-01T15:29:13.716 [restartedMain] INFO c.z.h.p.HikariPool - HikariPool-27 - Added connection net.sf.log4jdbc.sql.jdbcapi.ConnectionSpy@32d37be6 
2024-10-01T15:29:13.716 [restartedMain] INFO c.z.h.HikariDataSource - HikariPool-27 - Start completed. 
2024-10-01T15:29:13.741 [restartedMain] DEBUG j.sqltiming -  com.zaxxer.hikari.pool.ProxyPreparedStatement.execute(ProxyPreparedStatement.java:44)
75. SELECT 
			ifcdSeq
			, ifcdName
			, codegroup_seq
		FROM
			code
		WHERE 1=1
			AND ifcdDelny = 0
		    AND ifcdUseNy = 1
 {executed in 19 msec} 
2024-10-01T15:29:15.043 [restartedMain] INFO o.s.b.d.a.OptionalLiveReloadServer - LiveReload server is running on port 35729 
2024-10-01T15:29:15.066 [restartedMain] INFO o.a.c.h.Http11NioProtocol - Starting ProtocolHandler ["http-nio-8090"] 
2024-10-01T15:29:15.096 [restartedMain] INFO o.s.b.w.e.t.TomcatWebServer - Tomcat started on port 8090 (http) with context path '/' 
2024-10-01T15:29:15.128 [restartedMain] INFO c.e.h.SeventeenApplication - Started SeventeenApplication in 3.705 seconds (process running for 58000.802) 
2024-10-01T15:29:15.142 [restartedMain] INFO o.s.b.d.a.ConditionEvaluationDeltaLoggingListener - Condition evaluation unchanged 
2024-10-01T15:31:09.076 [http-nio-8090-exec-1] INFO o.a.c.c.C.[.[.[/] - Initializing Spring DispatcherServlet 'dispatcherServlet' 
2024-10-01T15:31:09.085 [http-nio-8090-exec-1] INFO o.s.w.s.DispatcherServlet - Initializing Servlet 'dispatcherServlet' 
2024-10-01T15:31:09.357 [http-nio-8090-exec-1] INFO o.s.w.s.DispatcherServlet - Completed initialization in 270 ms 
